kxysl1k@Kxysl1k:/mnt/SFTP-Ker1ch UwU/root/SecureJoin$ ./gradlew build --stacktrace --debug
2025-04-11T19:52:29.400+0300 [INFO] [org.gradle.internal.nativeintegration.services.NativeServices] Initialized native services in: /home/kxysl1k/.gradle/native
2025-04-11T19:52:29.424+0300 [INFO] [org.gradle.internal.nativeintegration.services.NativeServices] Initialized jansi services in: /home/kxysl1k/.gradle/native
2025-04-11T19:52:29.443+0300 [LIFECYCLE] [org.gradle.launcher.cli.DebugLoggerWarningAction]
#############################################################################
   WARNING WARNING WARNING WARNING WARNING WARNING WARNING WARNING WARNING

   Debug level logging will leak security sensitive information!

   https://docs.gradle.org/7.6/userguide/logging.html#sec:debug_security
#############################################################################

2025-04-11T19:52:29.470+0300 [INFO] [org.gradle.internal.jvm.inspection.DefaultJvmMetadataDetector] Received JVM installation metadata from '/usr/lib/jvm/jdk-17.0.14-oracle-x64': {JAVA_HOME=/usr/lib/jvm/jdk-17.0.14-oracle-x64, JAVA_VERSION=17.0.14, JAVA_VENDOR=Oracle Corporation, RUNTIME_NAME=Java(TM) SE Runtime Environment, RUNTIME_VERSION=17.0.14+8-LTS-191, VM_NAME=Java HotSpot(TM) 64-Bit Server VM, VM_VERSION=17.0.14+8-LTS-191, VM_VENDOR=Oracle Corporation, OS_ARCH=amd64}
2025-04-11T19:52:29.527+0300 [DEBUG] [org.gradle.launcher.daemon.client.DaemonClient] Executing build b7bfa456-7614-443b-8b56-ce04de11d9cc in daemon client {pid=30783}
2025-04-11T19:52:29.529+0300 [DEBUG] [org.gradle.internal.remote.internal.inet.InetAddresses] Adding IP addresses for network interface eno1
2025-04-11T19:52:29.529+0300 [DEBUG] [org.gradle.internal.remote.internal.inet.InetAddresses] Is this a loopback interface? false
2025-04-11T19:52:29.530+0300 [DEBUG] [org.gradle.internal.remote.internal.inet.InetAddresses] Adding remote address /fe80:0:0:0:127c:61ff:fe48:7cd2%eno1
2025-04-11T19:52:29.530+0300 [DEBUG] [org.gradle.internal.remote.internal.inet.InetAddresses] Adding remote address /192.168.0.106
2025-04-11T19:52:29.530+0300 [DEBUG] [org.gradle.internal.remote.internal.inet.InetAddresses] Adding IP addresses for network interface lo
2025-04-11T19:52:29.530+0300 [DEBUG] [org.gradle.internal.remote.internal.inet.InetAddresses] Is this a loopback interface? true
2025-04-11T19:52:29.530+0300 [DEBUG] [org.gradle.internal.remote.internal.inet.InetAddresses] Adding loopback address /0:0:0:0:0:0:0:1%lo
2025-04-11T19:52:29.531+0300 [DEBUG] [org.gradle.internal.remote.internal.inet.InetAddresses] Adding loopback address /127.0.0.1
2025-04-11T19:52:29.536+0300 [DEBUG] [org.gradle.cache.internal.DefaultFileLockManager] Waiting to acquire shared lock on daemon addresses registry.
2025-04-11T19:52:29.537+0300 [DEBUG] [org.gradle.cache.internal.DefaultFileLockManager] Lock acquired on daemon addresses registry.
2025-04-11T19:52:29.539+0300 [DEBUG] [org.gradle.cache.internal.DefaultFileLockManager] Releasing lock on daemon addresses registry.
2025-04-11T19:52:29.540+0300 [DEBUG] [org.gradle.internal.remote.internal.inet.TcpOutgoingConnector] Attempting to connect to [56811895-2aa4-4c10-8303-4335cece0fe3 port:41495, addresses:[/127.0.0.1]].
2025-04-11T19:52:29.540+0300 [DEBUG] [org.gradle.internal.remote.internal.inet.TcpOutgoingConnector] Trying to connect to address /127.0.0.1.
2025-04-11T19:52:29.542+0300 [DEBUG] [org.gradle.internal.remote.internal.inet.TcpOutgoingConnector] Connected to address /127.0.0.1:41495.
2025-04-11T19:52:29.553+0300 [DEBUG] [org.gradle.launcher.daemon.client.DaemonClient] Connected to daemon DaemonInfo{pid=29870, address=[56811895-2aa4-4c10-8303-4335cece0fe3 port:41495, addresses:[/127.0.0.1]], state=Idle, lastBusy=1744390321878, context=DefaultDaemonContext[uid=d2e989e5-1974-4c68-a35c-46b0b101ec4c,javaHome=/usr/lib/jvm/jdk-17.0.14-oracle-x64,daemonRegistryDir=/home/kxysl1k/.gradle/daemon,pid=29870,idleTimeout=10800000,priority=NORMAL,daemonOpts=--add-opens=java.base/java.util=ALL-UNNAMED,--add-opens=java.base/java.lang=ALL-UNNAMED,--add-opens=java.base/java.lang.invoke=ALL-UNNAMED,--add-opens=java.prefs/java.util.prefs=ALL-UNNAMED,--add-opens=java.base/java.nio.charset=ALL-UNNAMED,--add-opens=java.base/java.net=ALL-UNNAMED,--add-opens=java.base/java.util.concurrent.atomic=ALL-UNNAMED,-XX:MaxMetaspaceSize=256m,-XX:+HeapDumpOnOutOfMemoryError,-Xms256m,-Xmx512m,-Dfile.encoding=UTF-8,-Duser.country=UA,-Duser.language=uk,-Duser.variant]}. Dispatching request Build{id=b7bfa456-7614-443b-8b56-ce04de11d9cc, currentDir=/mnt/SFTP-Ker1ch UwU/root/SecureJoin}.
2025-04-11T19:52:29.553+0300 [DEBUG] [org.gradle.launcher.daemon.client.DaemonClientConnection] thread 1: dispatching class org.gradle.launcher.daemon.protocol.Build
2025-04-11T19:52:29.556+0300 [DEBUG] [org.gradle.launcher.daemon.client.DaemonClient] Received result org.gradle.launcher.daemon.protocol.BuildStarted@291a7e3c from daemon DaemonInfo{pid=29870, address=[56811895-2aa4-4c10-8303-4335cece0fe3 port:41495, addresses:[/127.0.0.1]], state=Idle, lastBusy=1744390321878, context=DefaultDaemonContext[uid=d2e989e5-1974-4c68-a35c-46b0b101ec4c,javaHome=/usr/lib/jvm/jdk-17.0.14-oracle-x64,daemonRegistryDir=/home/kxysl1k/.gradle/daemon,pid=29870,idleTimeout=10800000,priority=NORMAL,daemonOpts=--add-opens=java.base/java.util=ALL-UNNAMED,--add-opens=java.base/java.lang=ALL-UNNAMED,--add-opens=java.base/java.lang.invoke=ALL-UNNAMED,--add-opens=java.prefs/java.util.prefs=ALL-UNNAMED,--add-opens=java.base/java.nio.charset=ALL-UNNAMED,--add-opens=java.base/java.net=ALL-UNNAMED,--add-opens=java.base/java.util.concurrent.atomic=ALL-UNNAMED,-XX:MaxMetaspaceSize=256m,-XX:+HeapDumpOnOutOfMemoryError,-Xms256m,-Xmx512m,-Dfile.encoding=UTF-8,-Duser.country=UA,-Duser.language=uk,-Duser.variant]} (build should be starting).
2025-04-11T19:52:29.556+0300 [INFO] [org.gradle.launcher.daemon.server.exec.LogToClient] The client will now receive all logging from the daemon (pid: 29870). The daemon log file: /home/kxysl1k/.gradle/daemon/7.6/daemon-29870.out.log
2025-04-11T19:52:29.556+0300 [INFO] [org.gradle.launcher.daemon.server.exec.LogAndCheckHealth] Starting 4th build in daemon [uptime: 4 mins 13.247 secs, performance: 100%, non-heap usage: 21% of 256 MiB]
2025-04-11T19:52:29.556+0300 [DEBUG] [org.gradle.launcher.daemon.server.exec.ExecuteBuild] The daemon has started executing the build.
2025-04-11T19:52:29.556+0300 [DEBUG] [org.gradle.launcher.daemon.server.exec.ExecuteBuild] Executing build with daemon context: DefaultDaemonContext[uid=d2e989e5-1974-4c68-a35c-46b0b101ec4c,javaHome=/usr/lib/jvm/jdk-17.0.14-oracle-x64,daemonRegistryDir=/home/kxysl1k/.gradle/daemon,pid=29870,idleTimeout=10800000,priority=NORMAL,daemonOpts=--add-opens=java.base/java.util=ALL-UNNAMED,--add-opens=java.base/java.lang=ALL-UNNAMED,--add-opens=java.base/java.lang.invoke=ALL-UNNAMED,--add-opens=java.prefs/java.util.prefs=ALL-UNNAMED,--add-opens=java.base/java.nio.charset=ALL-UNNAMED,--add-opens=java.base/java.net=ALL-UNNAMED,--add-opens=java.base/java.util.concurrent.atomic=ALL-UNNAMED,-XX:MaxMetaspaceSize=256m,-XX:+HeapDumpOnOutOfMemoryError,-Xms256m,-Xmx512m,-Dfile.encoding=UTF-8,-Duser.country=UA,-Duser.language=uk,-Duser.variant]
2025-04-11T19:52:29.557+0300 [INFO] [org.gradle.internal.work.DefaultWorkerLeaseService] Using 12 worker leases.
2025-04-11T19:52:29.557+0300 [DEBUG] [org.gradle.internal.resources.AbstractTrackedResourceLock] Daemon worker Thread 2: acquired lock on worker lease
2025-04-11T19:52:29.557+0300 [DEBUG] [org.gradle.internal.operations.DefaultBuildOperationRunner] Build operation 'Run build' started
2025-04-11T19:52:29.560+0300 [INFO] [org.gradle.internal.watch.registry.impl.WatchableHierarchies] Not watching /mnt/SFTP-Ker1ch UwU/root/SecureJoin since the file system is not supported
2025-04-11T19:52:29.561+0300 [INFO] [org.gradle.tooling.internal.provider.FileSystemWatchingBuildActionRunner] Watching the file system is configured to be enabled if available
2025-04-11T19:52:29.561+0300 [DEBUG] [org.gradle.tooling.internal.provider.FileSystemWatchingBuildActionRunner] Watching the file system computed to be enabled if available
2025-04-11T19:52:29.561+0300 [DEBUG] [org.gradle.internal.operations.DefaultBuildOperationRunner] Build operation 'Build started for file system watching' started
2025-04-11T19:52:29.561+0300 [DEBUG] [org.gradle.internal.watch.vfs.impl.DefaultWatchableFileSystemDetector] Detected sysfs: /sys from sysfs (remote: false)
2025-04-11T19:52:29.561+0300 [DEBUG] [org.gradle.internal.watch.vfs.impl.DefaultWatchableFileSystemDetector] Detected proc: /proc from proc (remote: false)
2025-04-11T19:52:29.561+0300 [DEBUG] [org.gradle.internal.watch.vfs.impl.DefaultWatchableFileSystemDetector] Detected devtmpfs: /dev from udev (remote: false)
2025-04-11T19:52:29.561+0300 [DEBUG] [org.gradle.internal.watch.vfs.impl.DefaultWatchableFileSystemDetector] Detected devpts: /dev/pts from devpts (remote: false)
2025-04-11T19:52:29.561+0300 [DEBUG] [org.gradle.internal.watch.vfs.impl.DefaultWatchableFileSystemDetector] Detected tmpfs: /run from tmpfs (remote: false)
2025-04-11T19:52:29.561+0300 [DEBUG] [org.gradle.internal.watch.vfs.impl.DefaultWatchableFileSystemDetector] Detected ext4: / from /dev/nvme0n1p1 (remote: false)
2025-04-11T19:52:29.561+0300 [DEBUG] [org.gradle.internal.watch.vfs.impl.DefaultWatchableFileSystemDetector] Detected securityfs: /sys/kernel/security from securityfs (remote: false)
2025-04-11T19:52:29.561+0300 [DEBUG] [org.gradle.internal.watch.vfs.impl.DefaultWatchableFileSystemDetector] Detected tmpfs: /dev/shm from tmpfs (remote: false)
2025-04-11T19:52:29.561+0300 [DEBUG] [org.gradle.internal.watch.vfs.impl.DefaultWatchableFileSystemDetector] Detected tmpfs: /run/lock from tmpfs (remote: false)
2025-04-11T19:52:29.561+0300 [DEBUG] [org.gradle.internal.watch.vfs.impl.DefaultWatchableFileSystemDetector] Detected cgroup2: /sys/fs/cgroup from cgroup2 (remote: false)
2025-04-11T19:52:29.561+0300 [DEBUG] [org.gradle.internal.watch.vfs.impl.DefaultWatchableFileSystemDetector] Detected pstore: /sys/fs/pstore from pstore (remote: false)
2025-04-11T19:52:29.561+0300 [DEBUG] [org.gradle.internal.watch.vfs.impl.DefaultWatchableFileSystemDetector] Detected efivarfs: /sys/firmware/efi/efivars from efivarfs (remote: false)
2025-04-11T19:52:29.561+0300 [DEBUG] [org.gradle.internal.watch.vfs.impl.DefaultWatchableFileSystemDetector] Detected bpf: /sys/fs/bpf from bpf (remote: false)
2025-04-11T19:52:29.562+0300 [DEBUG] [org.gradle.internal.watch.vfs.impl.DefaultWatchableFileSystemDetector] Detected autofs: /proc/sys/fs/binfmt_misc from systemd-1 (remote: false)
2025-04-11T19:52:29.562+0300 [DEBUG] [org.gradle.internal.watch.vfs.impl.DefaultWatchableFileSystemDetector] Detected debugfs: /sys/kernel/debug from debugfs (remote: false)
2025-04-11T19:52:29.562+0300 [DEBUG] [org.gradle.internal.watch.vfs.impl.DefaultWatchableFileSystemDetector] Detected mqueue: /dev/mqueue from mqueue (remote: false)
2025-04-11T19:52:29.562+0300 [DEBUG] [org.gradle.internal.watch.vfs.impl.DefaultWatchableFileSystemDetector] Detected hugetlbfs: /dev/hugepages from hugetlbfs (remote: false)
2025-04-11T19:52:29.562+0300 [DEBUG] [org.gradle.internal.watch.vfs.impl.DefaultWatchableFileSystemDetector] Detected tracefs: /sys/kernel/tracing from tracefs (remote: false)
2025-04-11T19:52:29.562+0300 [DEBUG] [org.gradle.internal.watch.vfs.impl.DefaultWatchableFileSystemDetector] Detected fusectl: /sys/fs/fuse/connections from fusectl (remote: false)
2025-04-11T19:52:29.562+0300 [DEBUG] [org.gradle.internal.watch.vfs.impl.DefaultWatchableFileSystemDetector] Detected configfs: /sys/kernel/config from configfs (remote: false)
2025-04-11T19:52:29.562+0300 [DEBUG] [org.gradle.internal.watch.vfs.impl.DefaultWatchableFileSystemDetector] Detected squashfs: /snap/bare/5 from /dev/loop0 (remote: false)
2025-04-11T19:52:29.562+0300 [DEBUG] [org.gradle.internal.watch.vfs.impl.DefaultWatchableFileSystemDetector] Detected squashfs: /snap/canonical-livepatch/286 from /dev/loop1 (remote: false)
2025-04-11T19:52:29.562+0300 [DEBUG] [org.gradle.internal.watch.vfs.impl.DefaultWatchableFileSystemDetector] Detected squashfs: /snap/core/17200 from /dev/loop2 (remote: false)
2025-04-11T19:52:29.562+0300 [DEBUG] [org.gradle.internal.watch.vfs.impl.DefaultWatchableFileSystemDetector] Detected squashfs: /snap/core18/2855 from /dev/loop3 (remote: false)
2025-04-11T19:52:29.562+0300 [DEBUG] [org.gradle.internal.watch.vfs.impl.DefaultWatchableFileSystemDetector] Detected squashfs: /snap/core20/2496 from /dev/loop4 (remote: false)
2025-04-11T19:52:29.562+0300 [DEBUG] [org.gradle.internal.watch.vfs.impl.DefaultWatchableFileSystemDetector] Detected squashfs: /snap/core22/1802 from /dev/loop5 (remote: false)
2025-04-11T19:52:29.562+0300 [DEBUG] [org.gradle.internal.watch.vfs.impl.DefaultWatchableFileSystemDetector] Detected squashfs: /snap/core22/1908 from /dev/loop6 (remote: false)
2025-04-11T19:52:29.562+0300 [DEBUG] [org.gradle.internal.watch.vfs.impl.DefaultWatchableFileSystemDetector] Detected squashfs: /snap/core24/739 from /dev/loop7 (remote: false)
2025-04-11T19:52:29.562+0300 [DEBUG] [org.gradle.internal.watch.vfs.impl.DefaultWatchableFileSystemDetector] Detected squashfs: /snap/firefox/5987 from /dev/loop8 (remote: false)
2025-04-11T19:52:29.562+0300 [DEBUG] [org.gradle.internal.watch.vfs.impl.DefaultWatchableFileSystemDetector] Detected squashfs: /snap/firmware-updater/127 from /dev/loop10 (remote: false)
2025-04-11T19:52:29.562+0300 [DEBUG] [org.gradle.internal.watch.vfs.impl.DefaultWatchableFileSystemDetector] Detected squashfs: /snap/firefox/6019 from /dev/loop9 (remote: false)
2025-04-11T19:52:29.562+0300 [DEBUG] [org.gradle.internal.watch.vfs.impl.DefaultWatchableFileSystemDetector] Detected squashfs: /snap/firmware-updater/167 from /dev/loop11 (remote: false)
2025-04-11T19:52:29.562+0300 [DEBUG] [org.gradle.internal.watch.vfs.impl.DefaultWatchableFileSystemDetector] Detected squashfs: /snap/gnome-3-38-2004/143 from /dev/loop13 (remote: false)
2025-04-11T19:52:29.562+0300 [DEBUG] [org.gradle.internal.watch.vfs.impl.DefaultWatchableFileSystemDetector] Detected squashfs: /snap/gnome-3-28-1804/198 from /dev/loop12 (remote: false)
2025-04-11T19:52:29.562+0300 [DEBUG] [org.gradle.internal.watch.vfs.impl.DefaultWatchableFileSystemDetector] Detected squashfs: /snap/gnome-42-2204/176 from /dev/loop14 (remote: false)
2025-04-11T19:52:29.562+0300 [DEBUG] [org.gradle.internal.watch.vfs.impl.DefaultWatchableFileSystemDetector] Detected squashfs: /snap/gnome-42-2204/202 from /dev/loop15 (remote: false)
2025-04-11T19:52:29.562+0300 [DEBUG] [org.gradle.internal.watch.vfs.impl.DefaultWatchableFileSystemDetector] Detected squashfs: /snap/gtk-common-themes/1535 from /dev/loop16 (remote: false)
2025-04-11T19:52:29.562+0300 [DEBUG] [org.gradle.internal.watch.vfs.impl.DefaultWatchableFileSystemDetector] Detected squashfs: /snap/intellij-idea-community/588 from /dev/loop17 (remote: false)
2025-04-11T19:52:29.562+0300 [DEBUG] [org.gradle.internal.watch.vfs.impl.DefaultWatchableFileSystemDetector] Detected squashfs: /snap/pycharm-community/465 from /dev/loop19 (remote: false)
2025-04-11T19:52:29.562+0300 [DEBUG] [org.gradle.internal.watch.vfs.impl.DefaultWatchableFileSystemDetector] Detected squashfs: /snap/kotlin/88 from /dev/loop18 (remote: false)
2025-04-11T19:52:29.562+0300 [DEBUG] [org.gradle.internal.watch.vfs.impl.DefaultWatchableFileSystemDetector] Detected squashfs: /snap/rustrover/74 from /dev/loop20 (remote: false)
2025-04-11T19:52:29.562+0300 [DEBUG] [org.gradle.internal.watch.vfs.impl.DefaultWatchableFileSystemDetector] Detected squashfs: /snap/snap-store/1173 from /dev/loop21 (remote: false)
2025-04-11T19:52:29.562+0300 [DEBUG] [org.gradle.internal.watch.vfs.impl.DefaultWatchableFileSystemDetector] Detected squashfs: /snap/snap-store/1248 from /dev/loop22 (remote: false)
2025-04-11T19:52:29.562+0300 [DEBUG] [org.gradle.internal.watch.vfs.impl.DefaultWatchableFileSystemDetector] Detected squashfs: /snap/snapd/21759 from /dev/loop23 (remote: false)
2025-04-11T19:52:29.562+0300 [DEBUG] [org.gradle.internal.watch.vfs.impl.DefaultWatchableFileSystemDetector] Detected squashfs: /snap/snapd/23771 from /dev/loop24 (remote: false)
2025-04-11T19:52:29.562+0300 [DEBUG] [org.gradle.internal.watch.vfs.impl.DefaultWatchableFileSystemDetector] Detected squashfs: /snap/snapd-desktop-integration/178 from /dev/loop25 (remote: false)
2025-04-11T19:52:29.562+0300 [DEBUG] [org.gradle.internal.watch.vfs.impl.DefaultWatchableFileSystemDetector] Detected squashfs: /snap/snapd-desktop-integration/253 from /dev/loop26 (remote: false)
2025-04-11T19:52:29.562+0300 [DEBUG] [org.gradle.internal.watch.vfs.impl.DefaultWatchableFileSystemDetector] Detected squashfs: /snap/telegram-desktop/6597 from /dev/loop27 (remote: false)
2025-04-11T19:52:29.562+0300 [DEBUG] [org.gradle.internal.watch.vfs.impl.DefaultWatchableFileSystemDetector] Detected squashfs: /snap/termius-app/219 from /dev/loop28 (remote: false)
2025-04-11T19:52:29.562+0300 [DEBUG] [org.gradle.internal.watch.vfs.impl.DefaultWatchableFileSystemDetector] Detected squashfs: /snap/termius-app/220 from /dev/loop29 (remote: false)
2025-04-11T19:52:29.562+0300 [DEBUG] [org.gradle.internal.watch.vfs.impl.DefaultWatchableFileSystemDetector] Detected squashfs: /snap/thunderbird/702 from /dev/loop31 (remote: false)
2025-04-11T19:52:29.562+0300 [DEBUG] [org.gradle.internal.watch.vfs.impl.DefaultWatchableFileSystemDetector] Detected squashfs: /snap/webstorm/451 from /dev/loop32 (remote: false)
2025-04-11T19:52:29.562+0300 [DEBUG] [org.gradle.internal.watch.vfs.impl.DefaultWatchableFileSystemDetector] Detected vfat: /boot/efi from /dev/nvme0n1p2 (remote: false)
2025-04-11T19:52:29.562+0300 [DEBUG] [org.gradle.internal.watch.vfs.impl.DefaultWatchableFileSystemDetector] Detected binfmt_misc: /proc/sys/fs/binfmt_misc from binfmt_misc (remote: false)
2025-04-11T19:52:29.562+0300 [DEBUG] [org.gradle.internal.watch.vfs.impl.DefaultWatchableFileSystemDetector] Detected tmpfs: /run/snapd/ns from tmpfs (remote: false)
2025-04-11T19:52:29.562+0300 [DEBUG] [org.gradle.internal.watch.vfs.impl.DefaultWatchableFileSystemDetector] Detected nsfs: /run/snapd/ns/canonical-livepatch.mnt from nsfs (remote: false)
2025-04-11T19:52:29.563+0300 [DEBUG] [org.gradle.internal.watch.vfs.impl.DefaultWatchableFileSystemDetector] Detected fuseblk: /mnt from /dev/sda1 (remote: false)
2025-04-11T19:52:29.563+0300 [DEBUG] [org.gradle.internal.watch.vfs.impl.DefaultWatchableFileSystemDetector] Detected nsfs: /run/snapd/ns/snapd-desktop-integration.mnt from nsfs (remote: false)
2025-04-11T19:52:29.563+0300 [DEBUG] [org.gradle.internal.watch.vfs.impl.DefaultWatchableFileSystemDetector] Detected tmpfs: /run/user/1000 from tmpfs (remote: false)
2025-04-11T19:52:29.563+0300 [DEBUG] [org.gradle.internal.watch.vfs.impl.DefaultWatchableFileSystemDetector] Detected fuse.portal: /run/user/1000/doc from portal (remote: false)
2025-04-11T19:52:29.563+0300 [DEBUG] [org.gradle.internal.watch.vfs.impl.DefaultWatchableFileSystemDetector] Detected fuse.gvfsd-fuse: /run/user/1000/gvfs from gvfsd-fuse (remote: false)
2025-04-11T19:52:29.563+0300 [DEBUG] [org.gradle.internal.watch.vfs.impl.DefaultWatchableFileSystemDetector] Detected squashfs: /snap/thunderbird/706 from /dev/loop33 (remote: false)
2025-04-11T19:52:29.563+0300 [DEBUG] [org.gradle.internal.watch.vfs.impl.DefaultWatchableFileSystemDetector] Detected nsfs: /run/snapd/ns/thunderbird.mnt from nsfs (remote: false)
2025-04-11T19:52:29.563+0300 [DEBUG] [org.gradle.internal.watch.vfs.impl.DefaultWatchableFileSystemDetector] Detected squashfs: /snap/rustrover/84 from /dev/loop30 (remote: false)
2025-04-11T19:52:29.563+0300 [DEBUG] [org.gradle.internal.operations.DefaultBuildOperationRunner] Completing Build operation 'Build started for file system watching'
2025-04-11T19:52:29.563+0300 [DEBUG] [org.gradle.internal.operations.DefaultBuildOperationRunner] Build operation 'Build started for file system watching' completed
2025-04-11T19:52:29.563+0300 [INFO] [org.gradle.tooling.internal.provider.FileSystemWatchingBuildActionRunner] File system watching is active
2025-04-11T19:52:29.563+0300 [DEBUG] [org.gradle.internal.operations.DefaultBuildOperationRunner] Build operation 'Load build' started
2025-04-11T19:52:29.564+0300 [DEBUG] [org.gradle.initialization.DefaultGradlePropertiesLoader] Found env project properties: []
2025-04-11T19:52:29.564+0300 [DEBUG] [org.gradle.initialization.DefaultGradlePropertiesLoader] Found system project properties: []
2025-04-11T19:52:29.564+0300 [DEBUG] [org.gradle.internal.operations.DefaultBuildOperationRunner] Build operation 'Evaluate settings' started
2025-04-11T19:52:29.565+0300 [DEBUG] [org.gradle.cache.internal.DefaultCacheAccess] Creating new cache for workingDirs, path /mnt/SFTP-Ker1ch UwU/root/SecureJoin/.gradle/7.6/vcsMetadata/workingDirs.bin, access org.gradle.cache.internal.DefaultCacheAccess@c895efa
2025-04-11T19:52:29.566+0300 [DEBUG] [org.gradle.cache.internal.DefaultCacheAccess] Creating new cache for md5-checksums, path /mnt/SFTP-Ker1ch UwU/root/SecureJoin/.gradle/7.6/checksums/md5-checksums.bin, access org.gradle.cache.internal.DefaultCacheAccess@2197d61c
2025-04-11T19:52:29.566+0300 [DEBUG] [org.gradle.cache.internal.LockOnDemandCrossProcessCacheAccess] Acquiring file lock for checksums cache (/mnt/SFTP-Ker1ch UwU/root/SecureJoin/.gradle/7.6/checksums)
2025-04-11T19:52:29.566+0300 [DEBUG] [org.gradle.cache.internal.DefaultFileLockManager] Waiting to acquire exclusive lock on checksums cache (/mnt/SFTP-Ker1ch UwU/root/SecureJoin/.gradle/7.6/checksums).
2025-04-11T19:52:29.567+0300 [DEBUG] [org.gradle.cache.internal.DefaultFileLockManager] Lock acquired on checksums cache (/mnt/SFTP-Ker1ch UwU/root/SecureJoin/.gradle/7.6/checksums).
2025-04-11T19:52:29.567+0300 [DEBUG] [org.gradle.cache.internal.DefaultCacheAccess] Creating new cache for sha1-checksums, path /mnt/SFTP-Ker1ch UwU/root/SecureJoin/.gradle/7.6/checksums/sha1-checksums.bin, access org.gradle.cache.internal.DefaultCacheAccess@2197d61c
2025-04-11T19:52:29.567+0300 [DEBUG] [org.gradle.cache.internal.DefaultCacheAccess] Creating new cache for sha256-checksums, path /mnt/SFTP-Ker1ch UwU/root/SecureJoin/.gradle/7.6/checksums/sha256-checksums.bin, access org.gradle.cache.internal.DefaultCacheAccess@2197d61c
2025-04-11T19:52:29.567+0300 [DEBUG] [org.gradle.cache.internal.DefaultCacheAccess] Creating new cache for sha512-checksums, path /mnt/SFTP-Ker1ch UwU/root/SecureJoin/.gradle/7.6/checksums/sha512-checksums.bin, access org.gradle.cache.internal.DefaultCacheAccess@2197d61c
2025-04-11T19:52:29.567+0300 [DEBUG] [org.gradle.cache.internal.DefaultCacheAccess] Creating new cache for md-rule, path /home/kxysl1k/.gradle/caches/7.6/md-rule/md-rule.bin, access org.gradle.cache.internal.DefaultCacheAccess@459b5628
2025-04-11T19:52:29.567+0300 [DEBUG] [org.gradle.cache.internal.LockOnDemandCrossProcessCacheAccess] Acquiring file lock for cache directory md-rule (/home/kxysl1k/.gradle/caches/7.6/md-rule)
2025-04-11T19:52:29.568+0300 [DEBUG] [org.gradle.cache.internal.DefaultFileLockManager] Waiting to acquire exclusive lock on cache directory md-rule (/home/kxysl1k/.gradle/caches/7.6/md-rule).
2025-04-11T19:52:29.568+0300 [DEBUG] [org.gradle.cache.internal.DefaultFileLockManager] Lock acquired on cache directory md-rule (/home/kxysl1k/.gradle/caches/7.6/md-rule).
2025-04-11T19:52:29.568+0300 [DEBUG] [org.gradle.internal.locking.LockFileReaderWriter] Lockfiles root: /mnt/SFTP-Ker1ch UwU/root/SecureJoin/gradle/dependency-locks
2025-04-11T19:52:29.568+0300 [DEBUG] [org.gradle.cache.internal.DefaultCacheAccess] Creating new cache for fileHashes, path /mnt/SFTP-Ker1ch UwU/root/SecureJoin/.gradle/7.6/fileHashes/fileHashes.bin, access org.gradle.cache.internal.DefaultCacheAccess@3f42b0e9
2025-04-11T19:52:29.569+0300 [DEBUG] [org.gradle.cache.internal.LockOnDemandCrossProcessCacheAccess] Acquiring file lock for file hash cache (/mnt/SFTP-Ker1ch UwU/root/SecureJoin/.gradle/7.6/fileHashes)
2025-04-11T19:52:29.569+0300 [DEBUG] [org.gradle.cache.internal.DefaultFileLockManager] Waiting to acquire exclusive lock on file hash cache (/mnt/SFTP-Ker1ch UwU/root/SecureJoin/.gradle/7.6/fileHashes).
2025-04-11T19:52:29.569+0300 [DEBUG] [org.gradle.cache.internal.DefaultFileLockManager] Lock acquired on file hash cache (/mnt/SFTP-Ker1ch UwU/root/SecureJoin/.gradle/7.6/fileHashes).
2025-04-11T19:52:29.569+0300 [DEBUG] [org.gradle.cache.internal.DefaultCacheAccess] Creating new cache for md-supplier, path /home/kxysl1k/.gradle/caches/7.6/md-supplier/md-supplier.bin, access org.gradle.cache.internal.DefaultCacheAccess@5534a74a
2025-04-11T19:52:29.570+0300 [DEBUG] [org.gradle.cache.internal.LockOnDemandCrossProcessCacheAccess] Acquiring file lock for cache directory md-supplier (/home/kxysl1k/.gradle/caches/7.6/md-supplier)
2025-04-11T19:52:29.570+0300 [DEBUG] [org.gradle.cache.internal.DefaultFileLockManager] Waiting to acquire exclusive lock on cache directory md-supplier (/home/kxysl1k/.gradle/caches/7.6/md-supplier).
2025-04-11T19:52:29.570+0300 [DEBUG] [org.gradle.cache.internal.DefaultFileLockManager] Lock acquired on cache directory md-supplier (/home/kxysl1k/.gradle/caches/7.6/md-supplier).
2025-04-11T19:52:29.570+0300 [DEBUG] [org.gradle.api.internal.artifacts.mvnsettings.DefaultLocalMavenRepositoryLocator] No local repository in Settings file defined. Using default path: /home/kxysl1k/.m2/repository
2025-04-11T19:52:29.570+0300 [DEBUG] [org.gradle.cache.internal.DefaultCacheAccess] Creating new cache for resourceHashesCache, path /mnt/SFTP-Ker1ch UwU/root/SecureJoin/.gradle/7.6/fileHashes/resourceHashesCache.bin, access org.gradle.cache.internal.DefaultCacheAccess@3f42b0e9
2025-04-11T19:52:29.571+0300 [INFO] [org.gradle.internal.buildevents.BuildLogger] Starting Build
2025-04-11T19:52:29.571+0300 [DEBUG] [org.gradle.internal.buildevents.BuildLogger] Gradle user home: /home/kxysl1k/.gradle
2025-04-11T19:52:29.571+0300 [DEBUG] [org.gradle.internal.buildevents.BuildLogger] Current dir: /mnt/SFTP-Ker1ch UwU/root/SecureJoin
2025-04-11T19:52:29.571+0300 [DEBUG] [org.gradle.internal.buildevents.BuildLogger] Settings file: null
2025-04-11T19:52:29.571+0300 [DEBUG] [org.gradle.internal.buildevents.BuildLogger] Build file: null
2025-04-11T19:52:29.572+0300 [DEBUG] [org.gradle.internal.operations.DefaultBuildOperationRunner] Build operation 'Apply settings file 'settings.gradle' to settings 'SecureJoin'' started
2025-04-11T19:52:29.572+0300 [DEBUG] [org.gradle.internal.operations.DefaultBuildOperationRunner] Completing Build operation 'Apply settings file 'settings.gradle' to settings 'SecureJoin''
2025-04-11T19:52:29.572+0300 [DEBUG] [org.gradle.internal.operations.DefaultBuildOperationRunner] Build operation 'Apply settings file 'settings.gradle' to settings 'SecureJoin'' completed
2025-04-11T19:52:29.572+0300 [DEBUG] [org.gradle.initialization.ScriptEvaluatingSettingsProcessor] Timing: Processing settings took: 0.008 secs
2025-04-11T19:52:29.573+0300 [INFO] [org.gradle.internal.buildevents.BuildLogger] Settings evaluated using settings file '/mnt/SFTP-Ker1ch UwU/root/SecureJoin/settings.gradle'.
2025-04-11T19:52:29.573+0300 [DEBUG] [org.gradle.caching.configuration.internal.DefaultBuildCacheConfiguration] Found class org.gradle.caching.local.internal.DirectoryBuildCacheServiceFactory registered for class org.gradle.caching.local.DirectoryBuildCache
2025-04-11T19:52:29.573+0300 [DEBUG] [org.gradle.internal.operations.DefaultBuildOperationRunner] Build operation 'Finalize build cache configuration' started
2025-04-11T19:52:29.573+0300 [DEBUG] [org.gradle.internal.operations.DefaultBuildOperationRunner] Completing Build operation 'Finalize build cache configuration'
2025-04-11T19:52:29.573+0300 [DEBUG] [org.gradle.internal.operations.DefaultBuildOperationRunner] Build operation 'Finalize build cache configuration' completed
2025-04-11T19:52:29.573+0300 [DEBUG] [org.gradle.internal.operations.DefaultBuildOperationRunner] Completing Build operation 'Evaluate settings'
2025-04-11T19:52:29.573+0300 [DEBUG] [org.gradle.internal.operations.DefaultBuildOperationRunner] Build operation 'Evaluate settings' completed
2025-04-11T19:52:29.573+0300 [DEBUG] [org.gradle.internal.operations.DefaultBuildOperationRunner] Completing Build operation 'Load build'
2025-04-11T19:52:29.573+0300 [DEBUG] [org.gradle.internal.operations.DefaultBuildOperationRunner] Build operation 'Load build' completed
2025-04-11T19:52:29.573+0300 [DEBUG] [org.gradle.internal.operations.DefaultBuildOperationRunner] Build operation 'Configure build' started
2025-04-11T19:52:29.574+0300 [DEBUG] [org.gradle.cache.internal.DefaultCacheAccess] Creating new cache for executionHistory, path /mnt/SFTP-Ker1ch UwU/root/SecureJoin/.gradle/7.6/dependencies-accessors/executionHistory.bin, access org.gradle.cache.internal.DefaultCacheAccess@6c81536b
2025-04-11T19:52:29.574+0300 [DEBUG] [org.gradle.cache.internal.LockOnDemandCrossProcessCacheAccess] Acquiring file lock for dependencies-accessors (/mnt/SFTP-Ker1ch UwU/root/SecureJoin/.gradle/7.6/dependencies-accessors)
2025-04-11T19:52:29.574+0300 [DEBUG] [org.gradle.cache.internal.DefaultFileLockManager] Waiting to acquire exclusive lock on dependencies-accessors (/mnt/SFTP-Ker1ch UwU/root/SecureJoin/.gradle/7.6/dependencies-accessors).
2025-04-11T19:52:29.574+0300 [DEBUG] [org.gradle.cache.internal.DefaultFileLockManager] Lock acquired on dependencies-accessors (/mnt/SFTP-Ker1ch UwU/root/SecureJoin/.gradle/7.6/dependencies-accessors).
2025-04-11T19:52:29.575+0300 [DEBUG] [org.gradle.internal.operations.DefaultBuildOperationRunner] Build operation 'Load projects' started
2025-04-11T19:52:29.575+0300 [DEBUG] [org.gradle.initialization.ProjectPropertySettingBuildLoader] Looking for project properties from: /mnt/SFTP-Ker1ch UwU/root/SecureJoin/gradle.properties
2025-04-11T19:52:29.576+0300 [DEBUG] [org.gradle.initialization.ProjectPropertySettingBuildLoader] Adding project properties (if not overwritten by user properties): []
2025-04-11T19:52:29.576+0300 [DEBUG] [org.gradle.internal.operations.DefaultBuildOperationRunner] Completing Build operation 'Load projects'
2025-04-11T19:52:29.576+0300 [DEBUG] [org.gradle.internal.operations.DefaultBuildOperationRunner] Build operation 'Load projects' completed
2025-04-11T19:52:29.576+0300 [DEBUG] [org.gradle.internal.operations.DefaultBuildOperationRunner] Build operation 'Notify projectsLoaded listeners' started
2025-04-11T19:52:29.576+0300 [INFO] [org.gradle.internal.buildevents.BuildLogger] Projects loaded. Root project using build file '/mnt/SFTP-Ker1ch UwU/root/SecureJoin/build.gradle'.
2025-04-11T19:52:29.576+0300 [INFO] [org.gradle.internal.buildevents.BuildLogger] Included projects: [root project 'SecureJoin']
2025-04-11T19:52:29.576+0300 [DEBUG] [org.gradle.internal.operations.DefaultBuildOperationRunner] Completing Build operation 'Notify projectsLoaded listeners'
2025-04-11T19:52:29.576+0300 [DEBUG] [org.gradle.internal.operations.DefaultBuildOperationRunner] Build operation 'Notify projectsLoaded listeners' completed
2025-04-11T19:52:29.576+0300 [DEBUG] [org.gradle.internal.operations.DefaultBuildOperationRunner] Build operation 'Configure project :' started
2025-04-11T19:52:29.576+0300 [DEBUG] [org.gradle.internal.operations.DefaultBuildOperationRunner] Build operation 'Notify beforeEvaluate listeners of :' started
2025-04-11T19:52:29.577+0300 [DEBUG] [org.gradle.internal.operations.DefaultBuildOperationRunner] Completing Build operation 'Notify beforeEvaluate listeners of :'
2025-04-11T19:52:29.577+0300 [DEBUG] [org.gradle.internal.operations.DefaultBuildOperationRunner] Build operation 'Apply plugin org.gradle.help-tasks to root project 'SecureJoin'' started
2025-04-11T19:52:29.578+0300 [DEBUG] [org.gradle.internal.operations.DefaultBuildOperationRunner] Build operation 'Register task :help' started
2025-04-11T19:52:29.578+0300 [DEBUG] [org.gradle.internal.operations.DefaultBuildOperationRunner] Completing Build operation 'Register task :help'
2025-04-11T19:52:29.578+0300 [DEBUG] [org.gradle.internal.operations.DefaultBuildOperationRunner] Build operation 'Register task :projects' started
2025-04-11T19:52:29.578+0300 [DEBUG] [org.gradle.internal.operations.DefaultBuildOperationRunner] Completing Build operation 'Register task :projects'
2025-04-11T19:52:29.578+0300 [DEBUG] [org.gradle.internal.operations.DefaultBuildOperationRunner] Build operation 'Register task :tasks' started
2025-04-11T19:52:29.578+0300 [DEBUG] [org.gradle.internal.operations.DefaultBuildOperationRunner] Completing Build operation 'Register task :tasks'
2025-04-11T19:52:29.578+0300 [DEBUG] [org.gradle.internal.operations.DefaultBuildOperationRunner] Build operation 'Register task :properties' started
2025-04-11T19:52:29.578+0300 [DEBUG] [org.gradle.internal.operations.DefaultBuildOperationRunner] Completing Build operation 'Register task :properties'
2025-04-11T19:52:29.578+0300 [DEBUG] [org.gradle.internal.operations.DefaultBuildOperationRunner] Build operation 'Register task :dependencyInsight' started
2025-04-11T19:52:29.578+0300 [DEBUG] [org.gradle.internal.operations.DefaultBuildOperationRunner] Completing Build operation 'Register task :dependencyInsight'
2025-04-11T19:52:29.578+0300 [DEBUG] [org.gradle.internal.operations.DefaultBuildOperationRunner] Build operation 'Register task :dependencies' started
2025-04-11T19:52:29.578+0300 [DEBUG] [org.gradle.internal.operations.DefaultBuildOperationRunner] Completing Build operation 'Register task :dependencies'
2025-04-11T19:52:29.578+0300 [DEBUG] [org.gradle.internal.operations.DefaultBuildOperationRunner] Build operation 'Register task :buildEnvironment' started
2025-04-11T19:52:29.578+0300 [DEBUG] [org.gradle.internal.operations.DefaultBuildOperationRunner] Completing Build operation 'Register task :buildEnvironment'
2025-04-11T19:52:29.578+0300 [DEBUG] [org.gradle.internal.operations.DefaultBuildOperationRunner] Build operation 'Register task :components' started
2025-04-11T19:52:29.578+0300 [DEBUG] [org.gradle.internal.operations.DefaultBuildOperationRunner] Completing Build operation 'Register task :components'
2025-04-11T19:52:29.579+0300 [DEBUG] [org.gradle.internal.operations.DefaultBuildOperationRunner] Build operation 'Register task :model' started
2025-04-11T19:52:29.579+0300 [DEBUG] [org.gradle.internal.operations.DefaultBuildOperationRunner] Completing Build operation 'Register task :model'
2025-04-11T19:52:29.579+0300 [DEBUG] [org.gradle.internal.operations.DefaultBuildOperationRunner] Build operation 'Register task :dependentComponents' started
2025-04-11T19:52:29.579+0300 [DEBUG] [org.gradle.internal.operations.DefaultBuildOperationRunner] Completing Build operation 'Register task :dependentComponents'
2025-04-11T19:52:29.579+0300 [DEBUG] [org.gradle.internal.operations.DefaultBuildOperationRunner] Build operation 'Register task :outgoingVariants' started
2025-04-11T19:52:29.579+0300 [DEBUG] [org.gradle.internal.operations.DefaultBuildOperationRunner] Completing Build operation 'Register task :outgoingVariants'
2025-04-11T19:52:29.579+0300 [DEBUG] [org.gradle.internal.operations.DefaultBuildOperationRunner] Build operation 'Register task :resolvableConfigurations' started
2025-04-11T19:52:29.579+0300 [DEBUG] [org.gradle.internal.operations.DefaultBuildOperationRunner] Completing Build operation 'Register task :resolvableConfigurations'
2025-04-11T19:52:29.579+0300 [DEBUG] [org.gradle.internal.operations.DefaultBuildOperationRunner] Completing Build operation 'Apply plugin org.gradle.help-tasks to root project 'SecureJoin''
2025-04-11T19:52:29.579+0300 [DEBUG] [org.gradle.internal.operations.DefaultBuildOperationRunner] Build operation 'Register task :javaToolchains' started
2025-04-11T19:52:29.579+0300 [DEBUG] [org.gradle.internal.operations.DefaultBuildOperationRunner] Completing Build operation 'Register task :javaToolchains'
2025-04-11T19:52:29.579+0300 [DEBUG] [org.gradle.internal.operations.DefaultBuildOperationRunner] Build operation 'Register task :prepareKotlinBuildScriptModel' started
2025-04-11T19:52:29.579+0300 [DEBUG] [org.gradle.internal.operations.DefaultBuildOperationRunner] Completing Build operation 'Register task :prepareKotlinBuildScriptModel'
2025-04-11T19:52:29.580+0300 [DEBUG] [org.gradle.internal.operations.DefaultBuildOperationRunner] Build operation 'Apply plugin org.gradle.build-init to root project 'SecureJoin'' started
2025-04-11T19:52:29.580+0300 [DEBUG] [org.gradle.internal.operations.DefaultBuildOperationRunner] Build operation 'Register task :init' started
2025-04-11T19:52:29.580+0300 [DEBUG] [org.gradle.internal.operations.DefaultBuildOperationRunner] Completing Build operation 'Register task :init'
2025-04-11T19:52:29.580+0300 [DEBUG] [org.gradle.internal.operations.DefaultBuildOperationRunner] Completing Build operation 'Apply plugin org.gradle.build-init to root project 'SecureJoin''
2025-04-11T19:52:29.580+0300 [DEBUG] [org.gradle.internal.operations.DefaultBuildOperationRunner] Build operation 'Apply plugin org.gradle.wrapper to root project 'SecureJoin'' started
2025-04-11T19:52:29.580+0300 [DEBUG] [org.gradle.internal.operations.DefaultBuildOperationRunner] Build operation 'Register task :wrapper' started
2025-04-11T19:52:29.580+0300 [DEBUG] [org.gradle.internal.operations.DefaultBuildOperationRunner] Completing Build operation 'Register task :wrapper'
2025-04-11T19:52:29.581+0300 [DEBUG] [org.gradle.internal.operations.DefaultBuildOperationRunner] Completing Build operation 'Apply plugin org.gradle.wrapper to root project 'SecureJoin''
2025-04-11T19:52:29.582+0300 [DEBUG] [org.gradle.internal.operations.DefaultBuildOperationRunner] Build operation 'Apply build file 'build.gradle' to root project 'SecureJoin'' started
2025-04-11T19:52:29.584+0300 [DEBUG] [org.gradle.internal.operations.DefaultBuildOperationRunner] Build operation 'Resolve dependencies of detachedConfiguration1' started
2025-04-11T19:52:29.588+0300 [DEBUG] [org.gradle.internal.operations.DefaultBuildOperationRunner] Completing Build operation 'Resolve dependencies of detachedConfiguration1'
2025-04-11T19:52:29.595+0300 [DEBUG] [org.gradle.internal.operations.DefaultBuildOperationRunner] Build operation 'Resolve dependencies of :classpath' started
2025-04-11T19:52:29.608+0300 [DEBUG] [org.gradle.internal.operations.DefaultBuildOperationRunner] Completing Build operation 'Resolve dependencies of :classpath'
2025-04-11T19:52:29.609+0300 [DEBUG] [org.gradle.internal.operations.DefaultBuildOperationRunner] Build operation 'Resolve files of :classpath' started
2025-04-11T19:52:29.610+0300 [DEBUG] [org.gradle.internal.operations.DefaultBuildOperationRunner] Build operation 'Resolve run-task-2.3.1.jar (xyz.jpenilla:run-task:2.3.1)' started
2025-04-11T19:52:29.610+0300 [DEBUG] [org.gradle.internal.resources.AbstractTrackedResourceLock] Unconstrained build operations Thread 2: acquired lock on worker lease
2025-04-11T19:52:29.610+0300 [DEBUG] [org.gradle.internal.resources.AbstractTrackedResourceLock] Unconstrained build operations Thread 7: acquired lock on worker lease
2025-04-11T19:52:29.610+0300 [DEBUG] [org.gradle.internal.operations.DefaultBuildOperationRunner] Build operation 'Resolve jackson-annotations-2.17.2.jar (com.fasterxml.jackson.core:jackson-annotations:2.17.2)' started
2025-04-11T19:52:29.610+0300 [DEBUG] [org.gradle.internal.resources.AbstractTrackedResourceLock] Unconstrained build operations Thread 6: acquired lock on worker lease
2025-04-11T19:52:29.610+0300 [DEBUG] [org.gradle.internal.operations.DefaultBuildOperationRunner] Build operation 'Resolve annotations-13.0.jar (org.jetbrains:annotations:13.0)' started
2025-04-11T19:52:29.610+0300 [DEBUG] [org.gradle.internal.operations.DefaultBuildOperationRunner] Build operation 'Resolve kotlin-stdlib-common-1.7.22.jar (org.jetbrains.kotlin:kotlin-stdlib-common:1.7.22)' started
2025-04-11T19:52:29.610+0300 [DEBUG] [org.gradle.internal.resources.AbstractTrackedResourceLock] Unconstrained build operations Thread 4: acquired lock on worker lease
2025-04-11T19:52:29.611+0300 [DEBUG] [org.gradle.internal.operations.DefaultBuildOperationRunner] Build operation 'Resolve kotlin-reflect-1.7.22.jar (org.jetbrains.kotlin:kotlin-reflect:1.7.22)' started
2025-04-11T19:52:29.611+0300 [DEBUG] [org.gradle.internal.resources.AbstractTrackedResourceLock] Unconstrained build operations Thread 5: acquired lock on worker lease
2025-04-11T19:52:29.611+0300 [DEBUG] [org.gradle.internal.resources.AbstractTrackedResourceLock] Unconstrained build operations Thread 3: acquired lock on worker lease
2025-04-11T19:52:29.611+0300 [DEBUG] [org.gradle.internal.operations.DefaultBuildOperationRunner] Build operation 'Resolve kotlin-stdlib-1.7.22.jar (org.jetbrains.kotlin:kotlin-stdlib:1.7.22)' started
2025-04-11T19:52:29.611+0300 [DEBUG] [org.gradle.internal.resources.AbstractTrackedResourceLock] Unconstrained build operations Thread 9: acquired lock on worker lease
2025-04-11T19:52:29.611+0300 [DEBUG] [org.gradle.internal.resources.AbstractTrackedResourceLock] Unconstrained build operations: acquired lock on worker lease
2025-04-11T19:52:29.611+0300 [DEBUG] [org.gradle.internal.operations.DefaultBuildOperationRunner] Build operation 'Resolve jackson-databind-2.17.2.jar (com.fasterxml.jackson.core:jackson-databind:2.17.2)' started
2025-04-11T19:52:29.611+0300 [DEBUG] [org.gradle.internal.operations.DefaultBuildOperationRunner] Build operation 'Resolve jackson-module-kotlin-2.17.2.jar (com.fasterxml.jackson.module:jackson-module-kotlin:2.17.2)' started
2025-04-11T19:52:29.611+0300 [DEBUG] [org.gradle.internal.operations.DefaultBuildOperationRunner] Completing Build operation 'Resolve kotlin-stdlib-common-1.7.22.jar (org.jetbrains.kotlin:kotlin-stdlib-common:1.7.22)'
2025-04-11T19:52:29.611+0300 [DEBUG] [org.gradle.internal.operations.DefaultBuildOperationRunner] Build operation 'Resolve jackson-core-2.17.2.jar (com.fasterxml.jackson.core:jackson-core:2.17.2)' started
2025-04-11T19:52:29.611+0300 [DEBUG] [org.gradle.internal.operations.DefaultBuildOperationRunner] Completing Build operation 'Resolve annotations-13.0.jar (org.jetbrains:annotations:13.0)'
2025-04-11T19:52:29.611+0300 [DEBUG] [org.gradle.internal.operations.DefaultBuildOperationRunner] Build operation 'Resolve kotlin-stdlib-common-1.7.22.jar (org.jetbrains.kotlin:kotlin-stdlib-common:1.7.22)' completed
2025-04-11T19:52:29.611+0300 [DEBUG] [org.gradle.internal.operations.DefaultBuildOperationRunner] Completing Build operation 'Resolve run-task-2.3.1.jar (xyz.jpenilla:run-task:2.3.1)'
2025-04-11T19:52:29.611+0300 [DEBUG] [org.gradle.internal.resources.AbstractTrackedResourceLock] Unconstrained build operations Thread 6: released lock on worker lease
2025-04-11T19:52:29.611+0300 [DEBUG] [org.gradle.internal.operations.DefaultBuildOperationRunner] Build operation 'Resolve annotations-13.0.jar (org.jetbrains:annotations:13.0)' completed
2025-04-11T19:52:29.611+0300 [DEBUG] [org.gradle.internal.operations.DefaultBuildOperationRunner] Completing Build operation 'Resolve jackson-annotations-2.17.2.jar (com.fasterxml.jackson.core:jackson-annotations:2.17.2)'
2025-04-11T19:52:29.611+0300 [DEBUG] [org.gradle.internal.operations.DefaultBuildOperationRunner] Build operation 'Resolve jackson-annotations-2.17.2.jar (com.fasterxml.jackson.core:jackson-annotations:2.17.2)' completed
2025-04-11T19:52:29.611+0300 [DEBUG] [org.gradle.internal.operations.DefaultBuildOperationRunner] Completing Build operation 'Resolve kotlin-reflect-1.7.22.jar (org.jetbrains.kotlin:kotlin-reflect:1.7.22)'
2025-04-11T19:52:29.611+0300 [DEBUG] [org.gradle.internal.operations.DefaultBuildOperationRunner] Build operation 'Resolve kotlin-reflect-1.7.22.jar (org.jetbrains.kotlin:kotlin-reflect:1.7.22)' completed
2025-04-11T19:52:29.611+0300 [DEBUG] [org.gradle.internal.resources.AbstractTrackedResourceLock] Unconstrained build operations Thread 7: released lock on worker lease
2025-04-11T19:52:29.611+0300 [DEBUG] [org.gradle.internal.operations.DefaultBuildOperationRunner] Completing Build operation 'Resolve jackson-databind-2.17.2.jar (com.fasterxml.jackson.core:jackson-databind:2.17.2)'
2025-04-11T19:52:29.611+0300 [DEBUG] [org.gradle.internal.operations.DefaultBuildOperationRunner] Completing Build operation 'Resolve jackson-module-kotlin-2.17.2.jar (com.fasterxml.jackson.module:jackson-module-kotlin:2.17.2)'
2025-04-11T19:52:29.612+0300 [DEBUG] [org.gradle.internal.operations.DefaultBuildOperationRunner] Build operation 'Resolve jackson-module-kotlin-2.17.2.jar (com.fasterxml.jackson.module:jackson-module-kotlin:2.17.2)' completed
2025-04-11T19:52:29.611+0300 [DEBUG] [org.gradle.internal.operations.DefaultBuildOperationRunner] Completing Build operation 'Resolve kotlin-stdlib-1.7.22.jar (org.jetbrains.kotlin:kotlin-stdlib:1.7.22)'
2025-04-11T19:52:29.611+0300 [DEBUG] [org.gradle.internal.operations.DefaultBuildOperationRunner] Build operation 'Resolve jackson-databind-2.17.2.jar (com.fasterxml.jackson.core:jackson-databind:2.17.2)' completed
2025-04-11T19:52:29.611+0300 [DEBUG] [org.gradle.internal.resources.AbstractTrackedResourceLock] Unconstrained build operations Thread 4: released lock on worker lease
2025-04-11T19:52:29.612+0300 [DEBUG] [org.gradle.internal.operations.DefaultBuildOperationRunner] Build operation 'Resolve kotlin-stdlib-1.7.22.jar (org.jetbrains.kotlin:kotlin-stdlib:1.7.22)' completed
2025-04-11T19:52:29.612+0300 [DEBUG] [org.gradle.internal.resources.AbstractTrackedResourceLock] Unconstrained build operations Thread 2: released lock on worker lease
2025-04-11T19:52:29.612+0300 [DEBUG] [org.gradle.internal.operations.DefaultBuildOperationRunner] Completing Build operation 'Resolve jackson-core-2.17.2.jar (com.fasterxml.jackson.core:jackson-core:2.17.2)'
2025-04-11T19:52:29.612+0300 [DEBUG] [org.gradle.internal.operations.DefaultBuildOperationRunner] Build operation 'Resolve jackson-core-2.17.2.jar (com.fasterxml.jackson.core:jackson-core:2.17.2)' completed
2025-04-11T19:52:29.612+0300 [DEBUG] [org.gradle.internal.resources.AbstractTrackedResourceLock] Unconstrained build operations Thread 5: released lock on worker lease
2025-04-11T19:52:29.612+0300 [DEBUG] [org.gradle.internal.resources.AbstractTrackedResourceLock] Unconstrained build operations: released lock on worker lease
2025-04-11T19:52:29.612+0300 [DEBUG] [org.gradle.internal.resources.AbstractTrackedResourceLock] Unconstrained build operations Thread 3: released lock on worker lease
2025-04-11T19:52:29.612+0300 [DEBUG] [org.gradle.internal.resources.AbstractTrackedResourceLock] Unconstrained build operations Thread 9: released lock on worker lease
2025-04-11T19:52:29.612+0300 [DEBUG] [org.gradle.internal.operations.DefaultBuildOperationRunner] Completing Build operation 'Resolve files of :classpath'
2025-04-11T19:52:29.612+0300 [DEBUG] [org.gradle.cache.internal.DefaultFileLockManager] Waiting to acquire exclusive lock on instrumented jar cache.
2025-04-11T19:52:29.613+0300 [DEBUG] [org.gradle.cache.internal.DefaultFileLockManager] Lock acquired on instrumented jar cache.
2025-04-11T19:52:29.646+0300 [DEBUG] [org.gradle.cache.internal.DefaultFileLockManager] Releasing lock on instrumented jar cache.
2025-04-11T19:52:29.646+0300 [DEBUG] [org.gradle.internal.operations.DefaultBuildOperationRunner] Completing Build operation 'Apply build file 'build.gradle' to root project 'SecureJoin''
2025-04-11T19:52:29.646+0300 [DEBUG] [org.gradle.internal.operations.DefaultBuildOperationRunner] Build operation 'Notify afterEvaluate listeners of :' started
2025-04-11T19:52:29.647+0300 [DEBUG] [org.gradle.internal.operations.DefaultBuildOperationRunner] Completing Build operation 'Notify afterEvaluate listeners of :'
2025-04-11T19:52:29.576+0300 [LIFECYCLE] [org.gradle.internal.logging.progress.ProgressLoggerFactory]
2025-04-11T19:52:29.576+0300 [LIFECYCLE] [org.gradle.internal.logging.progress.ProgressLoggerFactory] > Configure project :
2025-04-11T19:52:29.576+0300 [DEBUG] [org.gradle.internal.resources.AbstractTrackedResourceLock] Daemon worker Thread 2: acquired lock on state of build :
2025-04-11T19:52:29.577+0300 [DEBUG] [org.gradle.internal.operations.DefaultBuildOperationRunner] Build operation 'Notify beforeEvaluate listeners of :' completed
2025-04-11T19:52:29.577+0300 [DEBUG] [org.gradle.model.internal.registry.DefaultModelRegistry] Project : - Transitioning model element '<root>' from state Registered to Created
2025-04-11T19:52:29.577+0300 [DEBUG] [org.gradle.model.internal.registry.DefaultModelRegistry] Project : - Transitioning model element '<root>' to state Discovered.
2025-04-11T19:52:29.578+0300 [DEBUG] [org.gradle.model.internal.registry.DefaultModelRegistry] Project : - Transitioning model element '<root>' to state Created.
2025-04-11T19:52:29.578+0300 [DEBUG] [org.gradle.internal.operations.DefaultBuildOperationRunner] Build operation 'Register task :help' completed
2025-04-11T19:52:29.578+0300 [DEBUG] [org.gradle.internal.operations.DefaultBuildOperationRunner] Build operation 'Register task :projects' completed
2025-04-11T19:52:29.578+0300 [DEBUG] [org.gradle.internal.operations.DefaultBuildOperationRunner] Build operation 'Register task :tasks' completed
2025-04-11T19:52:29.578+0300 [DEBUG] [org.gradle.internal.operations.DefaultBuildOperationRunner] Build operation 'Register task :properties' completed
2025-04-11T19:52:29.578+0300 [DEBUG] [org.gradle.internal.operations.DefaultBuildOperationRunner] Build operation 'Register task :dependencyInsight' completed
2025-04-11T19:52:29.578+0300 [DEBUG] [org.gradle.internal.operations.DefaultBuildOperationRunner] Build operation 'Register task :dependencies' completed
2025-04-11T19:52:29.578+0300 [DEBUG] [org.gradle.internal.operations.DefaultBuildOperationRunner] Build operation 'Register task :buildEnvironment' completed
2025-04-11T19:52:29.578+0300 [DEBUG] [org.gradle.internal.operations.DefaultBuildOperationRunner] Build operation 'Register task :components' completed
2025-04-11T19:52:29.579+0300 [DEBUG] [org.gradle.internal.operations.DefaultBuildOperationRunner] Build operation 'Register task :model' completed
2025-04-11T19:52:29.579+0300 [DEBUG] [org.gradle.internal.operations.DefaultBuildOperationRunner] Build operation 'Register task :dependentComponents' completed
2025-04-11T19:52:29.579+0300 [DEBUG] [org.gradle.internal.operations.DefaultBuildOperationRunner] Build operation 'Register task :outgoingVariants' completed
2025-04-11T19:52:29.579+0300 [DEBUG] [org.gradle.internal.operations.DefaultBuildOperationRunner] Build operation 'Register task :resolvableConfigurations' completed
2025-04-11T19:52:29.579+0300 [DEBUG] [org.gradle.internal.operations.DefaultBuildOperationRunner] Build operation 'Apply plugin org.gradle.help-tasks to root project 'SecureJoin'' completed
2025-04-11T19:52:29.579+0300 [DEBUG] [org.gradle.internal.operations.DefaultBuildOperationRunner] Build operation 'Register task :javaToolchains' completed
2025-04-11T19:52:29.579+0300 [DEBUG] [org.gradle.internal.operations.DefaultBuildOperationRunner] Build operation 'Register task :prepareKotlinBuildScriptModel' completed
2025-04-11T19:52:29.580+0300 [DEBUG] [org.gradle.internal.operations.DefaultBuildOperationRunner] Build operation 'Register task :init' completed
2025-04-11T19:52:29.580+0300 [DEBUG] [org.gradle.internal.operations.DefaultBuildOperationRunner] Build operation 'Apply plugin org.gradle.build-init to root project 'SecureJoin'' completed
2025-04-11T19:52:29.581+0300 [DEBUG] [org.gradle.internal.operations.DefaultBuildOperationRunner] Build operation 'Register task :wrapper' completed
2025-04-11T19:52:29.581+0300 [DEBUG] [org.gradle.internal.operations.DefaultBuildOperationRunner] Build operation 'Apply plugin org.gradle.wrapper to root project 'SecureJoin'' completed
2025-04-11T19:52:29.581+0300 [INFO] [org.gradle.configuration.project.BuildScriptProcessor] Evaluating root project 'SecureJoin' using build file '/mnt/SFTP-Ker1ch UwU/root/SecureJoin/build.gradle'.
2025-04-11T19:52:29.581+0300 [DEBUG] [org.gradle.internal.locking.LockFileReaderWriter] Lockfiles root: /mnt/SFTP-Ker1ch UwU/root/SecureJoin/gradle/dependency-locks
2025-04-11T19:52:29.585+0300 [DEBUG] [org.gradle.api.internal.artifacts.ivyservice.resolveengine.DefaultArtifactDependencyResolver] Resolving configuration 'detachedConfiguration1'
2025-04-11T19:52:29.585+0300 [DEBUG] [org.gradle.api.internal.artifacts.ivyservice.modulecache.ResolvedArtifactCaches] Creating new in-memory cache for repo 'Gradle Central Plugin Repository' [671a8ecc284f9e9f4d35b614eb5de66e].
2025-04-11T19:52:29.585+0300 [DEBUG] [org.gradle.api.internal.artifacts.ivyservice.resolveengine.graph.builder.DependencyGraphBuilder] Visiting configuration unspecified:unspecified:unspecified(detachedConfiguration1).
2025-04-11T19:52:29.586+0300 [DEBUG] [org.gradle.api.internal.artifacts.ivyservice.ivyresolve.RepositoryChainComponentMetaDataResolver] Attempting to resolve component for xyz.jpenilla.run-paper:xyz.jpenilla.run-paper.gradle.plugin:2.3.1 using repositories [Gradle Central Plugin Repository]
2025-04-11T19:52:29.586+0300 [DEBUG] [org.gradle.api.internal.artifacts.ivyservice.ivyresolve.CachingModuleComponentRepository] Using cached module metadata for module 'xyz.jpenilla.run-paper:xyz.jpenilla.run-paper.gradle.plugin:2.3.1' in 'Gradle Central Plugin Repository'
2025-04-11T19:52:29.586+0300 [DEBUG] [org.gradle.api.internal.artifacts.ivyservice.ivyresolve.RepositoryChainComponentMetaDataResolver] Using xyz.jpenilla.run-paper:xyz.jpenilla.run-paper.gradle.plugin:2.3.1 from Maven repository 'Gradle Central Plugin Repository'
2025-04-11T19:52:29.587+0300 [DEBUG] [org.gradle.internal.component.model.ComponentAttributeMatcher] Selected matches [xyz.jpenilla.run-paper:xyz.jpenilla.run-paper.gradle.plugin:2.3.1 configuration runtime] from candidates [xyz.jpenilla.run-paper:xyz.jpenilla.run-paper.gradle.plugin:2.3.1 configuration compile, xyz.jpenilla.run-paper:xyz.jpenilla.run-paper.gradle.plugin:2.3.1 configuration runtime, xyz.jpenilla.run-paper:xyz.jpenilla.run-paper.gradle.plugin:2.3.1 configuration sources, xyz.jpenilla.run-paper:xyz.jpenilla.run-paper.gradle.plugin:2.3.1 configuration javadoc, xyz.jpenilla.run-paper:xyz.jpenilla.run-paper.gradle.plugin:2.3.1 configuration platform-compile, xyz.jpenilla.run-paper:xyz.jpenilla.run-paper.gradle.plugin:2.3.1 configuration platform-runtime, xyz.jpenilla.run-paper:xyz.jpenilla.run-paper.gradle.plugin:2.3.1 configuration enforced-platform-compile, xyz.jpenilla.run-paper:xyz.jpenilla.run-paper.gradle.plugin:2.3.1 configuration enforced-platform-runtime] for {}
2025-04-11T19:52:29.587+0300 [DEBUG] [org.gradle.api.internal.artifacts.ivyservice.resolveengine.graph.builder.DependencyGraphBuilder] Visiting configuration xyz.jpenilla.run-paper:xyz.jpenilla.run-paper.gradle.plugin:2.3.1(runtime).
2025-04-11T19:52:29.587+0300 [DEBUG] [org.gradle.api.internal.artifacts.ivyservice.resolveengine.graph.builder.NodeState] xyz.jpenilla.run-paper:xyz.jpenilla.run-paper.gradle.plugin:2.3.1(runtime) has no transitive incoming edges. ignoring outgoing edges.
2025-04-11T19:52:29.587+0300 [DEBUG] [org.gradle.api.internal.artifacts.ivyservice.resolveengine.oldresult.TransientConfigurationResultsBuilder] Flushing resolved configuration data in Binary store in /home/kxysl1k/.gradle/.tmp/gradle15756921141127752945.bin. Wrote root 2.
2025-04-11T19:52:29.588+0300 [DEBUG] [org.gradle.internal.operations.DefaultBuildOperationRunner] Build operation 'Resolve dependencies of detachedConfiguration1' completed
2025-04-11T19:52:29.588+0300 [DEBUG] [org.gradle.api.internal.artifacts.ivyservice.resolveengine.DefaultArtifactDependencyResolver] Resolving configuration ':classpath'
2025-04-11T19:52:29.590+0300 [DEBUG] [org.gradle.internal.locking.LockFileReaderWriter] Lockfiles root: /mnt/SFTP-Ker1ch UwU/root/SecureJoin/gradle/dependency-locks
2025-04-11T19:52:29.591+0300 [DEBUG] [org.gradle.cache.internal.DefaultCacheAccess] Creating new cache for outputFiles, path /mnt/SFTP-Ker1ch UwU/root/SecureJoin/.gradle/buildOutputCleanup/outputFiles.bin, access org.gradle.cache.internal.DefaultCacheAccess@bc9909d
2025-04-11T19:52:29.592+0300 [DEBUG] [org.gradle.cache.internal.LockOnDemandCrossProcessCacheAccess] Acquiring file lock for Build Output Cleanup Cache (/mnt/SFTP-Ker1ch UwU/root/SecureJoin/.gradle/buildOutputCleanup)
2025-04-11T19:52:29.592+0300 [DEBUG] [org.gradle.cache.internal.DefaultFileLockManager] Waiting to acquire exclusive lock on Build Output Cleanup Cache (/mnt/SFTP-Ker1ch UwU/root/SecureJoin/.gradle/buildOutputCleanup).
2025-04-11T19:52:29.592+0300 [DEBUG] [org.gradle.cache.internal.DefaultFileLockManager] Lock acquired on Build Output Cleanup Cache (/mnt/SFTP-Ker1ch UwU/root/SecureJoin/.gradle/buildOutputCleanup).
2025-04-11T19:52:29.595+0300 [DEBUG] [org.gradle.api.internal.artifacts.ivyservice.resolveengine.graph.builder.DependencyGraphBuilder] Visiting configuration :SecureJoin:unspecified(classpath).
2025-04-11T19:52:29.595+0300 [DEBUG] [org.gradle.api.internal.artifacts.ivyservice.resolveengine.graph.builder.NodeState] dependency: xyz.jpenilla.run-paper:xyz.jpenilla.run-paper.gradle.plugin:2.3.1 from-conf: classpath to-conf: null is filtered.
2025-04-11T19:52:29.595+0300 [DEBUG] [org.gradle.api.internal.artifacts.ivyservice.resolveengine.graph.builder.NodeState] dependency: org.apache.logging.log4j:log4j-core:{require 2.17.1; reject [2.0, 2.17.1)} from-conf: classpath to-conf: null is filtered.
2025-04-11T19:52:29.595+0300 [DEBUG] [org.gradle.api.internal.artifacts.ivyservice.resolveengine.DefaultArtifactDependencyResolver] Resolving configuration ':classpath'
2025-04-11T19:52:29.596+0300 [DEBUG] [org.gradle.api.internal.artifacts.ivyservice.modulecache.ResolvedArtifactCaches] Reusing in-memory cache for repo 'Gradle Central Plugin Repository' [671a8ecc284f9e9f4d35b614eb5de66e].
2025-04-11T19:52:29.596+0300 [DEBUG] [org.gradle.api.internal.artifacts.ivyservice.resolveengine.graph.builder.DependencyGraphBuilder] Visiting configuration :SecureJoin:unspecified(classpath).
2025-04-11T19:52:29.596+0300 [DEBUG] [org.gradle.api.internal.artifacts.ivyservice.ivyresolve.RepositoryChainComponentMetaDataResolver] Attempting to resolve component for xyz.jpenilla.run-paper:xyz.jpenilla.run-paper.gradle.plugin:2.3.1 using repositories [Gradle Central Plugin Repository]
2025-04-11T19:52:29.596+0300 [DEBUG] [org.gradle.api.internal.artifacts.ivyservice.ivyresolve.CachingModuleComponentRepository] Using cached module metadata for module 'xyz.jpenilla.run-paper:xyz.jpenilla.run-paper.gradle.plugin:2.3.1' in 'Gradle Central Plugin Repository'
2025-04-11T19:52:29.596+0300 [DEBUG] [org.gradle.api.internal.artifacts.ivyservice.ivyresolve.RepositoryChainComponentMetaDataResolver] Using xyz.jpenilla.run-paper:xyz.jpenilla.run-paper.gradle.plugin:2.3.1 from Maven repository 'Gradle Central Plugin Repository'
2025-04-11T19:52:29.596+0300 [DEBUG] [org.gradle.internal.component.model.LoggingAttributeMatchingExplanationBuilder] Candidate xyz.jpenilla.run-paper:xyz.jpenilla.run-paper.gradle.plugin:2.3.1 configuration compile attribute org.gradle.usage value {org.gradle.status=release, org.gradle.usage=java-api} doesn't requested value java-runtime
2025-04-11T19:52:29.596+0300 [DEBUG] [org.gradle.internal.component.model.LoggingAttributeMatchingExplanationBuilder] Candidate xyz.jpenilla.run-paper:xyz.jpenilla.run-paper.gradle.plugin:2.3.1 configuration runtime doesn't have attribute org.gradle.dependency.bundling
2025-04-11T19:52:29.596+0300 [DEBUG] [org.gradle.internal.component.model.LoggingAttributeMatchingExplanationBuilder] Candidate xyz.jpenilla.run-paper:xyz.jpenilla.run-paper.gradle.plugin:2.3.1 configuration runtime doesn't have attribute org.gradle.jvm.version
2025-04-11T19:52:29.596+0300 [DEBUG] [org.gradle.internal.component.model.LoggingAttributeMatchingExplanationBuilder] Candidate xyz.jpenilla.run-paper:xyz.jpenilla.run-paper.gradle.plugin:2.3.1 configuration runtime doesn't have attribute org.gradle.plugin.api-version
2025-04-11T19:52:29.596+0300 [DEBUG] [org.gradle.internal.component.model.LoggingAttributeMatchingExplanationBuilder] Candidate xyz.jpenilla.run-paper:xyz.jpenilla.run-paper.gradle.plugin:2.3.1 configuration sources attribute org.gradle.category value {org.gradle.category=documentation, org.gradle.status=release} doesn't requested value library
2025-04-11T19:52:29.596+0300 [DEBUG] [org.gradle.internal.component.model.LoggingAttributeMatchingExplanationBuilder] Candidate xyz.jpenilla.run-paper:xyz.jpenilla.run-paper.gradle.plugin:2.3.1 configuration javadoc attribute org.gradle.category value {org.gradle.category=documentation, org.gradle.status=release} doesn't requested value library
2025-04-11T19:52:29.596+0300 [DEBUG] [org.gradle.internal.component.model.LoggingAttributeMatchingExplanationBuilder] Candidate xyz.jpenilla.run-paper:xyz.jpenilla.run-paper.gradle.plugin:2.3.1 configuration platform-compile attribute org.gradle.usage value {org.gradle.status=release, org.gradle.usage=java-api} doesn't requested value java-runtime
2025-04-11T19:52:29.596+0300 [DEBUG] [org.gradle.internal.component.model.LoggingAttributeMatchingExplanationBuilder] Candidate xyz.jpenilla.run-paper:xyz.jpenilla.run-paper.gradle.plugin:2.3.1 configuration platform-runtime attribute org.gradle.category value {org.gradle.category=platform, org.gradle.status=release, org.gradle.usage=java-runtime} doesn't requested value library
2025-04-11T19:52:29.596+0300 [DEBUG] [org.gradle.internal.component.model.LoggingAttributeMatchingExplanationBuilder] Candidate xyz.jpenilla.run-paper:xyz.jpenilla.run-paper.gradle.plugin:2.3.1 configuration enforced-platform-compile attribute org.gradle.usage value {org.gradle.status=release, org.gradle.usage=java-api} doesn't requested value java-runtime
2025-04-11T19:52:29.596+0300 [DEBUG] [org.gradle.internal.component.model.LoggingAttributeMatchingExplanationBuilder] Candidate xyz.jpenilla.run-paper:xyz.jpenilla.run-paper.gradle.plugin:2.3.1 configuration enforced-platform-runtime attribute org.gradle.category value {org.gradle.category=enforced-platform, org.gradle.status=release, org.gradle.usage=java-runtime} doesn't requested value library
2025-04-11T19:52:29.596+0300 [DEBUG] [org.gradle.internal.component.model.ComponentAttributeMatcher] Selected matches [xyz.jpenilla.run-paper:xyz.jpenilla.run-paper.gradle.plugin:2.3.1 configuration runtime] from candidates [xyz.jpenilla.run-paper:xyz.jpenilla.run-paper.gradle.plugin:2.3.1 configuration compile, xyz.jpenilla.run-paper:xyz.jpenilla.run-paper.gradle.plugin:2.3.1 configuration runtime, xyz.jpenilla.run-paper:xyz.jpenilla.run-paper.gradle.plugin:2.3.1 configuration sources, xyz.jpenilla.run-paper:xyz.jpenilla.run-paper.gradle.plugin:2.3.1 configuration javadoc, xyz.jpenilla.run-paper:xyz.jpenilla.run-paper.gradle.plugin:2.3.1 configuration platform-compile, xyz.jpenilla.run-paper:xyz.jpenilla.run-paper.gradle.plugin:2.3.1 configuration platform-runtime, xyz.jpenilla.run-paper:xyz.jpenilla.run-paper.gradle.plugin:2.3.1 configuration enforced-platform-compile, xyz.jpenilla.run-paper:xyz.jpenilla.run-paper.gradle.plugin:2.3.1 configuration enforced-platform-runtime] for {org.gradle.category=library, org.gradle.dependency.bundling=external, org.gradle.jvm.version=17, org.gradle.libraryelements=jar, org.gradle.plugin.api-version=7.6, org.gradle.usage=java-runtime}
2025-04-11T19:52:29.596+0300 [DEBUG] [org.gradle.api.internal.artifacts.ivyservice.resolveengine.graph.builder.DependencyGraphBuilder] Visiting configuration xyz.jpenilla.run-paper:xyz.jpenilla.run-paper.gradle.plugin:2.3.1(runtime).
2025-04-11T19:52:29.597+0300 [DEBUG] [org.gradle.api.internal.artifacts.ivyservice.ivyresolve.RepositoryChainComponentMetaDataResolver] Attempting to resolve component for xyz.jpenilla:run-task:2.3.1 using repositories [Gradle Central Plugin Repository]
2025-04-11T19:52:29.597+0300 [DEBUG] [org.gradle.api.internal.artifacts.ivyservice.ivyresolve.CachingModuleComponentRepository] Using cached module metadata for module 'xyz.jpenilla:run-task:2.3.1' in 'Gradle Central Plugin Repository'
2025-04-11T19:52:29.597+0300 [DEBUG] [org.gradle.api.internal.artifacts.ivyservice.ivyresolve.RepositoryChainComponentMetaDataResolver] Using xyz.jpenilla:run-task:2.3.1 from Maven repository 'Gradle Central Plugin Repository'
2025-04-11T19:52:29.597+0300 [DEBUG] [org.gradle.internal.component.model.LoggingAttributeMatchingExplanationBuilder] Candidate xyz.jpenilla:run-task:2.3.1 variant apiElements attribute org.gradle.usage value {org.gradle.category=library, org.gradle.dependency.bundling=external, org.gradle.jvm.environment=standard-jvm, org.gradle.jvm.version=8, org.gradle.libraryelements=jar, org.gradle.usage=java-api} doesn't requested value java-runtime
2025-04-11T19:52:29.597+0300 [DEBUG] [org.gradle.internal.component.model.LoggingAttributeMatchingExplanationBuilder] Candidate xyz.jpenilla:run-task:2.3.1 variant runtimeElements doesn't have attribute org.gradle.plugin.api-version
2025-04-11T19:52:29.597+0300 [DEBUG] [org.gradle.internal.component.model.LoggingAttributeMatchingExplanationBuilder] Candidate xyz.jpenilla:run-task:2.3.1 variant javadocElements attribute org.gradle.category value {org.gradle.category=documentation} doesn't requested value library
2025-04-11T19:52:29.597+0300 [DEBUG] [org.gradle.internal.component.model.LoggingAttributeMatchingExplanationBuilder] Candidate xyz.jpenilla:run-task:2.3.1 variant sourcesElements attribute org.gradle.category value {org.gradle.category=documentation} doesn't requested value library
2025-04-11T19:52:29.598+0300 [DEBUG] [org.gradle.internal.component.model.ComponentAttributeMatcher] Selected matches [xyz.jpenilla:run-task:2.3.1 variant runtimeElements] from candidates [xyz.jpenilla:run-task:2.3.1 variant apiElements, xyz.jpenilla:run-task:2.3.1 variant runtimeElements, xyz.jpenilla:run-task:2.3.1 variant javadocElements, xyz.jpenilla:run-task:2.3.1 variant sourcesElements] for {org.gradle.category=library, org.gradle.dependency.bundling=external, org.gradle.jvm.version=17, org.gradle.libraryelements=jar, org.gradle.plugin.api-version=7.6, org.gradle.usage=java-runtime}
2025-04-11T19:52:29.598+0300 [DEBUG] [org.gradle.api.internal.artifacts.ivyservice.resolveengine.graph.builder.DependencyGraphBuilder] Visiting configuration xyz.jpenilla:run-task:2.3.1(runtimeElements).
2025-04-11T19:52:29.598+0300 [DEBUG] [org.gradle.api.internal.artifacts.ivyservice.ivyresolve.RepositoryChainComponentMetaDataResolver] Attempting to resolve component for com.fasterxml.jackson.module:jackson-module-kotlin:2.17.2 using repositories [Gradle Central Plugin Repository]
2025-04-11T19:52:29.598+0300 [DEBUG] [org.gradle.api.internal.artifacts.ivyservice.ivyresolve.CachingModuleComponentRepository] Using cached module metadata for module 'com.fasterxml.jackson.module:jackson-module-kotlin:2.17.2' in 'Gradle Central Plugin Repository'
2025-04-11T19:52:29.598+0300 [DEBUG] [org.gradle.api.internal.artifacts.ivyservice.ivyresolve.RepositoryChainComponentMetaDataResolver] Using com.fasterxml.jackson.module:jackson-module-kotlin:2.17.2 from Maven repository 'Gradle Central Plugin Repository'
2025-04-11T19:52:29.598+0300 [DEBUG] [org.gradle.internal.component.model.LoggingAttributeMatchingExplanationBuilder] Candidate com.fasterxml.jackson.module:jackson-module-kotlin:2.17.2 variant apiElements attribute org.gradle.usage value {org.gradle.category=library, org.gradle.dependency.bundling=external, org.gradle.libraryelements=jar, org.gradle.usage=java-api} doesn't requested value java-runtime
2025-04-11T19:52:29.598+0300 [DEBUG] [org.gradle.internal.component.model.LoggingAttributeMatchingExplanationBuilder] Candidate com.fasterxml.jackson.module:jackson-module-kotlin:2.17.2 variant runtimeElements doesn't have attribute org.gradle.jvm.version
2025-04-11T19:52:29.598+0300 [DEBUG] [org.gradle.internal.component.model.LoggingAttributeMatchingExplanationBuilder] Candidate com.fasterxml.jackson.module:jackson-module-kotlin:2.17.2 variant runtimeElements doesn't have attribute org.gradle.plugin.api-version
2025-04-11T19:52:29.598+0300 [DEBUG] [org.gradle.internal.component.model.ComponentAttributeMatcher] Selected matches [com.fasterxml.jackson.module:jackson-module-kotlin:2.17.2 variant runtimeElements] from candidates [com.fasterxml.jackson.module:jackson-module-kotlin:2.17.2 variant apiElements, com.fasterxml.jackson.module:jackson-module-kotlin:2.17.2 variant runtimeElements] for {org.gradle.category=library, org.gradle.dependency.bundling=external, org.gradle.jvm.version=17, org.gradle.libraryelements=jar, org.gradle.plugin.api-version=7.6, org.gradle.usage=java-runtime}
2025-04-11T19:52:29.598+0300 [DEBUG] [org.gradle.api.internal.artifacts.ivyservice.resolveengine.graph.builder.DependencyGraphBuilder] Visiting configuration com.fasterxml.jackson.module:jackson-module-kotlin:2.17.2(runtimeElements).
2025-04-11T19:52:29.599+0300 [DEBUG] [org.gradle.api.internal.artifacts.ivyservice.ivyresolve.RepositoryChainComponentMetaDataResolver] Attempting to resolve component for com.fasterxml.jackson:jackson-bom:2.17.2 using repositories [Gradle Central Plugin Repository]
2025-04-11T19:52:29.599+0300 [DEBUG] [org.gradle.api.internal.artifacts.ivyservice.ivyresolve.CachingModuleComponentRepository] Using cached module metadata for module 'com.fasterxml.jackson:jackson-bom:2.17.2' in 'Gradle Central Plugin Repository'
2025-04-11T19:52:29.599+0300 [DEBUG] [org.gradle.api.internal.artifacts.ivyservice.ivyresolve.RepositoryChainComponentMetaDataResolver] Using com.fasterxml.jackson:jackson-bom:2.17.2 from Maven repository 'Gradle Central Plugin Repository'
2025-04-11T19:52:29.600+0300 [DEBUG] [org.gradle.internal.component.model.LoggingAttributeMatchingExplanationBuilder] Candidate com.fasterxml.jackson:jackson-bom:2.17.2 configuration compile attribute org.gradle.category value {org.gradle.category=library, org.gradle.libraryelements=jar, org.gradle.status=release, org.gradle.usage=java-api} doesn't requested value platform
2025-04-11T19:52:29.600+0300 [DEBUG] [org.gradle.internal.component.model.LoggingAttributeMatchingExplanationBuilder] Candidate com.fasterxml.jackson:jackson-bom:2.17.2 configuration runtime attribute org.gradle.category value {org.gradle.category=library, org.gradle.libraryelements=jar, org.gradle.status=release, org.gradle.usage=java-runtime} doesn't requested value platform
2025-04-11T19:52:29.600+0300 [DEBUG] [org.gradle.internal.component.model.LoggingAttributeMatchingExplanationBuilder] Candidate com.fasterxml.jackson:jackson-bom:2.17.2 configuration sources attribute org.gradle.category value {org.gradle.category=documentation, org.gradle.status=release} doesn't requested value platform
2025-04-11T19:52:29.600+0300 [DEBUG] [org.gradle.internal.component.model.LoggingAttributeMatchingExplanationBuilder] Candidate com.fasterxml.jackson:jackson-bom:2.17.2 configuration javadoc attribute org.gradle.category value {org.gradle.category=documentation, org.gradle.status=release} doesn't requested value platform
2025-04-11T19:52:29.600+0300 [DEBUG] [org.gradle.internal.component.model.LoggingAttributeMatchingExplanationBuilder] Candidate com.fasterxml.jackson:jackson-bom:2.17.2 configuration platform-compile attribute org.gradle.usage value {org.gradle.status=release, org.gradle.usage=java-api} doesn't requested value java-runtime
2025-04-11T19:52:29.600+0300 [DEBUG] [org.gradle.internal.component.model.LoggingAttributeMatchingExplanationBuilder] Candidate com.fasterxml.jackson:jackson-bom:2.17.2 configuration platform-runtime doesn't have attribute org.gradle.libraryelements
2025-04-11T19:52:29.600+0300 [DEBUG] [org.gradle.internal.component.model.LoggingAttributeMatchingExplanationBuilder] Candidate com.fasterxml.jackson:jackson-bom:2.17.2 configuration platform-runtime doesn't have attribute org.gradle.dependency.bundling
2025-04-11T19:52:29.600+0300 [DEBUG] [org.gradle.internal.component.model.LoggingAttributeMatchingExplanationBuilder] Candidate com.fasterxml.jackson:jackson-bom:2.17.2 configuration platform-runtime doesn't have attribute org.gradle.jvm.version
2025-04-11T19:52:29.600+0300 [DEBUG] [org.gradle.internal.component.model.LoggingAttributeMatchingExplanationBuilder] Candidate com.fasterxml.jackson:jackson-bom:2.17.2 configuration platform-runtime doesn't have attribute org.gradle.plugin.api-version
2025-04-11T19:52:29.600+0300 [DEBUG] [org.gradle.internal.component.model.LoggingAttributeMatchingExplanationBuilder] Candidate com.fasterxml.jackson:jackson-bom:2.17.2 configuration enforced-platform-compile attribute org.gradle.category value {org.gradle.category=enforced-platform, org.gradle.status=release, org.gradle.usage=java-api} doesn't requested value platform
2025-04-11T19:52:29.600+0300 [DEBUG] [org.gradle.internal.component.model.LoggingAttributeMatchingExplanationBuilder] Candidate com.fasterxml.jackson:jackson-bom:2.17.2 configuration enforced-platform-runtime attribute org.gradle.category value {org.gradle.category=enforced-platform, org.gradle.status=release, org.gradle.usage=java-runtime} doesn't requested value platform
2025-04-11T19:52:29.600+0300 [DEBUG] [org.gradle.internal.component.model.ComponentAttributeMatcher] Selected matches [com.fasterxml.jackson:jackson-bom:2.17.2 configuration platform-runtime] from candidates [com.fasterxml.jackson:jackson-bom:2.17.2 configuration compile, com.fasterxml.jackson:jackson-bom:2.17.2 configuration runtime, com.fasterxml.jackson:jackson-bom:2.17.2 configuration sources, com.fasterxml.jackson:jackson-bom:2.17.2 configuration javadoc, com.fasterxml.jackson:jackson-bom:2.17.2 configuration platform-compile, com.fasterxml.jackson:jackson-bom:2.17.2 configuration platform-runtime, com.fasterxml.jackson:jackson-bom:2.17.2 configuration enforced-platform-compile, com.fasterxml.jackson:jackson-bom:2.17.2 configuration enforced-platform-runtime] for {org.gradle.category=platform, org.gradle.dependency.bundling=external, org.gradle.jvm.version=17, org.gradle.libraryelements=jar, org.gradle.plugin.api-version=7.6, org.gradle.usage=java-runtime}
2025-04-11T19:52:29.601+0300 [DEBUG] [org.gradle.api.internal.artifacts.ivyservice.ivyresolve.RepositoryChainComponentMetaDataResolver] Attempting to resolve component for com.fasterxml.jackson.core:jackson-databind:2.17.2 using repositories [Gradle Central Plugin Repository]
2025-04-11T19:52:29.601+0300 [DEBUG] [org.gradle.api.internal.artifacts.ivyservice.ivyresolve.CachingModuleComponentRepository] Using cached module metadata for module 'com.fasterxml.jackson.core:jackson-databind:2.17.2' in 'Gradle Central Plugin Repository'
2025-04-11T19:52:29.601+0300 [DEBUG] [org.gradle.api.internal.artifacts.ivyservice.ivyresolve.RepositoryChainComponentMetaDataResolver] Using com.fasterxml.jackson.core:jackson-databind:2.17.2 from Maven repository 'Gradle Central Plugin Repository'
2025-04-11T19:52:29.601+0300 [DEBUG] [org.gradle.api.internal.artifacts.ivyservice.ivyresolve.RepositoryChainComponentMetaDataResolver] Attempting to resolve component for com.fasterxml.jackson.core:jackson-annotations:2.17.2 using repositories [Gradle Central Plugin Repository]
2025-04-11T19:52:29.601+0300 [DEBUG] [org.gradle.api.internal.artifacts.ivyservice.ivyresolve.CachingModuleComponentRepository] Using cached module metadata for module 'com.fasterxml.jackson.core:jackson-annotations:2.17.2' in 'Gradle Central Plugin Repository'
2025-04-11T19:52:29.601+0300 [DEBUG] [org.gradle.api.internal.artifacts.ivyservice.ivyresolve.RepositoryChainComponentMetaDataResolver] Using com.fasterxml.jackson.core:jackson-annotations:2.17.2 from Maven repository 'Gradle Central Plugin Repository'
2025-04-11T19:52:29.601+0300 [DEBUG] [org.gradle.api.internal.artifacts.ivyservice.ivyresolve.RepositoryChainComponentMetaDataResolver] Attempting to resolve component for org.jetbrains.kotlin:kotlin-reflect:1.7.22 using repositories [Gradle Central Plugin Repository]
2025-04-11T19:52:29.602+0300 [DEBUG] [org.gradle.api.internal.artifacts.ivyservice.ivyresolve.CachingModuleComponentRepository] Using cached module metadata for module 'org.jetbrains.kotlin:kotlin-reflect:1.7.22' in 'Gradle Central Plugin Repository'
2025-04-11T19:52:29.602+0300 [DEBUG] [org.gradle.api.internal.artifacts.ivyservice.ivyresolve.RepositoryChainComponentMetaDataResolver] Using org.jetbrains.kotlin:kotlin-reflect:1.7.22 from Maven repository 'Gradle Central Plugin Repository'
2025-04-11T19:52:29.602+0300 [DEBUG] [org.gradle.api.internal.artifacts.ivyservice.resolveengine.graph.builder.DependencyGraphBuilder] Visiting configuration com.fasterxml.jackson:jackson-bom:2.17.2(platform-runtime).
2025-04-11T19:52:29.602+0300 [DEBUG] [org.gradle.api.internal.artifacts.ivyservice.resolveengine.graph.builder.DependencyGraphBuilder] Visiting configuration com.fasterxml.jackson.core:jackson-databind:2.17.2(runtimeElements).
2025-04-11T19:52:29.603+0300 [DEBUG] [org.gradle.api.internal.artifacts.ivyservice.resolveengine.graph.builder.DependencyGraphBuilder] Visiting configuration com.fasterxml.jackson:jackson-bom:2.17.2(platform-runtime).
2025-04-11T19:52:29.603+0300 [DEBUG] [org.gradle.api.internal.artifacts.ivyservice.ivyresolve.RepositoryChainComponentMetaDataResolver] Attempting to resolve component for com.fasterxml.jackson.core:jackson-core:2.17.2 using repositories [Gradle Central Plugin Repository]
2025-04-11T19:52:29.603+0300 [DEBUG] [org.gradle.api.internal.artifacts.ivyservice.ivyresolve.CachingModuleComponentRepository] Using cached module metadata for module 'com.fasterxml.jackson.core:jackson-core:2.17.2' in 'Gradle Central Plugin Repository'
2025-04-11T19:52:29.603+0300 [DEBUG] [org.gradle.api.internal.artifacts.ivyservice.ivyresolve.RepositoryChainComponentMetaDataResolver] Using com.fasterxml.jackson.core:jackson-core:2.17.2 from Maven repository 'Gradle Central Plugin Repository'
2025-04-11T19:52:29.603+0300 [DEBUG] [org.gradle.api.internal.artifacts.ivyservice.resolveengine.graph.builder.DependencyGraphBuilder] Visiting configuration com.fasterxml.jackson.core:jackson-annotations:2.17.2(runtimeElements).
2025-04-11T19:52:29.603+0300 [DEBUG] [org.gradle.api.internal.artifacts.ivyservice.resolveengine.graph.builder.DependencyGraphBuilder] Visiting configuration org.jetbrains.kotlin:kotlin-reflect:1.7.22(runtime).
2025-04-11T19:52:29.604+0300 [DEBUG] [org.gradle.api.internal.artifacts.ivyservice.ivyresolve.RepositoryChainComponentMetaDataResolver] Attempting to resolve component for org.jetbrains.kotlin:kotlin-stdlib:1.7.22 using repositories [Gradle Central Plugin Repository]
2025-04-11T19:52:29.604+0300 [DEBUG] [org.gradle.api.internal.artifacts.ivyservice.ivyresolve.CachingModuleComponentRepository] Using cached module metadata for module 'org.jetbrains.kotlin:kotlin-stdlib:1.7.22' in 'Gradle Central Plugin Repository'
2025-04-11T19:52:29.604+0300 [DEBUG] [org.gradle.api.internal.artifacts.ivyservice.ivyresolve.RepositoryChainComponentMetaDataResolver] Using org.jetbrains.kotlin:kotlin-stdlib:1.7.22 from Maven repository 'Gradle Central Plugin Repository'
2025-04-11T19:52:29.604+0300 [DEBUG] [org.gradle.api.internal.artifacts.ivyservice.resolveengine.graph.builder.DependencyGraphBuilder] Visiting configuration com.fasterxml.jackson.module:jackson-module-kotlin:2.17.2(runtimeElements).
2025-04-11T19:52:29.604+0300 [DEBUG] [org.gradle.api.internal.artifacts.ivyservice.resolveengine.graph.builder.NodeState] Changed edges for com.fasterxml.jackson.module:jackson-module-kotlin:2.17.2(runtimeElements) selects same versions as previous traversal. ignoring
2025-04-11T19:52:29.604+0300 [DEBUG] [org.gradle.api.internal.artifacts.ivyservice.resolveengine.graph.builder.DependencyGraphBuilder] Visiting configuration com.fasterxml.jackson.core:jackson-core:2.17.2(runtimeElements).
2025-04-11T19:52:29.604+0300 [DEBUG] [org.gradle.api.internal.artifacts.ivyservice.resolveengine.graph.builder.DependencyGraphBuilder] Visiting configuration com.fasterxml.jackson:jackson-bom:2.17.2(platform-runtime).
2025-04-11T19:52:29.604+0300 [DEBUG] [org.gradle.api.internal.artifacts.ivyservice.resolveengine.graph.builder.NodeState] Changed edges for com.fasterxml.jackson:jackson-bom:2.17.2(platform-runtime) selects same versions as previous traversal. ignoring
2025-04-11T19:52:29.604+0300 [DEBUG] [org.gradle.api.internal.artifacts.ivyservice.resolveengine.graph.builder.DependencyGraphBuilder] Visiting configuration org.jetbrains.kotlin:kotlin-stdlib:1.7.22(runtime).
2025-04-11T19:52:29.605+0300 [DEBUG] [org.gradle.api.internal.artifacts.ivyservice.ivyresolve.RepositoryChainComponentMetaDataResolver] Attempting to resolve component for org.jetbrains.kotlin:kotlin-stdlib-common:1.7.22 using repositories [Gradle Central Plugin Repository]
2025-04-11T19:52:29.605+0300 [DEBUG] [org.gradle.api.internal.artifacts.ivyservice.ivyresolve.CachingModuleComponentRepository] Using cached module metadata for module 'org.jetbrains.kotlin:kotlin-stdlib-common:1.7.22' in 'Gradle Central Plugin Repository'
2025-04-11T19:52:29.605+0300 [DEBUG] [org.gradle.api.internal.artifacts.ivyservice.ivyresolve.RepositoryChainComponentMetaDataResolver] Using org.jetbrains.kotlin:kotlin-stdlib-common:1.7.22 from Maven repository 'Gradle Central Plugin Repository'
2025-04-11T19:52:29.606+0300 [DEBUG] [org.gradle.api.internal.artifacts.ivyservice.ivyresolve.RepositoryChainComponentMetaDataResolver] Attempting to resolve component for org.jetbrains:annotations:13.0 using repositories [Gradle Central Plugin Repository]
2025-04-11T19:52:29.606+0300 [DEBUG] [org.gradle.api.internal.artifacts.ivyservice.ivyresolve.CachingModuleComponentRepository] Using cached module metadata for module 'org.jetbrains:annotations:13.0' in 'Gradle Central Plugin Repository'
2025-04-11T19:52:29.606+0300 [DEBUG] [org.gradle.api.internal.artifacts.ivyservice.ivyresolve.RepositoryChainComponentMetaDataResolver] Using org.jetbrains:annotations:13.0 from Maven repository 'Gradle Central Plugin Repository'
2025-04-11T19:52:29.606+0300 [DEBUG] [org.gradle.api.internal.artifacts.ivyservice.resolveengine.graph.builder.DependencyGraphBuilder] Visiting configuration org.jetbrains.kotlin:kotlin-stdlib-common:1.7.22(runtime).
2025-04-11T19:52:29.606+0300 [DEBUG] [org.gradle.api.internal.artifacts.ivyservice.resolveengine.graph.builder.DependencyGraphBuilder] Visiting configuration org.jetbrains:annotations:13.0(runtime).
2025-04-11T19:52:29.607+0300 [DEBUG] [org.gradle.api.internal.artifacts.ivyservice.resolveengine.oldresult.TransientConfigurationResultsBuilder] Flushing resolved configuration data in Binary store in /home/kxysl1k/.gradle/.tmp/gradle15756921141127752945.bin. Wrote root 2.
2025-04-11T19:52:29.608+0300 [DEBUG] [org.gradle.internal.operations.DefaultBuildOperationRunner] Build operation 'Resolve dependencies of :classpath' completed
2025-04-11T19:52:29.608+0300 [DEBUG] [org.gradle.internal.component.model.LoggingAttributeMatchingExplanationBuilder] Selected match xyz.jpenilla.run-paper:xyz.jpenilla.run-paper.gradle.plugin:2.3.1 configuration runtime from candidates [xyz.jpenilla.run-paper:xyz.jpenilla.run-paper.gradle.plugin:2.3.1 configuration runtime] for {org.gradle.category=library, org.gradle.dependency.bundling=external, org.gradle.jvm.version=17, org.gradle.libraryelements=jar, org.gradle.plugin.api-version=7.6, org.gradle.usage=java-runtime}
2025-04-11T19:52:29.608+0300 [DEBUG] [org.gradle.api.internal.artifacts.ivyservice.ivyresolve.CachingModuleComponentRepository] Detected non-existence of artifact 'xyz.jpenilla.run-paper.gradle.plugin-2.3.1.jar (xyz.jpenilla.run-paper:xyz.jpenilla.run-paper.gradle.plugin:2.3.1)' in resolver cache
2025-04-11T19:52:29.608+0300 [DEBUG] [org.gradle.internal.component.model.LoggingAttributeMatchingExplanationBuilder] Selected match xyz.jpenilla:run-task:2.3.1 variant runtimeElements from candidates [xyz.jpenilla:run-task:2.3.1 variant runtimeElements] for {org.gradle.category=library, org.gradle.dependency.bundling=external, org.gradle.jvm.version=17, org.gradle.libraryelements=jar, org.gradle.plugin.api-version=7.6, org.gradle.usage=java-runtime}
2025-04-11T19:52:29.609+0300 [DEBUG] [org.gradle.internal.component.model.LoggingAttributeMatchingExplanationBuilder] Selected match com.fasterxml.jackson.core:jackson-databind:2.17.2 variant runtimeElements from candidates [com.fasterxml.jackson.core:jackson-databind:2.17.2 variant runtimeElements] for {org.gradle.category=library, org.gradle.dependency.bundling=external, org.gradle.jvm.version=17, org.gradle.libraryelements=jar, org.gradle.plugin.api-version=7.6, org.gradle.usage=java-runtime}
2025-04-11T19:52:29.609+0300 [DEBUG] [org.gradle.internal.component.model.LoggingAttributeMatchingExplanationBuilder] Selected match com.fasterxml.jackson.core:jackson-annotations:2.17.2 variant runtimeElements from candidates [com.fasterxml.jackson.core:jackson-annotations:2.17.2 variant runtimeElements] for {org.gradle.category=library, org.gradle.dependency.bundling=external, org.gradle.jvm.version=17, org.gradle.libraryelements=jar, org.gradle.plugin.api-version=7.6, org.gradle.usage=java-runtime}
2025-04-11T19:52:29.609+0300 [DEBUG] [org.gradle.internal.component.model.LoggingAttributeMatchingExplanationBuilder] Selected match com.fasterxml.jackson.core:jackson-core:2.17.2 variant runtimeElements from candidates [com.fasterxml.jackson.core:jackson-core:2.17.2 variant runtimeElements] for {org.gradle.category=library, org.gradle.dependency.bundling=external, org.gradle.jvm.version=17, org.gradle.libraryelements=jar, org.gradle.plugin.api-version=7.6, org.gradle.usage=java-runtime}
2025-04-11T19:52:29.609+0300 [DEBUG] [org.gradle.internal.component.model.LoggingAttributeMatchingExplanationBuilder] Selected match com.fasterxml.jackson:jackson-bom:2.17.2 configuration platform-runtime from candidates [com.fasterxml.jackson:jackson-bom:2.17.2 configuration platform-runtime] for {org.gradle.category=platform, org.gradle.dependency.bundling=external, org.gradle.jvm.version=17, org.gradle.libraryelements=jar, org.gradle.plugin.api-version=7.6, org.gradle.usage=java-runtime}
2025-04-11T19:52:29.609+0300 [DEBUG] [org.gradle.internal.component.model.LoggingAttributeMatchingExplanationBuilder] Selected match com.fasterxml.jackson.module:jackson-module-kotlin:2.17.2 variant runtimeElements from candidates [com.fasterxml.jackson.module:jackson-module-kotlin:2.17.2 variant runtimeElements] for {org.gradle.category=library, org.gradle.dependency.bundling=external, org.gradle.jvm.version=17, org.gradle.libraryelements=jar, org.gradle.plugin.api-version=7.6, org.gradle.usage=java-runtime}
2025-04-11T19:52:29.609+0300 [DEBUG] [org.gradle.internal.component.model.LoggingAttributeMatchingExplanationBuilder] Selected match org.jetbrains.kotlin:kotlin-reflect:1.7.22 configuration runtime from candidates [org.jetbrains.kotlin:kotlin-reflect:1.7.22 configuration runtime] for {org.gradle.category=library, org.gradle.dependency.bundling=external, org.gradle.jvm.version=17, org.gradle.libraryelements=jar, org.gradle.plugin.api-version=7.6, org.gradle.usage=java-runtime}
2025-04-11T19:52:29.609+0300 [DEBUG] [org.gradle.internal.component.model.LoggingAttributeMatchingExplanationBuilder] Selected match org.jetbrains.kotlin:kotlin-stdlib:1.7.22 configuration runtime from candidates [org.jetbrains.kotlin:kotlin-stdlib:1.7.22 configuration runtime] for {org.gradle.category=library, org.gradle.dependency.bundling=external, org.gradle.jvm.version=17, org.gradle.libraryelements=jar, org.gradle.plugin.api-version=7.6, org.gradle.usage=java-runtime}
2025-04-11T19:52:29.609+0300 [DEBUG] [org.gradle.internal.component.model.LoggingAttributeMatchingExplanationBuilder] Selected match org.jetbrains.kotlin:kotlin-stdlib-common:1.7.22 configuration runtime from candidates [org.jetbrains.kotlin:kotlin-stdlib-common:1.7.22 configuration runtime] for {org.gradle.category=library, org.gradle.dependency.bundling=external, org.gradle.jvm.version=17, org.gradle.libraryelements=jar, org.gradle.plugin.api-version=7.6, org.gradle.usage=java-runtime}
2025-04-11T19:52:29.609+0300 [DEBUG] [org.gradle.internal.component.model.LoggingAttributeMatchingExplanationBuilder] Selected match org.jetbrains:annotations:13.0 configuration runtime from candidates [org.jetbrains:annotations:13.0 configuration runtime] for {org.gradle.category=library, org.gradle.dependency.bundling=external, org.gradle.jvm.version=17, org.gradle.libraryelements=jar, org.gradle.plugin.api-version=7.6, org.gradle.usage=java-runtime}
2025-04-11T19:52:29.611+0300 [DEBUG] [org.gradle.api.internal.artifacts.ivyservice.ivyresolve.CachingModuleComponentRepository] Found artifact 'org.gradle.internal.component.external.model.UrlBackedArtifactMetadata@655811f3' in resolver cache: /home/kxysl1k/.gradle/caches/modules-2/files-2.1/xyz.jpenilla/run-task/2.3.1/842c864b957fca02473ac7a68045fa4970bc4a5c/run-task-2.3.1.jar
2025-04-11T19:52:29.611+0300 [DEBUG] [org.gradle.api.internal.artifacts.ivyservice.ivyresolve.CachingModuleComponentRepository] Found artifact 'kotlin-stdlib-common-1.7.22.jar (org.jetbrains.kotlin:kotlin-stdlib-common:1.7.22)' in resolver cache: /home/kxysl1k/.gradle/caches/modules-2/files-2.1/org.jetbrains.kotlin/kotlin-stdlib-common/1.7.22/5dd2c9dcf64c94b46cf4bdb6fa4035b9bb726e2e/kotlin-stdlib-common-1.7.22.jar
2025-04-11T19:52:29.611+0300 [DEBUG] [org.gradle.api.internal.artifacts.ivyservice.ivyresolve.CachingModuleComponentRepository] Found artifact 'annotations-13.0.jar (org.jetbrains:annotations:13.0)' in resolver cache: /home/kxysl1k/.gradle/caches/modules-2/files-2.1/org.jetbrains/annotations/13.0/919f0dfe192fb4e063e7dacadee7f8bb9a2672a9/annotations-13.0.jar
2025-04-11T19:52:29.611+0300 [DEBUG] [org.gradle.api.internal.artifacts.ivyservice.ivyresolve.CachingModuleComponentRepository] Found artifact 'org.gradle.internal.component.external.model.UrlBackedArtifactMetadata@3d2fdaf0' in resolver cache: /home/kxysl1k/.gradle/caches/modules-2/files-2.1/com.fasterxml.jackson.core/jackson-annotations/2.17.2/147b7b9412ffff24339f8aba080b292448e08698/jackson-annotations-2.17.2.jar
2025-04-11T19:52:29.611+0300 [DEBUG] [org.gradle.api.internal.artifacts.ivyservice.ivyresolve.CachingModuleComponentRepository] Found artifact 'kotlin-reflect-1.7.22.jar (org.jetbrains.kotlin:kotlin-reflect:1.7.22)' in resolver cache: /home/kxysl1k/.gradle/caches/modules-2/files-2.1/org.jetbrains.kotlin/kotlin-reflect/1.7.22/e61a16c5c838d324529a6aa72dfb88ea98958a29/kotlin-reflect-1.7.22.jar
2025-04-11T19:52:29.611+0300 [DEBUG] [org.gradle.api.internal.artifacts.ivyservice.ivyresolve.CachingModuleComponentRepository] Found artifact 'org.gradle.internal.component.external.model.UrlBackedArtifactMetadata@58b372bd' in resolver cache: /home/kxysl1k/.gradle/caches/modules-2/files-2.1/com.fasterxml.jackson.core/jackson-databind/2.17.2/e6deb029e5901e027c129341fac39e515066b68c/jackson-databind-2.17.2.jar
2025-04-11T19:52:29.611+0300 [DEBUG] [org.gradle.api.internal.artifacts.ivyservice.ivyresolve.CachingModuleComponentRepository] Found artifact 'org.gradle.internal.component.external.model.UrlBackedArtifactMetadata@2dfd088c' in resolver cache: /home/kxysl1k/.gradle/caches/modules-2/files-2.1/com.fasterxml.jackson.module/jackson-module-kotlin/2.17.2/67d4e4ec0538f59a28c92f7fa0b63bd2c8b0ef21/jackson-module-kotlin-2.17.2.jar
2025-04-11T19:52:29.611+0300 [DEBUG] [org.gradle.internal.operations.DefaultBuildOperationRunner] Build operation 'Resolve run-task-2.3.1.jar (xyz.jpenilla:run-task:2.3.1)' completed
2025-04-11T19:52:29.611+0300 [DEBUG] [org.gradle.api.internal.artifacts.ivyservice.ivyresolve.CachingModuleComponentRepository] Found artifact 'kotlin-stdlib-1.7.22.jar (org.jetbrains.kotlin:kotlin-stdlib:1.7.22)' in resolver cache: /home/kxysl1k/.gradle/caches/modules-2/files-2.1/org.jetbrains.kotlin/kotlin-stdlib/1.7.22/9fb43bccb6cf8cfaaf3776c75f5df4f052f09b72/kotlin-stdlib-1.7.22.jar
2025-04-11T19:52:29.611+0300 [DEBUG] [org.gradle.internal.resources.AbstractTrackedResourceLock] Daemon worker Thread 2: released lock on state of build :
2025-04-11T19:52:29.611+0300 [DEBUG] [org.gradle.internal.resources.AbstractTrackedResourceLock] Daemon worker Thread 2: released lock on worker lease
2025-04-11T19:52:29.611+0300 [DEBUG] [org.gradle.api.internal.artifacts.ivyservice.ivyresolve.CachingModuleComponentRepository] Found artifact 'org.gradle.internal.component.external.model.UrlBackedArtifactMetadata@1cd0ada4' in resolver cache: /home/kxysl1k/.gradle/caches/modules-2/files-2.1/com.fasterxml.jackson.core/jackson-core/2.17.2/969a35cb35c86512acbadcdbbbfb044c877db814/jackson-core-2.17.2.jar
2025-04-11T19:52:29.612+0300 [DEBUG] [org.gradle.internal.resources.AbstractTrackedResourceLock] Daemon worker Thread 2: acquired lock on state of build :
2025-04-11T19:52:29.612+0300 [DEBUG] [org.gradle.internal.resources.AbstractTrackedResourceLock] Daemon worker Thread 2: acquired lock on worker lease
2025-04-11T19:52:29.612+0300 [DEBUG] [org.gradle.internal.operations.DefaultBuildOperationRunner] Build operation 'Resolve files of :classpath' completed
2025-04-11T19:52:29.646+0300 [DEBUG] [org.gradle.internal.operations.DefaultBuildOperationRunner] Build operation 'Apply build file 'build.gradle' to root project 'SecureJoin'' completed
2025-04-11T19:52:29.646+0300 [DEBUG] [org.gradle.configuration.project.BuildScriptProcessor] Timing: Running the build script took 0.065 secs
2025-04-11T19:52:29.647+0300 [DEBUG] [org.gradle.internal.operations.DefaultBuildOperationRunner] Build operation 'Notify afterEvaluate listeners of :' completed
2025-04-11T19:52:29.647+0300 [DEBUG] [org.gradle.internal.resources.AbstractTrackedResourceLock] Daemon worker Thread 2: released lock on state of build :
2025-04-11T19:52:29.647+0300 [DEBUG] [org.gradle.internal.operations.DefaultBuildOperationRunner] Completing Build operation 'Configure project :'
2025-04-11T19:52:29.647+0300 [DEBUG] [org.gradle.internal.operations.DefaultBuildOperationRunner] Build operation 'Configure project :' completed
2025-04-11T19:52:29.647+0300 [DEBUG] [org.gradle.internal.operations.DefaultBuildOperationRunner] Completing Build operation 'Configure build'
2025-04-11T19:52:29.647+0300 [DEBUG] [org.gradle.internal.operations.DefaultBuildOperationRunner] Build operation 'Configure build' completed
2025-04-11T19:52:29.649+0300 [ERROR] [org.gradle.internal.buildevents.BuildExceptionReporter]
2025-04-11T19:52:29.649+0300 [ERROR] [org.gradle.internal.buildevents.BuildExceptionReporter] FAILURE: Build failed with an exception.
2025-04-11T19:52:29.649+0300 [ERROR] [org.gradle.internal.buildevents.BuildExceptionReporter]
2025-04-11T19:52:29.649+0300 [ERROR] [org.gradle.internal.buildevents.BuildExceptionReporter] * What went wrong:
2025-04-11T19:52:29.649+0300 [ERROR] [org.gradle.internal.buildevents.BuildExceptionReporter] A problem occurred configuring root project 'SecureJoin'.
2025-04-11T19:52:29.649+0300 [ERROR] [org.gradle.internal.buildevents.BuildExceptionReporter] > java.util.concurrent.ExecutionException: org.gradle.api.GradleException: Failed to create Jar file /home/kxysl1k/.gradle/caches/jars-9/21f503c55fdde83d51a4f784631b641e/jackson-core-2.17.2.jar.
2025-04-11T19:52:29.649+0300 [ERROR] [org.gradle.internal.buildevents.BuildExceptionReporter]
2025-04-11T19:52:29.649+0300 [ERROR] [org.gradle.internal.buildevents.BuildExceptionReporter] * Try:
2025-04-11T19:52:29.649+0300 [ERROR] [org.gradle.internal.buildevents.BuildExceptionReporter] > Run with --scan to get full insights.
2025-04-11T19:52:29.649+0300 [ERROR] [org.gradle.internal.buildevents.BuildExceptionReporter]
2025-04-11T19:52:29.649+0300 [ERROR] [org.gradle.internal.buildevents.BuildExceptionReporter] * Exception is:
2025-04-11T19:52:29.649+0300 [ERROR] [org.gradle.internal.buildevents.BuildExceptionReporter] org.gradle.api.ProjectConfigurationException: A problem occurred configuring root project 'SecureJoin'.
2025-04-11T19:52:29.649+0300 [ERROR] [org.gradle.internal.buildevents.BuildExceptionReporter]   at org.gradle.configuration.project.LifecycleProjectEvaluator.wrapException(LifecycleProjectEvaluator.java:84)
2025-04-11T19:52:29.649+0300 [ERROR] [org.gradle.internal.buildevents.BuildExceptionReporter]   at org.gradle.configuration.project.LifecycleProjectEvaluator.addConfigurationFailure(LifecycleProjectEvaluator.java:77)
2025-04-11T19:52:29.649+0300 [ERROR] [org.gradle.internal.buildevents.BuildExceptionReporter]   at org.gradle.configuration.project.LifecycleProjectEvaluator.access$400(LifecycleProjectEvaluator.java:55)
2025-04-11T19:52:29.649+0300 [ERROR] [org.gradle.internal.buildevents.BuildExceptionReporter]   at org.gradle.configuration.project.LifecycleProjectEvaluator$EvaluateProject.lambda$run$0(LifecycleProjectEvaluator.java:111)
2025-04-11T19:52:29.649+0300 [ERROR] [org.gradle.internal.buildevents.BuildExceptionReporter]   at org.gradle.api.internal.project.DefaultProjectStateRegistry$ProjectStateImpl.lambda$applyToMutableState$0(DefaultProjectStateRegistry.java:360)
2025-04-11T19:52:29.649+0300 [ERROR] [org.gradle.internal.buildevents.BuildExceptionReporter]   at org.gradle.api.internal.project.DefaultProjectStateRegistry$ProjectStateImpl.lambda$fromMutableState$1(DefaultProjectStateRegistry.java:383)
2025-04-11T19:52:29.649+0300 [ERROR] [org.gradle.internal.buildevents.BuildExceptionReporter]   at org.gradle.internal.work.DefaultWorkerLeaseService.withReplacedLocks(DefaultWorkerLeaseService.java:345)
2025-04-11T19:52:29.649+0300 [ERROR] [org.gradle.internal.buildevents.BuildExceptionReporter]   at org.gradle.api.internal.project.DefaultProjectStateRegistry$ProjectStateImpl.fromMutableState(DefaultProjectStateRegistry.java:383)
2025-04-11T19:52:29.649+0300 [ERROR] [org.gradle.internal.buildevents.BuildExceptionReporter]   at org.gradle.api.internal.project.DefaultProjectStateRegistry$ProjectStateImpl.applyToMutableState(DefaultProjectStateRegistry.java:359)
2025-04-11T19:52:29.649+0300 [ERROR] [org.gradle.internal.buildevents.BuildExceptionReporter]   at org.gradle.configuration.project.LifecycleProjectEvaluator$EvaluateProject.run(LifecycleProjectEvaluator.java:100)
2025-04-11T19:52:29.649+0300 [ERROR] [org.gradle.internal.buildevents.BuildExceptionReporter]   at org.gradle.internal.operations.DefaultBuildOperationRunner$1.execute(DefaultBuildOperationRunner.java:29)
2025-04-11T19:52:29.649+0300 [ERROR] [org.gradle.internal.buildevents.BuildExceptionReporter]   at org.gradle.internal.operations.DefaultBuildOperationRunner$1.execute(DefaultBuildOperationRunner.java:26)
2025-04-11T19:52:29.649+0300 [ERROR] [org.gradle.internal.buildevents.BuildExceptionReporter]   at org.gradle.internal.operations.DefaultBuildOperationRunner$2.execute(DefaultBuildOperationRunner.java:66)
2025-04-11T19:52:29.649+0300 [ERROR] [org.gradle.internal.buildevents.BuildExceptionReporter]   at org.gradle.internal.operations.DefaultBuildOperationRunner$2.execute(DefaultBuildOperationRunner.java:59)
2025-04-11T19:52:29.649+0300 [ERROR] [org.gradle.internal.buildevents.BuildExceptionReporter]   at org.gradle.internal.operations.DefaultBuildOperationRunner.execute(DefaultBuildOperationRunner.java:157)
2025-04-11T19:52:29.649+0300 [ERROR] [org.gradle.internal.buildevents.BuildExceptionReporter]   at org.gradle.internal.operations.DefaultBuildOperationRunner.execute(DefaultBuildOperationRunner.java:59)
2025-04-11T19:52:29.649+0300 [ERROR] [org.gradle.internal.buildevents.BuildExceptionReporter]   at org.gradle.internal.operations.DefaultBuildOperationRunner.run(DefaultBuildOperationRunner.java:47)
2025-04-11T19:52:29.649+0300 [ERROR] [org.gradle.internal.buildevents.BuildExceptionReporter]   at org.gradle.internal.operations.DefaultBuildOperationExecutor.run(DefaultBuildOperationExecutor.java:68)
2025-04-11T19:52:29.649+0300 [ERROR] [org.gradle.internal.buildevents.BuildExceptionReporter]   at org.gradle.configuration.project.LifecycleProjectEvaluator.evaluate(LifecycleProjectEvaluator.java:72)
2025-04-11T19:52:29.649+0300 [ERROR] [org.gradle.internal.buildevents.BuildExceptionReporter]   at org.gradle.api.internal.project.DefaultProject.evaluate(DefaultProject.java:762)
2025-04-11T19:52:29.649+0300 [ERROR] [org.gradle.internal.buildevents.BuildExceptionReporter]   at org.gradle.api.internal.project.DefaultProject.evaluate(DefaultProject.java:153)
2025-04-11T19:52:29.649+0300 [ERROR] [org.gradle.internal.buildevents.BuildExceptionReporter]   at org.gradle.api.internal.project.ProjectLifecycleController.lambda$ensureSelfConfigured$1(ProjectLifecycleController.java:63)
2025-04-11T19:52:29.650+0300 [ERROR] [org.gradle.internal.buildevents.BuildExceptionReporter]   at org.gradle.internal.model.StateTransitionController.lambda$doTransition$12(StateTransitionController.java:236)
2025-04-11T19:52:29.650+0300 [ERROR] [org.gradle.internal.buildevents.BuildExceptionReporter]   at org.gradle.internal.model.StateTransitionController.doTransition(StateTransitionController.java:247)
2025-04-11T19:52:29.650+0300 [ERROR] [org.gradle.internal.buildevents.BuildExceptionReporter]   at org.gradle.internal.model.StateTransitionController.doTransition(StateTransitionController.java:235)
2025-04-11T19:52:29.650+0300 [ERROR] [org.gradle.internal.buildevents.BuildExceptionReporter]   at org.gradle.internal.model.StateTransitionController.lambda$maybeTransitionIfNotCurrentlyTransitioning$9(StateTransitionController.java:196)
2025-04-11T19:52:29.650+0300 [ERROR] [org.gradle.internal.buildevents.BuildExceptionReporter]   at org.gradle.internal.work.DefaultSynchronizer.withLock(DefaultSynchronizer.java:34)
2025-04-11T19:52:29.650+0300 [ERROR] [org.gradle.internal.buildevents.BuildExceptionReporter]   at org.gradle.internal.model.StateTransitionController.maybeTransitionIfNotCurrentlyTransitioning(StateTransitionController.java:192)
2025-04-11T19:52:29.650+0300 [ERROR] [org.gradle.internal.buildevents.BuildExceptionReporter]   at org.gradle.api.internal.project.ProjectLifecycleController.ensureSelfConfigured(ProjectLifecycleController.java:63)
2025-04-11T19:52:29.650+0300 [ERROR] [org.gradle.internal.buildevents.BuildExceptionReporter]   at org.gradle.api.internal.project.DefaultProjectStateRegistry$ProjectStateImpl.ensureConfigured(DefaultProjectStateRegistry.java:334)
2025-04-11T19:52:29.650+0300 [ERROR] [org.gradle.internal.buildevents.BuildExceptionReporter]   at org.gradle.execution.TaskPathProjectEvaluator.configure(TaskPathProjectEvaluator.java:33)
2025-04-11T19:52:29.650+0300 [ERROR] [org.gradle.internal.buildevents.BuildExceptionReporter]   at org.gradle.execution.TaskPathProjectEvaluator.configureHierarchy(TaskPathProjectEvaluator.java:47)
2025-04-11T19:52:29.650+0300 [ERROR] [org.gradle.internal.buildevents.BuildExceptionReporter]   at org.gradle.configuration.DefaultProjectsPreparer.prepareProjects(DefaultProjectsPreparer.java:50)
2025-04-11T19:52:29.650+0300 [ERROR] [org.gradle.internal.buildevents.BuildExceptionReporter]   at org.gradle.configuration.BuildTreePreparingProjectsPreparer.prepareProjects(BuildTreePreparingProjectsPreparer.java:64)
2025-04-11T19:52:29.650+0300 [ERROR] [org.gradle.internal.buildevents.BuildExceptionReporter]   at org.gradle.configuration.BuildOperationFiringProjectsPreparer$ConfigureBuild.run(BuildOperationFiringProjectsPreparer.java:52)
2025-04-11T19:52:29.650+0300 [ERROR] [org.gradle.internal.buildevents.BuildExceptionReporter]   at org.gradle.internal.operations.DefaultBuildOperationRunner$1.execute(DefaultBuildOperationRunner.java:29)
2025-04-11T19:52:29.650+0300 [ERROR] [org.gradle.internal.buildevents.BuildExceptionReporter]   at org.gradle.internal.operations.DefaultBuildOperationRunner$1.execute(DefaultBuildOperationRunner.java:26)
2025-04-11T19:52:29.650+0300 [ERROR] [org.gradle.internal.buildevents.BuildExceptionReporter]   at org.gradle.internal.operations.DefaultBuildOperationRunner$2.execute(DefaultBuildOperationRunner.java:66)
2025-04-11T19:52:29.650+0300 [ERROR] [org.gradle.internal.buildevents.BuildExceptionReporter]   at org.gradle.internal.operations.DefaultBuildOperationRunner$2.execute(DefaultBuildOperationRunner.java:59)
2025-04-11T19:52:29.650+0300 [ERROR] [org.gradle.internal.buildevents.BuildExceptionReporter]   at org.gradle.internal.operations.DefaultBuildOperationRunner.execute(DefaultBuildOperationRunner.java:157)
2025-04-11T19:52:29.650+0300 [ERROR] [org.gradle.internal.buildevents.BuildExceptionReporter]   at org.gradle.internal.operations.DefaultBuildOperationRunner.execute(DefaultBuildOperationRunner.java:59)
2025-04-11T19:52:29.650+0300 [ERROR] [org.gradle.internal.buildevents.BuildExceptionReporter]   at org.gradle.internal.operations.DefaultBuildOperationRunner.run(DefaultBuildOperationRunner.java:47)
2025-04-11T19:52:29.650+0300 [ERROR] [org.gradle.internal.buildevents.BuildExceptionReporter]   at org.gradle.internal.operations.DefaultBuildOperationExecutor.run(DefaultBuildOperationExecutor.java:68)
2025-04-11T19:52:29.650+0300 [ERROR] [org.gradle.internal.buildevents.BuildExceptionReporter]   at org.gradle.configuration.BuildOperationFiringProjectsPreparer.prepareProjects(BuildOperationFiringProjectsPreparer.java:40)
2025-04-11T19:52:29.650+0300 [ERROR] [org.gradle.internal.buildevents.BuildExceptionReporter]   at org.gradle.initialization.VintageBuildModelController.lambda$prepareProjects$2(VintageBuildModelController.java:84)
2025-04-11T19:52:29.650+0300 [ERROR] [org.gradle.internal.buildevents.BuildExceptionReporter]   at org.gradle.internal.model.StateTransitionController.lambda$doTransition$12(StateTransitionController.java:236)
2025-04-11T19:52:29.650+0300 [ERROR] [org.gradle.internal.buildevents.BuildExceptionReporter]   at org.gradle.internal.model.StateTransitionController.doTransition(StateTransitionController.java:247)
2025-04-11T19:52:29.650+0300 [ERROR] [org.gradle.internal.buildevents.BuildExceptionReporter]   at org.gradle.internal.model.StateTransitionController.doTransition(StateTransitionController.java:235)
2025-04-11T19:52:29.650+0300 [ERROR] [org.gradle.internal.buildevents.BuildExceptionReporter]   at org.gradle.internal.model.StateTransitionController.lambda$transitionIfNotPreviously$10(StateTransitionController.java:210)
2025-04-11T19:52:29.650+0300 [ERROR] [org.gradle.internal.buildevents.BuildExceptionReporter]   at org.gradle.internal.work.DefaultSynchronizer.withLock(DefaultSynchronizer.java:34)
2025-04-11T19:52:29.650+0300 [ERROR] [org.gradle.internal.buildevents.BuildExceptionReporter]   at org.gradle.internal.model.StateTransitionController.transitionIfNotPreviously(StateTransitionController.java:206)
2025-04-11T19:52:29.650+0300 [ERROR] [org.gradle.internal.buildevents.BuildExceptionReporter]   at org.gradle.initialization.VintageBuildModelController.prepareProjects(VintageBuildModelController.java:84)
2025-04-11T19:52:29.650+0300 [ERROR] [org.gradle.internal.buildevents.BuildExceptionReporter]   at org.gradle.initialization.VintageBuildModelController.prepareToScheduleTasks(VintageBuildModelController.java:71)
2025-04-11T19:52:29.650+0300 [ERROR] [org.gradle.internal.buildevents.BuildExceptionReporter]   at org.gradle.internal.build.DefaultBuildLifecycleController.lambda$prepareToScheduleTasks$2(DefaultBuildLifecycleController.java:129)
2025-04-11T19:52:29.650+0300 [ERROR] [org.gradle.internal.buildevents.BuildExceptionReporter]   at org.gradle.internal.model.StateTransitionController.lambda$doTransition$12(StateTransitionController.java:236)
2025-04-11T19:52:29.650+0300 [ERROR] [org.gradle.internal.buildevents.BuildExceptionReporter]   at org.gradle.internal.model.StateTransitionController.doTransition(StateTransitionController.java:247)
2025-04-11T19:52:29.650+0300 [ERROR] [org.gradle.internal.buildevents.BuildExceptionReporter]   at org.gradle.internal.model.StateTransitionController.doTransition(StateTransitionController.java:235)
2025-04-11T19:52:29.650+0300 [ERROR] [org.gradle.internal.buildevents.BuildExceptionReporter]   at org.gradle.internal.model.StateTransitionController.lambda$maybeTransition$8(StateTransitionController.java:187)
2025-04-11T19:52:29.650+0300 [ERROR] [org.gradle.internal.buildevents.BuildExceptionReporter]   at org.gradle.internal.work.DefaultSynchronizer.withLock(DefaultSynchronizer.java:34)
2025-04-11T19:52:29.650+0300 [ERROR] [org.gradle.internal.buildevents.BuildExceptionReporter]   at org.gradle.internal.model.StateTransitionController.maybeTransition(StateTransitionController.java:183)
2025-04-11T19:52:29.650+0300 [ERROR] [org.gradle.internal.buildevents.BuildExceptionReporter]   at org.gradle.internal.build.DefaultBuildLifecycleController.prepareToScheduleTasks(DefaultBuildLifecycleController.java:127)
2025-04-11T19:52:29.650+0300 [ERROR] [org.gradle.internal.buildevents.BuildExceptionReporter]   at org.gradle.internal.buildtree.DefaultBuildTreeWorkPreparer.scheduleRequestedTasks(DefaultBuildTreeWorkPreparer.java:36)
2025-04-11T19:52:29.650+0300 [ERROR] [org.gradle.internal.buildevents.BuildExceptionReporter]   at org.gradle.internal.buildtree.DefaultBuildTreeLifecycleController.lambda$doScheduleAndRunTasks$3(DefaultBuildTreeLifecycleController.java:96)
2025-04-11T19:52:29.650+0300 [ERROR] [org.gradle.internal.buildevents.BuildExceptionReporter]   at org.gradle.composite.internal.DefaultIncludedBuildTaskGraph.withNewWorkGraph(DefaultIncludedBuildTaskGraph.java:109)
2025-04-11T19:52:29.650+0300 [ERROR] [org.gradle.internal.buildevents.BuildExceptionReporter]   at org.gradle.internal.buildtree.DefaultBuildTreeLifecycleController.doScheduleAndRunTasks(DefaultBuildTreeLifecycleController.java:95)
2025-04-11T19:52:29.650+0300 [ERROR] [org.gradle.internal.buildevents.BuildExceptionReporter]   at org.gradle.internal.buildtree.DefaultBuildTreeLifecycleController.lambda$scheduleAndRunTasks$1(DefaultBuildTreeLifecycleController.java:76)
2025-04-11T19:52:29.650+0300 [ERROR] [org.gradle.internal.buildevents.BuildExceptionReporter]   at org.gradle.internal.buildtree.DefaultBuildTreeLifecycleController.lambda$runBuild$5(DefaultBuildTreeLifecycleController.java:113)
2025-04-11T19:52:29.650+0300 [ERROR] [org.gradle.internal.buildevents.BuildExceptionReporter]   at org.gradle.internal.model.StateTransitionController.lambda$transition$5(StateTransitionController.java:166)
2025-04-11T19:52:29.650+0300 [ERROR] [org.gradle.internal.buildevents.BuildExceptionReporter]   at org.gradle.internal.model.StateTransitionController.doTransition(StateTransitionController.java:247)
2025-04-11T19:52:29.650+0300 [ERROR] [org.gradle.internal.buildevents.BuildExceptionReporter]   at org.gradle.internal.model.StateTransitionController.lambda$transition$6(StateTransitionController.java:166)
2025-04-11T19:52:29.650+0300 [ERROR] [org.gradle.internal.buildevents.BuildExceptionReporter]   at org.gradle.internal.work.DefaultSynchronizer.withLock(DefaultSynchronizer.java:44)
2025-04-11T19:52:29.650+0300 [ERROR] [org.gradle.internal.buildevents.BuildExceptionReporter]   at org.gradle.internal.model.StateTransitionController.transition(StateTransitionController.java:166)
2025-04-11T19:52:29.650+0300 [ERROR] [org.gradle.internal.buildevents.BuildExceptionReporter]   at org.gradle.internal.buildtree.DefaultBuildTreeLifecycleController.runBuild(DefaultBuildTreeLifecycleController.java:110)
2025-04-11T19:52:29.651+0300 [ERROR] [org.gradle.internal.buildevents.BuildExceptionReporter]   at org.gradle.internal.buildtree.DefaultBuildTreeLifecycleController.scheduleAndRunTasks(DefaultBuildTreeLifecycleController.java:76)
2025-04-11T19:52:29.651+0300 [ERROR] [org.gradle.internal.buildevents.BuildExceptionReporter]   at org.gradle.internal.buildtree.DefaultBuildTreeLifecycleController.scheduleAndRunTasks(DefaultBuildTreeLifecycleController.java:71)
2025-04-11T19:52:29.651+0300 [ERROR] [org.gradle.internal.buildevents.BuildExceptionReporter]   at org.gradle.tooling.internal.provider.ExecuteBuildActionRunner.run(ExecuteBuildActionRunner.java:31)
2025-04-11T19:52:29.651+0300 [ERROR] [org.gradle.internal.buildevents.BuildExceptionReporter]   at org.gradle.launcher.exec.ChainingBuildActionRunner.run(ChainingBuildActionRunner.java:35)
2025-04-11T19:52:29.651+0300 [ERROR] [org.gradle.internal.buildevents.BuildExceptionReporter]   at org.gradle.internal.buildtree.ProblemReportingBuildActionRunner.run(ProblemReportingBuildActionRunner.java:49)
2025-04-11T19:52:29.651+0300 [ERROR] [org.gradle.internal.buildevents.BuildExceptionReporter]   at org.gradle.launcher.exec.BuildOutcomeReportingBuildActionRunner.run(BuildOutcomeReportingBuildActionRunner.java:65)
2025-04-11T19:52:29.651+0300 [ERROR] [org.gradle.internal.buildevents.BuildExceptionReporter]   at org.gradle.tooling.internal.provider.FileSystemWatchingBuildActionRunner.run(FileSystemWatchingBuildActionRunner.java:136)
2025-04-11T19:52:29.651+0300 [ERROR] [org.gradle.internal.buildevents.BuildExceptionReporter]   at org.gradle.launcher.exec.BuildCompletionNotifyingBuildActionRunner.run(BuildCompletionNotifyingBuildActionRunner.java:41)
2025-04-11T19:52:29.651+0300 [ERROR] [org.gradle.internal.buildevents.BuildExceptionReporter]   at org.gradle.launcher.exec.RootBuildLifecycleBuildActionExecutor.lambda$execute$0(RootBuildLifecycleBuildActionExecutor.java:40)
2025-04-11T19:52:29.651+0300 [ERROR] [org.gradle.internal.buildevents.BuildExceptionReporter]   at org.gradle.composite.internal.DefaultRootBuildState.run(DefaultRootBuildState.java:122)
2025-04-11T19:52:29.651+0300 [ERROR] [org.gradle.internal.buildevents.BuildExceptionReporter]   at org.gradle.launcher.exec.RootBuildLifecycleBuildActionExecutor.execute(RootBuildLifecycleBuildActionExecutor.java:40)
2025-04-11T19:52:29.651+0300 [ERROR] [org.gradle.internal.buildevents.BuildExceptionReporter]   at org.gradle.internal.buildtree.DefaultBuildTreeContext.execute(DefaultBuildTreeContext.java:40)
2025-04-11T19:52:29.651+0300 [ERROR] [org.gradle.internal.buildevents.BuildExceptionReporter]   at org.gradle.launcher.exec.BuildTreeLifecycleBuildActionExecutor.lambda$execute$0(BuildTreeLifecycleBuildActionExecutor.java:65)
2025-04-11T19:52:29.651+0300 [ERROR] [org.gradle.internal.buildevents.BuildExceptionReporter]   at org.gradle.internal.buildtree.BuildTreeState.run(BuildTreeState.java:53)
2025-04-11T19:52:29.651+0300 [ERROR] [org.gradle.internal.buildevents.BuildExceptionReporter]   at org.gradle.launcher.exec.BuildTreeLifecycleBuildActionExecutor.execute(BuildTreeLifecycleBuildActionExecutor.java:65)
2025-04-11T19:52:29.651+0300 [ERROR] [org.gradle.internal.buildevents.BuildExceptionReporter]   at org.gradle.launcher.exec.RunAsBuildOperationBuildActionExecutor$3.call(RunAsBuildOperationBuildActionExecutor.java:61)
2025-04-11T19:52:29.651+0300 [ERROR] [org.gradle.internal.buildevents.BuildExceptionReporter]   at org.gradle.launcher.exec.RunAsBuildOperationBuildActionExecutor$3.call(RunAsBuildOperationBuildActionExecutor.java:57)
2025-04-11T19:52:29.651+0300 [ERROR] [org.gradle.internal.buildevents.BuildExceptionReporter]   at org.gradle.internal.operations.DefaultBuildOperationRunner$CallableBuildOperationWorker.execute(DefaultBuildOperationRunner.java:204)
2025-04-11T19:52:29.651+0300 [ERROR] [org.gradle.internal.buildevents.BuildExceptionReporter]   at org.gradle.internal.operations.DefaultBuildOperationRunner$CallableBuildOperationWorker.execute(DefaultBuildOperationRunner.java:199)
2025-04-11T19:52:29.651+0300 [ERROR] [org.gradle.internal.buildevents.BuildExceptionReporter]   at org.gradle.internal.operations.DefaultBuildOperationRunner$2.execute(DefaultBuildOperationRunner.java:66)
2025-04-11T19:52:29.651+0300 [ERROR] [org.gradle.internal.buildevents.BuildExceptionReporter]   at org.gradle.internal.operations.DefaultBuildOperationRunner$2.execute(DefaultBuildOperationRunner.java:59)
2025-04-11T19:52:29.651+0300 [ERROR] [org.gradle.internal.buildevents.BuildExceptionReporter]   at org.gradle.internal.operations.DefaultBuildOperationRunner.execute(DefaultBuildOperationRunner.java:157)
2025-04-11T19:52:29.651+0300 [ERROR] [org.gradle.internal.buildevents.BuildExceptionReporter]   at org.gradle.internal.operations.DefaultBuildOperationRunner.execute(DefaultBuildOperationRunner.java:59)
2025-04-11T19:52:29.651+0300 [ERROR] [org.gradle.internal.buildevents.BuildExceptionReporter]   at org.gradle.internal.operations.DefaultBuildOperationRunner.call(DefaultBuildOperationRunner.java:53)
2025-04-11T19:52:29.651+0300 [ERROR] [org.gradle.internal.buildevents.BuildExceptionReporter]   at org.gradle.internal.operations.DefaultBuildOperationExecutor.call(DefaultBuildOperationExecutor.java:73)
2025-04-11T19:52:29.651+0300 [ERROR] [org.gradle.internal.buildevents.BuildExceptionReporter]   at org.gradle.launcher.exec.RunAsBuildOperationBuildActionExecutor.execute(RunAsBuildOperationBuildActionExecutor.java:57)
2025-04-11T19:52:29.651+0300 [ERROR] [org.gradle.internal.buildevents.BuildExceptionReporter]   at org.gradle.launcher.exec.RunAsWorkerThreadBuildActionExecutor.lambda$execute$0(RunAsWorkerThreadBuildActionExecutor.java:36)
2025-04-11T19:52:29.651+0300 [ERROR] [org.gradle.internal.buildevents.BuildExceptionReporter]   at org.gradle.internal.work.DefaultWorkerLeaseService.withLocks(DefaultWorkerLeaseService.java:249)
2025-04-11T19:52:29.651+0300 [ERROR] [org.gradle.internal.buildevents.BuildExceptionReporter]   at org.gradle.internal.work.DefaultWorkerLeaseService.runAsWorkerThread(DefaultWorkerLeaseService.java:109)
2025-04-11T19:52:29.651+0300 [ERROR] [org.gradle.internal.buildevents.BuildExceptionReporter]   at org.gradle.launcher.exec.RunAsWorkerThreadBuildActionExecutor.execute(RunAsWorkerThreadBuildActionExecutor.java:36)
2025-04-11T19:52:29.651+0300 [ERROR] [org.gradle.internal.buildevents.BuildExceptionReporter]   at org.gradle.tooling.internal.provider.continuous.ContinuousBuildActionExecutor.execute(ContinuousBuildActionExecutor.java:110)
2025-04-11T19:52:29.651+0300 [ERROR] [org.gradle.internal.buildevents.BuildExceptionReporter]   at org.gradle.tooling.internal.provider.SubscribableBuildActionExecutor.execute(SubscribableBuildActionExecutor.java:64)
2025-04-11T19:52:29.651+0300 [ERROR] [org.gradle.internal.buildevents.BuildExceptionReporter]   at org.gradle.internal.session.DefaultBuildSessionContext.execute(DefaultBuildSessionContext.java:46)
2025-04-11T19:52:29.651+0300 [ERROR] [org.gradle.internal.buildevents.BuildExceptionReporter]   at org.gradle.tooling.internal.provider.BuildSessionLifecycleBuildActionExecuter$ActionImpl.apply(BuildSessionLifecycleBuildActionExecuter.java:100)
2025-04-11T19:52:29.651+0300 [ERROR] [org.gradle.internal.buildevents.BuildExceptionReporter]   at org.gradle.tooling.internal.provider.BuildSessionLifecycleBuildActionExecuter$ActionImpl.apply(BuildSessionLifecycleBuildActionExecuter.java:88)
2025-04-11T19:52:29.651+0300 [ERROR] [org.gradle.internal.buildevents.BuildExceptionReporter]   at org.gradle.internal.session.BuildSessionState.run(BuildSessionState.java:69)
2025-04-11T19:52:29.651+0300 [ERROR] [org.gradle.internal.buildevents.BuildExceptionReporter]   at org.gradle.tooling.internal.provider.BuildSessionLifecycleBuildActionExecuter.execute(BuildSessionLifecycleBuildActionExecuter.java:62)
2025-04-11T19:52:29.651+0300 [ERROR] [org.gradle.internal.buildevents.BuildExceptionReporter]   at org.gradle.tooling.internal.provider.BuildSessionLifecycleBuildActionExecuter.execute(BuildSessionLifecycleBuildActionExecuter.java:41)
2025-04-11T19:52:29.651+0300 [ERROR] [org.gradle.internal.buildevents.BuildExceptionReporter]   at org.gradle.tooling.internal.provider.StartParamsValidatingActionExecuter.execute(StartParamsValidatingActionExecuter.java:63)
2025-04-11T19:52:29.651+0300 [ERROR] [org.gradle.internal.buildevents.BuildExceptionReporter]   at org.gradle.tooling.internal.provider.StartParamsValidatingActionExecuter.execute(StartParamsValidatingActionExecuter.java:31)
2025-04-11T19:52:29.651+0300 [ERROR] [org.gradle.internal.buildevents.BuildExceptionReporter]   at org.gradle.tooling.internal.provider.SessionFailureReportingActionExecuter.execute(SessionFailureReportingActionExecuter.java:52)
2025-04-11T19:52:29.651+0300 [ERROR] [org.gradle.internal.buildevents.BuildExceptionReporter]   at org.gradle.tooling.internal.provider.SessionFailureReportingActionExecuter.execute(SessionFailureReportingActionExecuter.java:40)
2025-04-11T19:52:29.651+0300 [ERROR] [org.gradle.internal.buildevents.BuildExceptionReporter]   at org.gradle.tooling.internal.provider.SetupLoggingActionExecuter.execute(SetupLoggingActionExecuter.java:47)
2025-04-11T19:52:29.651+0300 [ERROR] [org.gradle.internal.buildevents.BuildExceptionReporter]   at org.gradle.tooling.internal.provider.SetupLoggingActionExecuter.execute(SetupLoggingActionExecuter.java:31)
2025-04-11T19:52:29.651+0300 [ERROR] [org.gradle.internal.buildevents.BuildExceptionReporter]   at org.gradle.launcher.daemon.server.exec.ExecuteBuild.doBuild(ExecuteBuild.java:65)
2025-04-11T19:52:29.651+0300 [ERROR] [org.gradle.internal.buildevents.BuildExceptionReporter]   at org.gradle.launcher.daemon.server.exec.BuildCommandOnly.execute(BuildCommandOnly.java:37)
2025-04-11T19:52:29.651+0300 [ERROR] [org.gradle.internal.buildevents.BuildExceptionReporter]   at org.gradle.launcher.daemon.server.api.DaemonCommandExecution.proceed(DaemonCommandExecution.java:104)
2025-04-11T19:52:29.651+0300 [ERROR] [org.gradle.internal.buildevents.BuildExceptionReporter]   at org.gradle.launcher.daemon.server.exec.WatchForDisconnection.execute(WatchForDisconnection.java:39)
2025-04-11T19:52:29.651+0300 [ERROR] [org.gradle.internal.buildevents.BuildExceptionReporter]   at org.gradle.launcher.daemon.server.api.DaemonCommandExecution.proceed(DaemonCommandExecution.java:104)
2025-04-11T19:52:29.651+0300 [ERROR] [org.gradle.internal.buildevents.BuildExceptionReporter]   at org.gradle.launcher.daemon.server.exec.ResetDeprecationLogger.execute(ResetDeprecationLogger.java:29)
2025-04-11T19:52:29.651+0300 [ERROR] [org.gradle.internal.buildevents.BuildExceptionReporter]   at org.gradle.launcher.daemon.server.api.DaemonCommandExecution.proceed(DaemonCommandExecution.java:104)
2025-04-11T19:52:29.651+0300 [ERROR] [org.gradle.internal.buildevents.BuildExceptionReporter]   at org.gradle.launcher.daemon.server.exec.RequestStopIfSingleUsedDaemon.execute(RequestStopIfSingleUsedDaemon.java:35)
2025-04-11T19:52:29.651+0300 [ERROR] [org.gradle.internal.buildevents.BuildExceptionReporter]   at org.gradle.launcher.daemon.server.api.DaemonCommandExecution.proceed(DaemonCommandExecution.java:104)
2025-04-11T19:52:29.651+0300 [ERROR] [org.gradle.internal.buildevents.BuildExceptionReporter]   at org.gradle.launcher.daemon.server.exec.ForwardClientInput$2.create(ForwardClientInput.java:78)
2025-04-11T19:52:29.651+0300 [ERROR] [org.gradle.internal.buildevents.BuildExceptionReporter]   at org.gradle.launcher.daemon.server.exec.ForwardClientInput$2.create(ForwardClientInput.java:75)
2025-04-11T19:52:29.652+0300 [ERROR] [org.gradle.internal.buildevents.BuildExceptionReporter]   at org.gradle.util.internal.Swapper.swap(Swapper.java:38)
2025-04-11T19:52:29.652+0300 [ERROR] [org.gradle.internal.buildevents.BuildExceptionReporter]   at org.gradle.launcher.daemon.server.exec.ForwardClientInput.execute(ForwardClientInput.java:75)
2025-04-11T19:52:29.652+0300 [ERROR] [org.gradle.internal.buildevents.BuildExceptionReporter]   at org.gradle.launcher.daemon.server.api.DaemonCommandExecution.proceed(DaemonCommandExecution.java:104)
2025-04-11T19:52:29.652+0300 [ERROR] [org.gradle.internal.buildevents.BuildExceptionReporter]   at org.gradle.launcher.daemon.server.exec.LogAndCheckHealth.execute(LogAndCheckHealth.java:55)
2025-04-11T19:52:29.652+0300 [ERROR] [org.gradle.internal.buildevents.BuildExceptionReporter]   at org.gradle.launcher.daemon.server.api.DaemonCommandExecution.proceed(DaemonCommandExecution.java:104)
2025-04-11T19:52:29.652+0300 [ERROR] [org.gradle.internal.buildevents.BuildExceptionReporter]   at org.gradle.launcher.daemon.server.exec.LogToClient.doBuild(LogToClient.java:63)
2025-04-11T19:52:29.652+0300 [ERROR] [org.gradle.internal.buildevents.BuildExceptionReporter]   at org.gradle.launcher.daemon.server.exec.BuildCommandOnly.execute(BuildCommandOnly.java:37)
2025-04-11T19:52:29.652+0300 [ERROR] [org.gradle.internal.buildevents.BuildExceptionReporter]   at org.gradle.launcher.daemon.server.api.DaemonCommandExecution.proceed(DaemonCommandExecution.java:104)
2025-04-11T19:52:29.652+0300 [ERROR] [org.gradle.internal.buildevents.BuildExceptionReporter]   at org.gradle.launcher.daemon.server.exec.EstablishBuildEnvironment.doBuild(EstablishBuildEnvironment.java:84)
2025-04-11T19:52:29.652+0300 [ERROR] [org.gradle.internal.buildevents.BuildExceptionReporter]   at org.gradle.launcher.daemon.server.exec.BuildCommandOnly.execute(BuildCommandOnly.java:37)
2025-04-11T19:52:29.652+0300 [ERROR] [org.gradle.internal.buildevents.BuildExceptionReporter]   at org.gradle.launcher.daemon.server.api.DaemonCommandExecution.proceed(DaemonCommandExecution.java:104)
2025-04-11T19:52:29.652+0300 [ERROR] [org.gradle.internal.buildevents.BuildExceptionReporter]   at org.gradle.launcher.daemon.server.exec.StartBuildOrRespondWithBusy$1.run(StartBuildOrRespondWithBusy.java:52)
2025-04-11T19:52:29.652+0300 [ERROR] [org.gradle.internal.buildevents.BuildExceptionReporter]   at org.gradle.launcher.daemon.server.DaemonStateCoordinator$1.run(DaemonStateCoordinator.java:297)
2025-04-11T19:52:29.652+0300 [ERROR] [org.gradle.internal.buildevents.BuildExceptionReporter]   at org.gradle.internal.concurrent.ExecutorPolicy$CatchAndRecordFailures.onExecute(ExecutorPolicy.java:64)
2025-04-11T19:52:29.652+0300 [ERROR] [org.gradle.internal.buildevents.BuildExceptionReporter]   at org.gradle.internal.concurrent.ManagedExecutorImpl$1.run(ManagedExecutorImpl.java:49)
2025-04-11T19:52:29.652+0300 [ERROR] [org.gradle.internal.buildevents.BuildExceptionReporter] Caused by: org.gradle.internal.UncheckedException: java.util.concurrent.ExecutionException: org.gradle.api.GradleException: Failed to create Jar file /home/kxysl1k/.gradle/caches/jars-9/21f503c55fdde83d51a4f784631b641e/jackson-core-2.17.2.jar.
2025-04-11T19:52:29.652+0300 [ERROR] [org.gradle.internal.buildevents.BuildExceptionReporter]   at org.gradle.internal.UncheckedException.throwAsUncheckedException(UncheckedException.java:68)
2025-04-11T19:52:29.652+0300 [ERROR] [org.gradle.internal.buildevents.BuildExceptionReporter]   at org.gradle.internal.UncheckedException.throwAsUncheckedException(UncheckedException.java:41)
2025-04-11T19:52:29.652+0300 [ERROR] [org.gradle.internal.buildevents.BuildExceptionReporter]   at org.gradle.internal.UncheckedException.unchecked(UncheckedException.java:76)
2025-04-11T19:52:29.652+0300 [ERROR] [org.gradle.internal.buildevents.BuildExceptionReporter]   at org.gradle.internal.classpath.DefaultCachedClasspathTransformer.lambda$transformAll$13(DefaultCachedClasspathTransformer.java:244)
2025-04-11T19:52:29.652+0300 [ERROR] [org.gradle.internal.buildevents.BuildExceptionReporter]   at org.gradle.cache.internal.DefaultCacheAccess.useCache(DefaultCacheAccess.java:220)
2025-04-11T19:52:29.652+0300 [ERROR] [org.gradle.internal.buildevents.BuildExceptionReporter]   at org.gradle.cache.internal.DefaultPersistentDirectoryStore.useCache(DefaultPersistentDirectoryStore.java:198)
2025-04-11T19:52:29.652+0300 [ERROR] [org.gradle.internal.buildevents.BuildExceptionReporter]   at org.gradle.cache.internal.DefaultCacheFactory$ReferenceTrackingCache.useCache(DefaultCacheFactory.java:219)
2025-04-11T19:52:29.652+0300 [ERROR] [org.gradle.internal.buildevents.BuildExceptionReporter]   at org.gradle.internal.classpath.DefaultCachedClasspathTransformer.transformAll(DefaultCachedClasspathTransformer.java:220)
2025-04-11T19:52:29.652+0300 [ERROR] [org.gradle.internal.buildevents.BuildExceptionReporter]   at org.gradle.internal.classpath.DefaultCachedClasspathTransformer.transformFiles(DefaultCachedClasspathTransformer.java:127)
2025-04-11T19:52:29.652+0300 [ERROR] [org.gradle.internal.buildevents.BuildExceptionReporter]   at org.gradle.internal.classpath.DefaultCachedClasspathTransformer.transform(DefaultCachedClasspathTransformer.java:94)
2025-04-11T19:52:29.652+0300 [ERROR] [org.gradle.internal.buildevents.BuildExceptionReporter]   at org.gradle.plugin.use.internal.DefaultPluginRequestApplicator.exportBuildLogicClassPathTo(DefaultPluginRequestApplicator.java:187)
2025-04-11T19:52:29.652+0300 [ERROR] [org.gradle.internal.buildevents.BuildExceptionReporter]   at org.gradle.plugin.use.internal.DefaultPluginRequestApplicator.defineScriptHandlerClassScope(DefaultPluginRequestApplicator.java:177)
2025-04-11T19:52:29.652+0300 [ERROR] [org.gradle.internal.buildevents.BuildExceptionReporter]   at org.gradle.plugin.use.internal.DefaultPluginRequestApplicator.applyPlugins(DefaultPluginRequestApplicator.java:142)
2025-04-11T19:52:29.652+0300 [ERROR] [org.gradle.internal.buildevents.BuildExceptionReporter]   at org.gradle.configuration.DefaultScriptPluginFactory$ScriptPluginImpl.apply(DefaultScriptPluginFactory.java:117)
2025-04-11T19:52:29.652+0300 [ERROR] [org.gradle.internal.buildevents.BuildExceptionReporter]   at org.gradle.configuration.BuildOperationScriptPlugin$1.run(BuildOperationScriptPlugin.java:65)
2025-04-11T19:52:29.652+0300 [ERROR] [org.gradle.internal.buildevents.BuildExceptionReporter]   at org.gradle.internal.operations.DefaultBuildOperationRunner$1.execute(DefaultBuildOperationRunner.java:29)
2025-04-11T19:52:29.652+0300 [ERROR] [org.gradle.internal.buildevents.BuildExceptionReporter]   at org.gradle.internal.operations.DefaultBuildOperationRunner$1.execute(DefaultBuildOperationRunner.java:26)
2025-04-11T19:52:29.652+0300 [ERROR] [org.gradle.internal.buildevents.BuildExceptionReporter]   at org.gradle.internal.operations.DefaultBuildOperationRunner$2.execute(DefaultBuildOperationRunner.java:66)
2025-04-11T19:52:29.652+0300 [ERROR] [org.gradle.internal.buildevents.BuildExceptionReporter]   at org.gradle.internal.operations.DefaultBuildOperationRunner$2.execute(DefaultBuildOperationRunner.java:59)
2025-04-11T19:52:29.652+0300 [ERROR] [org.gradle.internal.buildevents.BuildExceptionReporter]   at org.gradle.internal.operations.DefaultBuildOperationRunner.execute(DefaultBuildOperationRunner.java:157)
2025-04-11T19:52:29.652+0300 [ERROR] [org.gradle.internal.buildevents.BuildExceptionReporter]   at org.gradle.internal.operations.DefaultBuildOperationRunner.execute(DefaultBuildOperationRunner.java:59)
2025-04-11T19:52:29.652+0300 [ERROR] [org.gradle.internal.buildevents.BuildExceptionReporter]   at org.gradle.internal.operations.DefaultBuildOperationRunner.run(DefaultBuildOperationRunner.java:47)
2025-04-11T19:52:29.652+0300 [ERROR] [org.gradle.internal.buildevents.BuildExceptionReporter]   at org.gradle.internal.operations.DefaultBuildOperationExecutor.run(DefaultBuildOperationExecutor.java:68)
2025-04-11T19:52:29.652+0300 [ERROR] [org.gradle.internal.buildevents.BuildExceptionReporter]   at org.gradle.configuration.BuildOperationScriptPlugin.lambda$apply$0(BuildOperationScriptPlugin.java:62)
2025-04-11T19:52:29.652+0300 [ERROR] [org.gradle.internal.buildevents.BuildExceptionReporter]   at org.gradle.configuration.internal.DefaultUserCodeApplicationContext.apply(DefaultUserCodeApplicationContext.java:44)
2025-04-11T19:52:29.652+0300 [ERROR] [org.gradle.internal.buildevents.BuildExceptionReporter]   at org.gradle.configuration.BuildOperationScriptPlugin.apply(BuildOperationScriptPlugin.java:62)
2025-04-11T19:52:29.652+0300 [ERROR] [org.gradle.internal.buildevents.BuildExceptionReporter]   at org.gradle.api.internal.project.DefaultProjectStateRegistry$ProjectStateImpl.lambda$applyToMutableState$0(DefaultProjectStateRegistry.java:360)
2025-04-11T19:52:29.652+0300 [ERROR] [org.gradle.internal.buildevents.BuildExceptionReporter]   at org.gradle.api.internal.project.DefaultProjectStateRegistry$ProjectStateImpl.fromMutableState(DefaultProjectStateRegistry.java:378)
2025-04-11T19:52:29.652+0300 [ERROR] [org.gradle.internal.buildevents.BuildExceptionReporter]   at org.gradle.api.internal.project.DefaultProjectStateRegistry$ProjectStateImpl.applyToMutableState(DefaultProjectStateRegistry.java:359)
2025-04-11T19:52:29.652+0300 [ERROR] [org.gradle.internal.buildevents.BuildExceptionReporter]   at org.gradle.configuration.project.BuildScriptProcessor.execute(BuildScriptProcessor.java:42)
2025-04-11T19:52:29.652+0300 [ERROR] [org.gradle.internal.buildevents.BuildExceptionReporter]   at org.gradle.configuration.project.BuildScriptProcessor.execute(BuildScriptProcessor.java:26)
2025-04-11T19:52:29.652+0300 [ERROR] [org.gradle.internal.buildevents.BuildExceptionReporter]   at org.gradle.configuration.project.ConfigureActionsProjectEvaluator.evaluate(ConfigureActionsProjectEvaluator.java:35)
2025-04-11T19:52:29.652+0300 [ERROR] [org.gradle.internal.buildevents.BuildExceptionReporter]   at org.gradle.configuration.project.LifecycleProjectEvaluator$EvaluateProject.lambda$run$0(LifecycleProjectEvaluator.java:109)
2025-04-11T19:52:29.652+0300 [ERROR] [org.gradle.internal.buildevents.BuildExceptionReporter]   at org.gradle.api.internal.project.DefaultProjectStateRegistry$ProjectStateImpl.lambda$applyToMutableState$0(DefaultProjectStateRegistry.java:360)
2025-04-11T19:52:29.652+0300 [ERROR] [org.gradle.internal.buildevents.BuildExceptionReporter]   at org.gradle.api.internal.project.DefaultProjectStateRegistry$ProjectStateImpl.lambda$fromMutableState$1(DefaultProjectStateRegistry.java:383)
2025-04-11T19:52:29.652+0300 [ERROR] [org.gradle.internal.buildevents.BuildExceptionReporter]   at org.gradle.internal.work.DefaultWorkerLeaseService.withReplacedLocks(DefaultWorkerLeaseService.java:345)
2025-04-11T19:52:29.652+0300 [ERROR] [org.gradle.internal.buildevents.BuildExceptionReporter]   at org.gradle.api.internal.project.DefaultProjectStateRegistry$ProjectStateImpl.fromMutableState(DefaultProjectStateRegistry.java:383)
2025-04-11T19:52:29.653+0300 [ERROR] [org.gradle.internal.buildevents.BuildExceptionReporter]   at org.gradle.api.internal.project.DefaultProjectStateRegistry$ProjectStateImpl.applyToMutableState(DefaultProjectStateRegistry.java:359)
2025-04-11T19:52:29.653+0300 [ERROR] [org.gradle.internal.buildevents.BuildExceptionReporter]   at org.gradle.configuration.project.LifecycleProjectEvaluator$EvaluateProject.run(LifecycleProjectEvaluator.java:100)
2025-04-11T19:52:29.653+0300 [ERROR] [org.gradle.internal.buildevents.BuildExceptionReporter]   at org.gradle.internal.operations.DefaultBuildOperationRunner$1.execute(DefaultBuildOperationRunner.java:29)
2025-04-11T19:52:29.653+0300 [ERROR] [org.gradle.internal.buildevents.BuildExceptionReporter]   at org.gradle.internal.operations.DefaultBuildOperationRunner$1.execute(DefaultBuildOperationRunner.java:26)
2025-04-11T19:52:29.653+0300 [ERROR] [org.gradle.internal.buildevents.BuildExceptionReporter]   at org.gradle.internal.operations.DefaultBuildOperationRunner$2.execute(DefaultBuildOperationRunner.java:66)
2025-04-11T19:52:29.653+0300 [ERROR] [org.gradle.internal.buildevents.BuildExceptionReporter]   at org.gradle.internal.operations.DefaultBuildOperationRunner$2.execute(DefaultBuildOperationRunner.java:59)
2025-04-11T19:52:29.653+0300 [ERROR] [org.gradle.internal.buildevents.BuildExceptionReporter]   at org.gradle.internal.operations.DefaultBuildOperationRunner.execute(DefaultBuildOperationRunner.java:157)
2025-04-11T19:52:29.653+0300 [ERROR] [org.gradle.internal.buildevents.BuildExceptionReporter]   at org.gradle.internal.operations.DefaultBuildOperationRunner.execute(DefaultBuildOperationRunner.java:59)
2025-04-11T19:52:29.653+0300 [ERROR] [org.gradle.internal.buildevents.BuildExceptionReporter]   at org.gradle.internal.operations.DefaultBuildOperationRunner.run(DefaultBuildOperationRunner.java:47)
2025-04-11T19:52:29.653+0300 [ERROR] [org.gradle.internal.buildevents.BuildExceptionReporter]   at org.gradle.internal.operations.DefaultBuildOperationExecutor.run(DefaultBuildOperationExecutor.java:68)
2025-04-11T19:52:29.653+0300 [ERROR] [org.gradle.internal.buildevents.BuildExceptionReporter]   at org.gradle.configuration.project.LifecycleProjectEvaluator.evaluate(LifecycleProjectEvaluator.java:72)
2025-04-11T19:52:29.653+0300 [ERROR] [org.gradle.internal.buildevents.BuildExceptionReporter]   at org.gradle.api.internal.project.DefaultProject.evaluate(DefaultProject.java:762)
2025-04-11T19:52:29.653+0300 [ERROR] [org.gradle.internal.buildevents.BuildExceptionReporter]   at org.gradle.api.internal.project.DefaultProject.evaluate(DefaultProject.java:153)
2025-04-11T19:52:29.653+0300 [ERROR] [org.gradle.internal.buildevents.BuildExceptionReporter]   at org.gradle.api.internal.project.ProjectLifecycleController.lambda$ensureSelfConfigured$1(ProjectLifecycleController.java:63)
2025-04-11T19:52:29.653+0300 [ERROR] [org.gradle.internal.buildevents.BuildExceptionReporter]   at org.gradle.internal.model.StateTransitionController.lambda$doTransition$12(StateTransitionController.java:236)
2025-04-11T19:52:29.653+0300 [ERROR] [org.gradle.internal.buildevents.BuildExceptionReporter]   at org.gradle.internal.model.StateTransitionController.doTransition(StateTransitionController.java:247)
2025-04-11T19:52:29.653+0300 [ERROR] [org.gradle.internal.buildevents.BuildExceptionReporter]   at org.gradle.internal.model.StateTransitionController.doTransition(StateTransitionController.java:235)
2025-04-11T19:52:29.653+0300 [ERROR] [org.gradle.internal.buildevents.BuildExceptionReporter]   at org.gradle.internal.model.StateTransitionController.lambda$maybeTransitionIfNotCurrentlyTransitioning$9(StateTransitionController.java:196)
2025-04-11T19:52:29.653+0300 [ERROR] [org.gradle.internal.buildevents.BuildExceptionReporter]   at org.gradle.internal.work.DefaultSynchronizer.withLock(DefaultSynchronizer.java:34)
2025-04-11T19:52:29.653+0300 [ERROR] [org.gradle.internal.buildevents.BuildExceptionReporter]   at org.gradle.internal.model.StateTransitionController.maybeTransitionIfNotCurrentlyTransitioning(StateTransitionController.java:192)
2025-04-11T19:52:29.653+0300 [ERROR] [org.gradle.internal.buildevents.BuildExceptionReporter]   at org.gradle.api.internal.project.ProjectLifecycleController.ensureSelfConfigured(ProjectLifecycleController.java:63)
2025-04-11T19:52:29.653+0300 [ERROR] [org.gradle.internal.buildevents.BuildExceptionReporter]   at org.gradle.api.internal.project.DefaultProjectStateRegistry$ProjectStateImpl.ensureConfigured(DefaultProjectStateRegistry.java:334)
2025-04-11T19:52:29.653+0300 [ERROR] [org.gradle.internal.buildevents.BuildExceptionReporter]   at org.gradle.execution.TaskPathProjectEvaluator.configure(TaskPathProjectEvaluator.java:33)
2025-04-11T19:52:29.653+0300 [ERROR] [org.gradle.internal.buildevents.BuildExceptionReporter]   at org.gradle.execution.TaskPathProjectEvaluator.configureHierarchy(TaskPathProjectEvaluator.java:47)
2025-04-11T19:52:29.653+0300 [ERROR] [org.gradle.internal.buildevents.BuildExceptionReporter]   at org.gradle.configuration.DefaultProjectsPreparer.prepareProjects(DefaultProjectsPreparer.java:50)
2025-04-11T19:52:29.653+0300 [ERROR] [org.gradle.internal.buildevents.BuildExceptionReporter]   at org.gradle.configuration.BuildTreePreparingProjectsPreparer.prepareProjects(BuildTreePreparingProjectsPreparer.java:64)
2025-04-11T19:52:29.653+0300 [ERROR] [org.gradle.internal.buildevents.BuildExceptionReporter]   at org.gradle.configuration.BuildOperationFiringProjectsPreparer$ConfigureBuild.run(BuildOperationFiringProjectsPreparer.java:52)
2025-04-11T19:52:29.653+0300 [ERROR] [org.gradle.internal.buildevents.BuildExceptionReporter]   at org.gradle.internal.operations.DefaultBuildOperationRunner$1.execute(DefaultBuildOperationRunner.java:29)
2025-04-11T19:52:29.653+0300 [ERROR] [org.gradle.internal.buildevents.BuildExceptionReporter]   at org.gradle.internal.operations.DefaultBuildOperationRunner$1.execute(DefaultBuildOperationRunner.java:26)
2025-04-11T19:52:29.653+0300 [ERROR] [org.gradle.internal.buildevents.BuildExceptionReporter]   at org.gradle.internal.operations.DefaultBuildOperationRunner$2.execute(DefaultBuildOperationRunner.java:66)
2025-04-11T19:52:29.653+0300 [ERROR] [org.gradle.internal.buildevents.BuildExceptionReporter]   at org.gradle.internal.operations.DefaultBuildOperationRunner$2.execute(DefaultBuildOperationRunner.java:59)
2025-04-11T19:52:29.653+0300 [ERROR] [org.gradle.internal.buildevents.BuildExceptionReporter]   at org.gradle.internal.operations.DefaultBuildOperationRunner.execute(DefaultBuildOperationRunner.java:157)
2025-04-11T19:52:29.653+0300 [ERROR] [org.gradle.internal.buildevents.BuildExceptionReporter]   at org.gradle.internal.operations.DefaultBuildOperationRunner.execute(DefaultBuildOperationRunner.java:59)
2025-04-11T19:52:29.653+0300 [ERROR] [org.gradle.internal.buildevents.BuildExceptionReporter]   at org.gradle.internal.operations.DefaultBuildOperationRunner.run(DefaultBuildOperationRunner.java:47)
2025-04-11T19:52:29.653+0300 [ERROR] [org.gradle.internal.buildevents.BuildExceptionReporter]   at org.gradle.internal.operations.DefaultBuildOperationExecutor.run(DefaultBuildOperationExecutor.java:68)
2025-04-11T19:52:29.653+0300 [ERROR] [org.gradle.internal.buildevents.BuildExceptionReporter]   at org.gradle.configuration.BuildOperationFiringProjectsPreparer.prepareProjects(BuildOperationFiringProjectsPreparer.java:40)
2025-04-11T19:52:29.653+0300 [ERROR] [org.gradle.internal.buildevents.BuildExceptionReporter]   at org.gradle.initialization.VintageBuildModelController.lambda$prepareProjects$2(VintageBuildModelController.java:84)
2025-04-11T19:52:29.653+0300 [ERROR] [org.gradle.internal.buildevents.BuildExceptionReporter]   at org.gradle.internal.model.StateTransitionController.lambda$doTransition$12(StateTransitionController.java:236)
2025-04-11T19:52:29.653+0300 [ERROR] [org.gradle.internal.buildevents.BuildExceptionReporter]   at org.gradle.internal.model.StateTransitionController.doTransition(StateTransitionController.java:247)
2025-04-11T19:52:29.653+0300 [ERROR] [org.gradle.internal.buildevents.BuildExceptionReporter]   at org.gradle.internal.model.StateTransitionController.doTransition(StateTransitionController.java:235)
2025-04-11T19:52:29.653+0300 [ERROR] [org.gradle.internal.buildevents.BuildExceptionReporter]   at org.gradle.internal.model.StateTransitionController.lambda$transitionIfNotPreviously$10(StateTransitionController.java:210)
2025-04-11T19:52:29.653+0300 [ERROR] [org.gradle.internal.buildevents.BuildExceptionReporter]   at org.gradle.internal.work.DefaultSynchronizer.withLock(DefaultSynchronizer.java:34)
2025-04-11T19:52:29.653+0300 [ERROR] [org.gradle.internal.buildevents.BuildExceptionReporter]   at org.gradle.internal.model.StateTransitionController.transitionIfNotPreviously(StateTransitionController.java:206)
2025-04-11T19:52:29.653+0300 [ERROR] [org.gradle.internal.buildevents.BuildExceptionReporter]   at org.gradle.initialization.VintageBuildModelController.prepareProjects(VintageBuildModelController.java:84)
2025-04-11T19:52:29.653+0300 [ERROR] [org.gradle.internal.buildevents.BuildExceptionReporter]   at org.gradle.initialization.VintageBuildModelController.prepareToScheduleTasks(VintageBuildModelController.java:71)
2025-04-11T19:52:29.653+0300 [ERROR] [org.gradle.internal.buildevents.BuildExceptionReporter]   at org.gradle.internal.build.DefaultBuildLifecycleController.lambda$prepareToScheduleTasks$2(DefaultBuildLifecycleController.java:129)
2025-04-11T19:52:29.653+0300 [ERROR] [org.gradle.internal.buildevents.BuildExceptionReporter]   at org.gradle.internal.model.StateTransitionController.lambda$doTransition$12(StateTransitionController.java:236)
2025-04-11T19:52:29.653+0300 [ERROR] [org.gradle.internal.buildevents.BuildExceptionReporter]   at org.gradle.internal.model.StateTransitionController.doTransition(StateTransitionController.java:247)
2025-04-11T19:52:29.653+0300 [ERROR] [org.gradle.internal.buildevents.BuildExceptionReporter]   at org.gradle.internal.model.StateTransitionController.doTransition(StateTransitionController.java:235)
2025-04-11T19:52:29.653+0300 [ERROR] [org.gradle.internal.buildevents.BuildExceptionReporter]   at org.gradle.internal.model.StateTransitionController.lambda$maybeTransition$8(StateTransitionController.java:187)
2025-04-11T19:52:29.653+0300 [ERROR] [org.gradle.internal.buildevents.BuildExceptionReporter]   at org.gradle.internal.work.DefaultSynchronizer.withLock(DefaultSynchronizer.java:34)
2025-04-11T19:52:29.653+0300 [ERROR] [org.gradle.internal.buildevents.BuildExceptionReporter]   at org.gradle.internal.model.StateTransitionController.maybeTransition(StateTransitionController.java:183)
2025-04-11T19:52:29.653+0300 [ERROR] [org.gradle.internal.buildevents.BuildExceptionReporter]   at org.gradle.internal.build.DefaultBuildLifecycleController.prepareToScheduleTasks(DefaultBuildLifecycleController.java:127)
2025-04-11T19:52:29.653+0300 [ERROR] [org.gradle.internal.buildevents.BuildExceptionReporter]   at org.gradle.internal.buildtree.DefaultBuildTreeWorkPreparer.scheduleRequestedTasks(DefaultBuildTreeWorkPreparer.java:36)
2025-04-11T19:52:29.654+0300 [ERROR] [org.gradle.internal.buildevents.BuildExceptionReporter]   at org.gradle.internal.buildtree.DefaultBuildTreeLifecycleController.lambda$doScheduleAndRunTasks$3(DefaultBuildTreeLifecycleController.java:96)
2025-04-11T19:52:29.654+0300 [ERROR] [org.gradle.internal.buildevents.BuildExceptionReporter]   at org.gradle.composite.internal.DefaultIncludedBuildTaskGraph.withNewWorkGraph(DefaultIncludedBuildTaskGraph.java:109)
2025-04-11T19:52:29.654+0300 [ERROR] [org.gradle.internal.buildevents.BuildExceptionReporter]   at org.gradle.internal.buildtree.DefaultBuildTreeLifecycleController.doScheduleAndRunTasks(DefaultBuildTreeLifecycleController.java:95)
2025-04-11T19:52:29.654+0300 [ERROR] [org.gradle.internal.buildevents.BuildExceptionReporter]   at org.gradle.internal.buildtree.DefaultBuildTreeLifecycleController.lambda$scheduleAndRunTasks$1(DefaultBuildTreeLifecycleController.java:76)
2025-04-11T19:52:29.654+0300 [ERROR] [org.gradle.internal.buildevents.BuildExceptionReporter]   at org.gradle.internal.buildtree.DefaultBuildTreeLifecycleController.lambda$runBuild$5(DefaultBuildTreeLifecycleController.java:113)
2025-04-11T19:52:29.654+0300 [ERROR] [org.gradle.internal.buildevents.BuildExceptionReporter]   at org.gradle.internal.model.StateTransitionController.lambda$transition$5(StateTransitionController.java:166)
2025-04-11T19:52:29.654+0300 [ERROR] [org.gradle.internal.buildevents.BuildExceptionReporter]   at org.gradle.internal.model.StateTransitionController.doTransition(StateTransitionController.java:247)
2025-04-11T19:52:29.654+0300 [ERROR] [org.gradle.internal.buildevents.BuildExceptionReporter]   at org.gradle.internal.model.StateTransitionController.lambda$transition$6(StateTransitionController.java:166)
2025-04-11T19:52:29.654+0300 [ERROR] [org.gradle.internal.buildevents.BuildExceptionReporter]   at org.gradle.internal.work.DefaultSynchronizer.withLock(DefaultSynchronizer.java:44)
2025-04-11T19:52:29.654+0300 [ERROR] [org.gradle.internal.buildevents.BuildExceptionReporter]   at org.gradle.internal.model.StateTransitionController.transition(StateTransitionController.java:166)
2025-04-11T19:52:29.654+0300 [ERROR] [org.gradle.internal.buildevents.BuildExceptionReporter]   at org.gradle.internal.buildtree.DefaultBuildTreeLifecycleController.runBuild(DefaultBuildTreeLifecycleController.java:110)
2025-04-11T19:52:29.654+0300 [ERROR] [org.gradle.internal.buildevents.BuildExceptionReporter]   at org.gradle.internal.buildtree.DefaultBuildTreeLifecycleController.scheduleAndRunTasks(DefaultBuildTreeLifecycleController.java:76)
2025-04-11T19:52:29.654+0300 [ERROR] [org.gradle.internal.buildevents.BuildExceptionReporter]   at org.gradle.internal.buildtree.DefaultBuildTreeLifecycleController.scheduleAndRunTasks(DefaultBuildTreeLifecycleController.java:71)
2025-04-11T19:52:29.654+0300 [ERROR] [org.gradle.internal.buildevents.BuildExceptionReporter]   at org.gradle.tooling.internal.provider.ExecuteBuildActionRunner.run(ExecuteBuildActionRunner.java:31)
2025-04-11T19:52:29.654+0300 [ERROR] [org.gradle.internal.buildevents.BuildExceptionReporter]   at org.gradle.launcher.exec.ChainingBuildActionRunner.run(ChainingBuildActionRunner.java:35)
2025-04-11T19:52:29.654+0300 [ERROR] [org.gradle.internal.buildevents.BuildExceptionReporter]   at org.gradle.internal.buildtree.ProblemReportingBuildActionRunner.run(ProblemReportingBuildActionRunner.java:49)
2025-04-11T19:52:29.654+0300 [ERROR] [org.gradle.internal.buildevents.BuildExceptionReporter]   at org.gradle.launcher.exec.BuildOutcomeReportingBuildActionRunner.run(BuildOutcomeReportingBuildActionRunner.java:65)
2025-04-11T19:52:29.654+0300 [ERROR] [org.gradle.internal.buildevents.BuildExceptionReporter]   at org.gradle.tooling.internal.provider.FileSystemWatchingBuildActionRunner.run(FileSystemWatchingBuildActionRunner.java:136)
2025-04-11T19:52:29.654+0300 [ERROR] [org.gradle.internal.buildevents.BuildExceptionReporter]   at org.gradle.launcher.exec.BuildCompletionNotifyingBuildActionRunner.run(BuildCompletionNotifyingBuildActionRunner.java:41)
2025-04-11T19:52:29.654+0300 [ERROR] [org.gradle.internal.buildevents.BuildExceptionReporter]   at org.gradle.launcher.exec.RootBuildLifecycleBuildActionExecutor.lambda$execute$0(RootBuildLifecycleBuildActionExecutor.java:40)
2025-04-11T19:52:29.654+0300 [ERROR] [org.gradle.internal.buildevents.BuildExceptionReporter]   at org.gradle.composite.internal.DefaultRootBuildState.run(DefaultRootBuildState.java:122)
2025-04-11T19:52:29.654+0300 [ERROR] [org.gradle.internal.buildevents.BuildExceptionReporter]   at org.gradle.launcher.exec.RootBuildLifecycleBuildActionExecutor.execute(RootBuildLifecycleBuildActionExecutor.java:40)
2025-04-11T19:52:29.654+0300 [ERROR] [org.gradle.internal.buildevents.BuildExceptionReporter]   at org.gradle.internal.buildtree.DefaultBuildTreeContext.execute(DefaultBuildTreeContext.java:40)
2025-04-11T19:52:29.654+0300 [ERROR] [org.gradle.internal.buildevents.BuildExceptionReporter]   at org.gradle.launcher.exec.BuildTreeLifecycleBuildActionExecutor.lambda$execute$0(BuildTreeLifecycleBuildActionExecutor.java:65)
2025-04-11T19:52:29.654+0300 [ERROR] [org.gradle.internal.buildevents.BuildExceptionReporter]   at org.gradle.internal.buildtree.BuildTreeState.run(BuildTreeState.java:53)
2025-04-11T19:52:29.654+0300 [ERROR] [org.gradle.internal.buildevents.BuildExceptionReporter]   at org.gradle.launcher.exec.BuildTreeLifecycleBuildActionExecutor.execute(BuildTreeLifecycleBuildActionExecutor.java:65)
2025-04-11T19:52:29.654+0300 [ERROR] [org.gradle.internal.buildevents.BuildExceptionReporter]   at org.gradle.launcher.exec.RunAsBuildOperationBuildActionExecutor$3.call(RunAsBuildOperationBuildActionExecutor.java:61)
2025-04-11T19:52:29.654+0300 [ERROR] [org.gradle.internal.buildevents.BuildExceptionReporter]   at org.gradle.launcher.exec.RunAsBuildOperationBuildActionExecutor$3.call(RunAsBuildOperationBuildActionExecutor.java:57)
2025-04-11T19:52:29.654+0300 [ERROR] [org.gradle.internal.buildevents.BuildExceptionReporter]   at org.gradle.internal.operations.DefaultBuildOperationRunner$CallableBuildOperationWorker.execute(DefaultBuildOperationRunner.java:204)
2025-04-11T19:52:29.654+0300 [ERROR] [org.gradle.internal.buildevents.BuildExceptionReporter]   at org.gradle.internal.operations.DefaultBuildOperationRunner$CallableBuildOperationWorker.execute(DefaultBuildOperationRunner.java:199)
2025-04-11T19:52:29.654+0300 [ERROR] [org.gradle.internal.buildevents.BuildExceptionReporter]   at org.gradle.internal.operations.DefaultBuildOperationRunner$2.execute(DefaultBuildOperationRunner.java:66)
2025-04-11T19:52:29.654+0300 [ERROR] [org.gradle.internal.buildevents.BuildExceptionReporter]   at org.gradle.internal.operations.DefaultBuildOperationRunner$2.execute(DefaultBuildOperationRunner.java:59)
2025-04-11T19:52:29.654+0300 [ERROR] [org.gradle.internal.buildevents.BuildExceptionReporter]   at org.gradle.internal.operations.DefaultBuildOperationRunner.execute(DefaultBuildOperationRunner.java:157)
2025-04-11T19:52:29.654+0300 [ERROR] [org.gradle.internal.buildevents.BuildExceptionReporter]   at org.gradle.internal.operations.DefaultBuildOperationRunner.execute(DefaultBuildOperationRunner.java:59)
2025-04-11T19:52:29.654+0300 [ERROR] [org.gradle.internal.buildevents.BuildExceptionReporter]   at org.gradle.internal.operations.DefaultBuildOperationRunner.call(DefaultBuildOperationRunner.java:53)
2025-04-11T19:52:29.654+0300 [ERROR] [org.gradle.internal.buildevents.BuildExceptionReporter]   at org.gradle.internal.operations.DefaultBuildOperationExecutor.call(DefaultBuildOperationExecutor.java:73)
2025-04-11T19:52:29.654+0300 [ERROR] [org.gradle.internal.buildevents.BuildExceptionReporter]   at org.gradle.launcher.exec.RunAsBuildOperationBuildActionExecutor.execute(RunAsBuildOperationBuildActionExecutor.java:57)
2025-04-11T19:52:29.654+0300 [ERROR] [org.gradle.internal.buildevents.BuildExceptionReporter]   at org.gradle.launcher.exec.RunAsWorkerThreadBuildActionExecutor.lambda$execute$0(RunAsWorkerThreadBuildActionExecutor.java:36)
2025-04-11T19:52:29.654+0300 [ERROR] [org.gradle.internal.buildevents.BuildExceptionReporter]   at org.gradle.internal.work.DefaultWorkerLeaseService.withLocks(DefaultWorkerLeaseService.java:249)
2025-04-11T19:52:29.654+0300 [ERROR] [org.gradle.internal.buildevents.BuildExceptionReporter]   at org.gradle.internal.work.DefaultWorkerLeaseService.runAsWorkerThread(DefaultWorkerLeaseService.java:109)
2025-04-11T19:52:29.654+0300 [ERROR] [org.gradle.internal.buildevents.BuildExceptionReporter]   at org.gradle.launcher.exec.RunAsWorkerThreadBuildActionExecutor.execute(RunAsWorkerThreadBuildActionExecutor.java:36)
2025-04-11T19:52:29.654+0300 [ERROR] [org.gradle.internal.buildevents.BuildExceptionReporter]   at org.gradle.tooling.internal.provider.continuous.ContinuousBuildActionExecutor.execute(ContinuousBuildActionExecutor.java:110)
2025-04-11T19:52:29.654+0300 [ERROR] [org.gradle.internal.buildevents.BuildExceptionReporter]   at org.gradle.tooling.internal.provider.SubscribableBuildActionExecutor.execute(SubscribableBuildActionExecutor.java:64)
2025-04-11T19:52:29.654+0300 [ERROR] [org.gradle.internal.buildevents.BuildExceptionReporter]   at org.gradle.internal.session.DefaultBuildSessionContext.execute(DefaultBuildSessionContext.java:46)
2025-04-11T19:52:29.654+0300 [ERROR] [org.gradle.internal.buildevents.BuildExceptionReporter]   at org.gradle.tooling.internal.provider.BuildSessionLifecycleBuildActionExecuter$ActionImpl.apply(BuildSessionLifecycleBuildActionExecuter.java:100)
2025-04-11T19:52:29.654+0300 [ERROR] [org.gradle.internal.buildevents.BuildExceptionReporter]   at org.gradle.tooling.internal.provider.BuildSessionLifecycleBuildActionExecuter$ActionImpl.apply(BuildSessionLifecycleBuildActionExecuter.java:88)
2025-04-11T19:52:29.654+0300 [ERROR] [org.gradle.internal.buildevents.BuildExceptionReporter]   at org.gradle.internal.session.BuildSessionState.run(BuildSessionState.java:69)
2025-04-11T19:52:29.654+0300 [ERROR] [org.gradle.internal.buildevents.BuildExceptionReporter]   at org.gradle.tooling.internal.provider.BuildSessionLifecycleBuildActionExecuter.execute(BuildSessionLifecycleBuildActionExecuter.java:62)
2025-04-11T19:52:29.654+0300 [ERROR] [org.gradle.internal.buildevents.BuildExceptionReporter]   at org.gradle.tooling.internal.provider.BuildSessionLifecycleBuildActionExecuter.execute(BuildSessionLifecycleBuildActionExecuter.java:41)
2025-04-11T19:52:29.655+0300 [ERROR] [org.gradle.internal.buildevents.BuildExceptionReporter]   at org.gradle.tooling.internal.provider.StartParamsValidatingActionExecuter.execute(StartParamsValidatingActionExecuter.java:63)
2025-04-11T19:52:29.655+0300 [ERROR] [org.gradle.internal.buildevents.BuildExceptionReporter]   at org.gradle.tooling.internal.provider.StartParamsValidatingActionExecuter.execute(StartParamsValidatingActionExecuter.java:31)
2025-04-11T19:52:29.655+0300 [ERROR] [org.gradle.internal.buildevents.BuildExceptionReporter]   at org.gradle.tooling.internal.provider.SessionFailureReportingActionExecuter.execute(SessionFailureReportingActionExecuter.java:52)
2025-04-11T19:52:29.655+0300 [ERROR] [org.gradle.internal.buildevents.BuildExceptionReporter]   at org.gradle.tooling.internal.provider.SessionFailureReportingActionExecuter.execute(SessionFailureReportingActionExecuter.java:40)
2025-04-11T19:52:29.655+0300 [ERROR] [org.gradle.internal.buildevents.BuildExceptionReporter]   at org.gradle.tooling.internal.provider.SetupLoggingActionExecuter.execute(SetupLoggingActionExecuter.java:47)
2025-04-11T19:52:29.655+0300 [ERROR] [org.gradle.internal.buildevents.BuildExceptionReporter]   at org.gradle.tooling.internal.provider.SetupLoggingActionExecuter.execute(SetupLoggingActionExecuter.java:31)
2025-04-11T19:52:29.655+0300 [ERROR] [org.gradle.internal.buildevents.BuildExceptionReporter]   at org.gradle.launcher.daemon.server.exec.ExecuteBuild.doBuild(ExecuteBuild.java:65)
2025-04-11T19:52:29.655+0300 [ERROR] [org.gradle.internal.buildevents.BuildExceptionReporter]   at org.gradle.launcher.daemon.server.exec.BuildCommandOnly.execute(BuildCommandOnly.java:37)
2025-04-11T19:52:29.655+0300 [ERROR] [org.gradle.internal.buildevents.BuildExceptionReporter]   at org.gradle.launcher.daemon.server.api.DaemonCommandExecution.proceed(DaemonCommandExecution.java:104)
2025-04-11T19:52:29.655+0300 [ERROR] [org.gradle.internal.buildevents.BuildExceptionReporter]   at org.gradle.launcher.daemon.server.exec.WatchForDisconnection.execute(WatchForDisconnection.java:39)
2025-04-11T19:52:29.655+0300 [ERROR] [org.gradle.internal.buildevents.BuildExceptionReporter]   at org.gradle.launcher.daemon.server.api.DaemonCommandExecution.proceed(DaemonCommandExecution.java:104)
2025-04-11T19:52:29.655+0300 [ERROR] [org.gradle.internal.buildevents.BuildExceptionReporter]   at org.gradle.launcher.daemon.server.exec.ResetDeprecationLogger.execute(ResetDeprecationLogger.java:29)
2025-04-11T19:52:29.655+0300 [ERROR] [org.gradle.internal.buildevents.BuildExceptionReporter]   at org.gradle.launcher.daemon.server.api.DaemonCommandExecution.proceed(DaemonCommandExecution.java:104)
2025-04-11T19:52:29.655+0300 [ERROR] [org.gradle.internal.buildevents.BuildExceptionReporter]   at org.gradle.launcher.daemon.server.exec.RequestStopIfSingleUsedDaemon.execute(RequestStopIfSingleUsedDaemon.java:35)
2025-04-11T19:52:29.655+0300 [ERROR] [org.gradle.internal.buildevents.BuildExceptionReporter]   at org.gradle.launcher.daemon.server.api.DaemonCommandExecution.proceed(DaemonCommandExecution.java:104)
2025-04-11T19:52:29.655+0300 [ERROR] [org.gradle.internal.buildevents.BuildExceptionReporter]   at org.gradle.launcher.daemon.server.exec.ForwardClientInput$2.create(ForwardClientInput.java:78)
2025-04-11T19:52:29.655+0300 [ERROR] [org.gradle.internal.buildevents.BuildExceptionReporter]   at org.gradle.launcher.daemon.server.exec.ForwardClientInput$2.create(ForwardClientInput.java:75)
2025-04-11T19:52:29.655+0300 [ERROR] [org.gradle.internal.buildevents.BuildExceptionReporter]   at org.gradle.util.internal.Swapper.swap(Swapper.java:38)
2025-04-11T19:52:29.655+0300 [ERROR] [org.gradle.internal.buildevents.BuildExceptionReporter]   at org.gradle.launcher.daemon.server.exec.ForwardClientInput.execute(ForwardClientInput.java:75)
2025-04-11T19:52:29.655+0300 [ERROR] [org.gradle.internal.buildevents.BuildExceptionReporter]   at org.gradle.launcher.daemon.server.api.DaemonCommandExecution.proceed(DaemonCommandExecution.java:104)
2025-04-11T19:52:29.655+0300 [ERROR] [org.gradle.internal.buildevents.BuildExceptionReporter]   at org.gradle.launcher.daemon.server.exec.LogAndCheckHealth.execute(LogAndCheckHealth.java:55)
2025-04-11T19:52:29.655+0300 [ERROR] [org.gradle.internal.buildevents.BuildExceptionReporter]   at org.gradle.launcher.daemon.server.api.DaemonCommandExecution.proceed(DaemonCommandExecution.java:104)
2025-04-11T19:52:29.655+0300 [ERROR] [org.gradle.internal.buildevents.BuildExceptionReporter]   at org.gradle.launcher.daemon.server.exec.LogToClient.doBuild(LogToClient.java:63)
2025-04-11T19:52:29.655+0300 [ERROR] [org.gradle.internal.buildevents.BuildExceptionReporter]   at org.gradle.launcher.daemon.server.exec.BuildCommandOnly.execute(BuildCommandOnly.java:37)
2025-04-11T19:52:29.655+0300 [ERROR] [org.gradle.internal.buildevents.BuildExceptionReporter]   at org.gradle.launcher.daemon.server.api.DaemonCommandExecution.proceed(DaemonCommandExecution.java:104)
2025-04-11T19:52:29.655+0300 [ERROR] [org.gradle.internal.buildevents.BuildExceptionReporter]   at org.gradle.launcher.daemon.server.exec.EstablishBuildEnvironment.doBuild(EstablishBuildEnvironment.java:84)
2025-04-11T19:52:29.655+0300 [ERROR] [org.gradle.internal.buildevents.BuildExceptionReporter]   at org.gradle.launcher.daemon.server.exec.BuildCommandOnly.execute(BuildCommandOnly.java:37)
2025-04-11T19:52:29.655+0300 [ERROR] [org.gradle.internal.buildevents.BuildExceptionReporter]   at org.gradle.launcher.daemon.server.api.DaemonCommandExecution.proceed(DaemonCommandExecution.java:104)
2025-04-11T19:52:29.655+0300 [ERROR] [org.gradle.internal.buildevents.BuildExceptionReporter]   at org.gradle.launcher.daemon.server.exec.StartBuildOrRespondWithBusy$1.run(StartBuildOrRespondWithBusy.java:52)
2025-04-11T19:52:29.655+0300 [ERROR] [org.gradle.internal.buildevents.BuildExceptionReporter]   at org.gradle.launcher.daemon.server.DaemonStateCoordinator$1.run(DaemonStateCoordinator.java:297)
2025-04-11T19:52:29.655+0300 [ERROR] [org.gradle.internal.buildevents.BuildExceptionReporter]   at org.gradle.internal.concurrent.ExecutorPolicy$CatchAndRecordFailures.onExecute(ExecutorPolicy.java:64)
2025-04-11T19:52:29.655+0300 [ERROR] [org.gradle.internal.buildevents.BuildExceptionReporter]   at org.gradle.internal.concurrent.ManagedExecutorImpl$1.run(ManagedExecutorImpl.java:49)
2025-04-11T19:52:29.655+0300 [ERROR] [org.gradle.internal.buildevents.BuildExceptionReporter] Caused by: java.util.concurrent.ExecutionException: org.gradle.api.GradleException: Failed to create Jar file /home/kxysl1k/.gradle/caches/jars-9/21f503c55fdde83d51a4f784631b641e/jackson-core-2.17.2.jar.
2025-04-11T19:52:29.655+0300 [ERROR] [org.gradle.internal.buildevents.BuildExceptionReporter]   at org.gradle.internal.UncheckedException.unchecked(UncheckedException.java:74)
2025-04-11T19:52:29.655+0300 [ERROR] [org.gradle.internal.buildevents.BuildExceptionReporter]   ... 169 more
2025-04-11T19:52:29.655+0300 [ERROR] [org.gradle.internal.buildevents.BuildExceptionReporter] Caused by: org.gradle.api.GradleException: Failed to create Jar file /home/kxysl1k/.gradle/caches/jars-9/21f503c55fdde83d51a4f784631b641e/jackson-core-2.17.2.jar.
2025-04-11T19:52:29.655+0300 [ERROR] [org.gradle.internal.buildevents.BuildExceptionReporter]   at org.gradle.internal.classpath.ClasspathBuilder.jar(ClasspathBuilder.java:57)
2025-04-11T19:52:29.655+0300 [ERROR] [org.gradle.internal.buildevents.BuildExceptionReporter]   at org.gradle.internal.classpath.InstrumentingClasspathFileTransformer.instrument(InstrumentingClasspathFileTransformer.java:137)
2025-04-11T19:52:29.655+0300 [ERROR] [org.gradle.internal.buildevents.BuildExceptionReporter]   at org.gradle.internal.classpath.InstrumentingClasspathFileTransformer.transform(InstrumentingClasspathFileTransformer.java:132)
2025-04-11T19:52:29.655+0300 [ERROR] [org.gradle.internal.buildevents.BuildExceptionReporter]   at org.gradle.internal.classpath.InstrumentingClasspathFileTransformer.transform(InstrumentingClasspathFileTransformer.java:96)
2025-04-11T19:52:29.655+0300 [ERROR] [org.gradle.internal.buildevents.BuildExceptionReporter]   at org.gradle.internal.classpath.DefaultCachedClasspathTransformer.transformFile(DefaultCachedClasspathTransformer.java:193)
2025-04-11T19:52:29.655+0300 [ERROR] [org.gradle.internal.buildevents.BuildExceptionReporter]   at org.gradle.internal.classpath.DefaultCachedClasspathTransformer.lambda$cachedFile$6(DefaultCachedClasspathTransformer.java:186)
2025-04-11T19:52:29.655+0300 [ERROR] [org.gradle.internal.buildevents.BuildExceptionReporter]   at org.gradle.internal.UncheckedException.unchecked(UncheckedException.java:74)
2025-04-11T19:52:29.655+0300 [ERROR] [org.gradle.internal.buildevents.BuildExceptionReporter]   at org.gradle.internal.classpath.DefaultCachedClasspathTransformer.lambda$transformAll$9(DefaultCachedClasspathTransformer.java:233)
2025-04-11T19:52:29.655+0300 [ERROR] [org.gradle.internal.buildevents.BuildExceptionReporter]   ... 2 more
2025-04-11T19:52:29.655+0300 [ERROR] [org.gradle.internal.buildevents.BuildExceptionReporter] Caused by: java.io.IOException: Failed to process the entry 'META-INF/versions/21/com/fasterxml/jackson/core/io/doubleparser/FastDoubleSwar.class' from '/home/kxysl1k/.gradle/caches/modules-2/files-2.1/com.fasterxml.jackson.core/jackson-core/2.17.2/969a35cb35c86512acbadcdbbbfb044c877db814/jackson-core-2.17.2.jar'
2025-04-11T19:52:29.655+0300 [ERROR] [org.gradle.internal.buildevents.BuildExceptionReporter]   at org.gradle.internal.classpath.InstrumentingClasspathFileTransformer.lambda$visitEntries$1(InstrumentingClasspathFileTransformer.java:161)
2025-04-11T19:52:29.655+0300 [ERROR] [org.gradle.internal.buildevents.BuildExceptionReporter]   at org.gradle.internal.classpath.ClasspathWalker.visitJarContents(ClasspathWalker.java:91)
2025-04-11T19:52:29.655+0300 [ERROR] [org.gradle.internal.buildevents.BuildExceptionReporter]   at org.gradle.internal.classpath.ClasspathWalker.visit(ClasspathWalker.java:55)
2025-04-11T19:52:29.655+0300 [ERROR] [org.gradle.internal.buildevents.BuildExceptionReporter]   at org.gradle.internal.classpath.InstrumentingClasspathFileTransformer.visitEntries(InstrumentingClasspathFileTransformer.java:148)
2025-04-11T19:52:29.655+0300 [ERROR] [org.gradle.internal.buildevents.BuildExceptionReporter]   at org.gradle.internal.classpath.InstrumentingClasspathFileTransformer.lambda$instrument$0(InstrumentingClasspathFileTransformer.java:139)
2025-04-11T19:52:29.655+0300 [ERROR] [org.gradle.internal.buildevents.BuildExceptionReporter]   at org.gradle.internal.classpath.ClasspathBuilder.buildJar(ClasspathBuilder.java:68)
2025-04-11T19:52:29.656+0300 [ERROR] [org.gradle.internal.buildevents.BuildExceptionReporter]   at org.gradle.internal.classpath.ClasspathBuilder.jar(ClasspathBuilder.java:55)
2025-04-11T19:52:29.656+0300 [ERROR] [org.gradle.internal.buildevents.BuildExceptionReporter]   ... 9 more
2025-04-11T19:52:29.656+0300 [ERROR] [org.gradle.internal.buildevents.BuildExceptionReporter] Caused by: java.lang.IllegalArgumentException: Unsupported class file major version 65
2025-04-11T19:52:29.656+0300 [ERROR] [org.gradle.internal.buildevents.BuildExceptionReporter]   at org.objectweb.asm.ClassReader.<init>(ClassReader.java:199)
2025-04-11T19:52:29.656+0300 [ERROR] [org.gradle.internal.buildevents.BuildExceptionReporter]   at org.objectweb.asm.ClassReader.<init>(ClassReader.java:180)
2025-04-11T19:52:29.656+0300 [ERROR] [org.gradle.internal.buildevents.BuildExceptionReporter]   at org.objectweb.asm.ClassReader.<init>(ClassReader.java:166)
2025-04-11T19:52:29.656+0300 [ERROR] [org.gradle.internal.buildevents.BuildExceptionReporter]   at org.gradle.internal.classpath.InstrumentingClasspathFileTransformer.lambda$visitEntries$1(InstrumentingClasspathFileTransformer.java:151)
2025-04-11T19:52:29.656+0300 [ERROR] [org.gradle.internal.buildevents.BuildExceptionReporter]   ... 15 more
2025-04-11T19:52:29.656+0300 [ERROR] [org.gradle.internal.buildevents.BuildExceptionReporter]
2025-04-11T19:52:29.656+0300 [ERROR] [org.gradle.internal.buildevents.BuildExceptionReporter]
2025-04-11T19:52:29.656+0300 [ERROR] [org.gradle.internal.buildevents.BuildExceptionReporter] * Get more help at https://help.gradle.org
2025-04-11T19:52:29.656+0300 [ERROR] [org.gradle.internal.buildevents.BuildResultLogger]
2025-04-11T19:52:29.656+0300 [ERROR] [org.gradle.internal.buildevents.BuildResultLogger] BUILD FAILED in 491ms
2025-04-11T19:52:29.656+0300 [DEBUG] [org.gradle.internal.operations.DefaultBuildOperationRunner] Build operation 'Build finished for file system watching' started
2025-04-11T19:52:29.657+0300 [DEBUG] [org.gradle.internal.operations.DefaultBuildOperationRunner] Completing Build operation 'Build finished for file system watching'
2025-04-11T19:52:29.657+0300 [DEBUG] [org.gradle.internal.operations.DefaultBuildOperationRunner] Build operation 'Build finished for file system watching' completed
2025-04-11T19:52:29.661+0300 [DEBUG] [org.gradle.cache.internal.LockOnDemandCrossProcessCacheAccess] Releasing file lock for cache directory md-supplier (/home/kxysl1k/.gradle/caches/7.6/md-supplier)
2025-04-11T19:52:29.662+0300 [DEBUG] [org.gradle.cache.internal.DefaultFileLockManager] Releasing lock on cache directory md-supplier (/home/kxysl1k/.gradle/caches/7.6/md-supplier).
2025-04-11T19:52:29.668+0300 [DEBUG] [org.gradle.cache.internal.LockOnDemandCrossProcessCacheAccess] Releasing file lock for Build Output Cleanup Cache (/mnt/SFTP-Ker1ch UwU/root/SecureJoin/.gradle/buildOutputCleanup)
2025-04-11T19:52:29.668+0300 [DEBUG] [org.gradle.cache.internal.DefaultFileLockManager] Releasing lock on Build Output Cleanup Cache (/mnt/SFTP-Ker1ch UwU/root/SecureJoin/.gradle/buildOutputCleanup).
2025-04-11T19:52:29.669+0300 [DEBUG] [org.gradle.cache.internal.LockOnDemandCrossProcessCacheAccess] Releasing file lock for cache directory md-rule (/home/kxysl1k/.gradle/caches/7.6/md-rule)
2025-04-11T19:52:29.669+0300 [DEBUG] [org.gradle.cache.internal.DefaultFileLockManager] Releasing lock on cache directory md-rule (/home/kxysl1k/.gradle/caches/7.6/md-rule).
2025-04-11T19:52:29.669+0300 [DEBUG] [org.gradle.api.internal.artifacts.ivyservice.resolveengine.store.CachedStoreFactory] Resolution result cache closed. Cache reads: 0, disk reads: 0 (avg: 0.0 secs, total: 0.0 secs)
2025-04-11T19:52:29.670+0300 [DEBUG] [org.gradle.api.internal.artifacts.ivyservice.resolveengine.store.CachedStoreFactory] Resolution result cache closed. Cache reads: 0, disk reads: 0 (avg: 0.0 secs, total: 0.0 secs)
2025-04-11T19:52:29.670+0300 [DEBUG] [org.gradle.api.internal.artifacts.ivyservice.resolveengine.store.ResolutionResultsStoreFactory] Deleted 2 resolution results binary files in 0.0 secs
2025-04-11T19:52:29.670+0300 [DEBUG] [org.gradle.internal.operations.DefaultBuildOperationRunner] Completing Build operation 'Run build'
2025-04-11T19:52:29.670+0300 [DEBUG] [org.gradle.internal.operations.DefaultBuildOperationRunner] Build operation 'Run build' completed
2025-04-11T19:52:29.670+0300 [DEBUG] [org.gradle.internal.resources.AbstractTrackedResourceLock] Daemon worker Thread 2: released lock on worker lease
2025-04-11T19:52:29.674+0300 [DEBUG] [org.gradle.deployment.internal.DefaultDeploymentRegistry] Stopping 0 deployment handles
2025-04-11T19:52:29.674+0300 [DEBUG] [org.gradle.deployment.internal.DefaultDeploymentRegistry] Stopped deployment handles
2025-04-11T19:52:29.677+0300 [DEBUG] [org.gradle.cache.internal.LockOnDemandCrossProcessCacheAccess] Releasing file lock for checksums cache (/mnt/SFTP-Ker1ch UwU/root/SecureJoin/.gradle/7.6/checksums)
2025-04-11T19:52:29.677+0300 [DEBUG] [org.gradle.cache.internal.DefaultFileLockManager] Releasing lock on checksums cache (/mnt/SFTP-Ker1ch UwU/root/SecureJoin/.gradle/7.6/checksums).
2025-04-11T19:52:29.678+0300 [DEBUG] [org.gradle.cache.internal.LockOnDemandCrossProcessCacheAccess] Releasing file lock for file hash cache (/mnt/SFTP-Ker1ch UwU/root/SecureJoin/.gradle/7.6/fileHashes)
2025-04-11T19:52:29.678+0300 [DEBUG] [org.gradle.cache.internal.DefaultFileLockManager] Releasing lock on file hash cache (/mnt/SFTP-Ker1ch UwU/root/SecureJoin/.gradle/7.6/fileHashes).
2025-04-11T19:52:29.680+0300 [DEBUG] [org.gradle.cache.internal.DefaultPersistentDirectoryStore] VCS Checkout Cache (/mnt/SFTP-Ker1ch UwU/root/SecureJoin/.gradle/vcs-1) has last been fully cleaned up 1 hours ago
2025-04-11T19:52:29.680+0300 [DEBUG] [org.gradle.cache.internal.DefaultCacheAccess] Cache VCS Checkout Cache (/mnt/SFTP-Ker1ch UwU/root/SecureJoin/.gradle/vcs-1) was closed 0 times.
2025-04-11T19:52:29.680+0300 [DEBUG] [org.gradle.cache.internal.DefaultCacheAccess] Cache VCS metadata (/mnt/SFTP-Ker1ch UwU/root/SecureJoin/.gradle/7.6/vcsMetadata) was closed 0 times.
2025-04-11T19:52:29.680+0300 [DEBUG] [org.gradle.cache.internal.LockOnDemandCrossProcessCacheAccess] Releasing file lock for dependencies-accessors (/mnt/SFTP-Ker1ch UwU/root/SecureJoin/.gradle/7.6/dependencies-accessors)
2025-04-11T19:52:29.681+0300 [DEBUG] [org.gradle.cache.internal.DefaultFileLockManager] Releasing lock on dependencies-accessors (/mnt/SFTP-Ker1ch UwU/root/SecureJoin/.gradle/7.6/dependencies-accessors).
2025-04-11T19:52:29.681+0300 [DEBUG] [org.gradle.cache.internal.DefaultPersistentDirectoryStore] dependencies-accessors (/mnt/SFTP-Ker1ch UwU/root/SecureJoin/.gradle/7.6/dependencies-accessors) has last been fully cleaned up 0 hours ago
2025-04-11T19:52:29.692+0300 [DEBUG] [org.gradle.launcher.daemon.server.exec.ExecuteBuild] The daemon has finished executing the build.
2025-04-11T19:52:29.721+0300 [DEBUG] [org.gradle.launcher.daemon.client.DaemonClientInputForwarder] Dispatching close input message: org.gradle.launcher.daemon.protocol.CloseInput@f27ffbf
2025-04-11T19:52:29.721+0300 [DEBUG] [org.gradle.launcher.daemon.client.DaemonClientConnection] thread 18: dispatching class org.gradle.launcher.daemon.protocol.CloseInput
2025-04-11T19:52:29.721+0300 [DEBUG] [org.gradle.launcher.daemon.client.DaemonClient] Received result Success[value=org.gradle.launcher.exec.BuildActionResult@3a4621bd] from daemon DaemonInfo{pid=29870, address=[56811895-2aa4-4c10-8303-4335cece0fe3 port:41495, addresses:[/127.0.0.1]], state=Idle, lastBusy=1744390321878, context=DefaultDaemonContext[uid=d2e989e5-1974-4c68-a35c-46b0b101ec4c,javaHome=/usr/lib/jvm/jdk-17.0.14-oracle-x64,daemonRegistryDir=/home/kxysl1k/.gradle/daemon,pid=29870,idleTimeout=10800000,priority=NORMAL,daemonOpts=--add-opens=java.base/java.util=ALL-UNNAMED,--add-opens=java.base/java.lang=ALL-UNNAMED,--add-opens=java.base/java.lang.invoke=ALL-UNNAMED,--add-opens=java.prefs/java.util.prefs=ALL-UNNAMED,--add-opens=java.base/java.nio.charset=ALL-UNNAMED,--add-opens=java.base/java.net=ALL-UNNAMED,--add-opens=java.base/java.util.concurrent.atomic=ALL-UNNAMED,-XX:MaxMetaspaceSize=256m,-XX:+HeapDumpOnOutOfMemoryError,-Xms256m,-Xmx512m,-Dfile.encoding=UTF-8,-Duser.country=UA,-Duser.language=uk,-Duser.variant]} (build should be done).
2025-04-11T19:52:29.721+0300 [DEBUG] [org.gradle.launcher.daemon.client.DaemonClientConnection] thread 1: dispatching class org.gradle.launcher.daemon.protocol.Finished
2025-04-11T19:52:29.722+0300 [DEBUG] [org.gradle.launcher.daemon.client.DaemonClientConnection] thread 1: connection stop
2025-04-11T19:52:29.723+0300 [LIFECYCLE] [org.gradle.launcher.cli.DebugLoggerWarningAction]
#############################################################################
   WARNING WARNING WARNING WARNING WARNING WARNING WARNING WARNING WARNING

   Debug level logging will leak security sensitive information!

   https://docs.gradle.org/7.6/userguide/logging.html#sec:debug_security
#############################################################################

kxysl1k@Kxysl1k:/mnt/SFTP-Ker1ch UwU/root/SecureJoin$